[2015-10-01 01:33:18,181] INFO Verifying properties (kafka.utils.VerifiableProperties)
[2015-10-01 01:33:18,220] INFO Property broker.id is overridden to 0 (kafka.utils.VerifiableProperties)
[2015-10-01 01:33:18,220] INFO Property log.cleaner.enable is overridden to false (kafka.utils.VerifiableProperties)
[2015-10-01 01:33:18,220] INFO Property log.dirs is overridden to /tmp/kafka-logs (kafka.utils.VerifiableProperties)
[2015-10-01 01:33:18,221] INFO Property log.retention.check.interval.ms is overridden to 300000 (kafka.utils.VerifiableProperties)
[2015-10-01 01:33:18,221] INFO Property log.retention.hours is overridden to 168 (kafka.utils.VerifiableProperties)
[2015-10-01 01:33:18,221] INFO Property log.segment.bytes is overridden to 1073741824 (kafka.utils.VerifiableProperties)
[2015-10-01 01:33:18,221] INFO Property num.io.threads is overridden to 8 (kafka.utils.VerifiableProperties)
[2015-10-01 01:33:18,221] INFO Property num.network.threads is overridden to 3 (kafka.utils.VerifiableProperties)
[2015-10-01 01:33:18,221] INFO Property num.partitions is overridden to 1 (kafka.utils.VerifiableProperties)
[2015-10-01 01:33:18,221] INFO Property num.recovery.threads.per.data.dir is overridden to 1 (kafka.utils.VerifiableProperties)
[2015-10-01 01:33:18,221] INFO Property port is overridden to 9092 (kafka.utils.VerifiableProperties)
[2015-10-01 01:33:18,222] INFO Property socket.receive.buffer.bytes is overridden to 102400 (kafka.utils.VerifiableProperties)
[2015-10-01 01:33:18,222] INFO Property socket.request.max.bytes is overridden to 104857600 (kafka.utils.VerifiableProperties)
[2015-10-01 01:33:18,222] INFO Property socket.send.buffer.bytes is overridden to 102400 (kafka.utils.VerifiableProperties)
[2015-10-01 01:33:18,222] INFO Property zookeeper.connect is overridden to localhost:2181 (kafka.utils.VerifiableProperties)
[2015-10-01 01:33:18,222] INFO Property zookeeper.connection.timeout.ms is overridden to 6000 (kafka.utils.VerifiableProperties)
[2015-10-01 01:33:18,250] INFO [Kafka Server 0], starting (kafka.server.KafkaServer)
[2015-10-01 01:33:18,251] INFO [Kafka Server 0], Connecting to zookeeper on localhost:2181 (kafka.server.KafkaServer)
[2015-10-01 01:33:18,262] INFO Starting ZkClient event thread. (org.I0Itec.zkclient.ZkEventThread)
[2015-10-01 01:33:18,263] INFO Client environment:zookeeper.version=3.4.6-1569965, built on 02/20/2014 09:09 GMT (org.apache.zookeeper.ZooKeeper)
[2015-10-01 01:33:18,263] INFO Client environment:host.name=johnc-VirtualBox (org.apache.zookeeper.ZooKeeper)
[2015-10-01 01:33:18,263] INFO Client environment:java.version=1.7.0_79 (org.apache.zookeeper.ZooKeeper)
[2015-10-01 01:33:18,263] INFO Client environment:java.vendor=Oracle Corporation (org.apache.zookeeper.ZooKeeper)
[2015-10-01 01:33:18,263] INFO Client environment:java.home=/usr/lib/jvm/java-7-openjdk-amd64/jre (org.apache.zookeeper.ZooKeeper)
[2015-10-01 01:33:18,263] INFO Client environment:java.class.path=:/home/johnc/kafka_server/kafka_2.10-0.8.2.0/bin/../core/build/dependant-libs-2.10.4*/*.jar:/home/johnc/kafka_server/kafka_2.10-0.8.2.0/bin/../examples/build/libs//kafka-examples*.jar:/home/johnc/kafka_server/kafka_2.10-0.8.2.0/bin/../contrib/hadoop-consumer/build/libs//kafka-hadoop-consumer*.jar:/home/johnc/kafka_server/kafka_2.10-0.8.2.0/bin/../contrib/hadoop-producer/build/libs//kafka-hadoop-producer*.jar:/home/johnc/kafka_server/kafka_2.10-0.8.2.0/bin/../clients/build/libs/kafka-clients*.jar:/home/johnc/kafka_server/kafka_2.10-0.8.2.0/bin/../libs/jopt-simple-3.2.jar:/home/johnc/kafka_server/kafka_2.10-0.8.2.0/bin/../libs/kafka_2.10-0.8.2.0.jar:/home/johnc/kafka_server/kafka_2.10-0.8.2.0/bin/../libs/kafka_2.10-0.8.2.0-javadoc.jar:/home/johnc/kafka_server/kafka_2.10-0.8.2.0/bin/../libs/kafka_2.10-0.8.2.0-scaladoc.jar:/home/johnc/kafka_server/kafka_2.10-0.8.2.0/bin/../libs/kafka_2.10-0.8.2.0-sources.jar:/home/johnc/kafka_server/kafka_2.10-0.8.2.0/bin/../libs/kafka_2.10-0.8.2.0-test.jar:/home/johnc/kafka_server/kafka_2.10-0.8.2.0/bin/../libs/kafka-clients-0.8.2.0.jar:/home/johnc/kafka_server/kafka_2.10-0.8.2.0/bin/../libs/log4j-1.2.16.jar:/home/johnc/kafka_server/kafka_2.10-0.8.2.0/bin/../libs/lz4-1.2.0.jar:/home/johnc/kafka_server/kafka_2.10-0.8.2.0/bin/../libs/metrics-core-2.2.0.jar:/home/johnc/kafka_server/kafka_2.10-0.8.2.0/bin/../libs/scala-library-2.10.4.jar:/home/johnc/kafka_server/kafka_2.10-0.8.2.0/bin/../libs/slf4j-api-1.7.6.jar:/home/johnc/kafka_server/kafka_2.10-0.8.2.0/bin/../libs/slf4j-log4j12-1.6.1.jar:/home/johnc/kafka_server/kafka_2.10-0.8.2.0/bin/../libs/snappy-java-1.1.1.6.jar:/home/johnc/kafka_server/kafka_2.10-0.8.2.0/bin/../libs/zkclient-0.3.jar:/home/johnc/kafka_server/kafka_2.10-0.8.2.0/bin/../libs/zookeeper-3.4.6.jar:/home/johnc/kafka_server/kafka_2.10-0.8.2.0/bin/../core/build/libs/kafka_2.10*.jar (org.apache.zookeeper.ZooKeeper)
[2015-10-01 01:33:18,263] INFO Client environment:java.library.path=/usr/java/packages/lib/amd64:/usr/lib/x86_64-linux-gnu/jni:/lib/x86_64-linux-gnu:/usr/lib/x86_64-linux-gnu:/usr/lib/jni:/lib:/usr/lib (org.apache.zookeeper.ZooKeeper)
[2015-10-01 01:33:18,263] INFO Client environment:java.io.tmpdir=/tmp (org.apache.zookeeper.ZooKeeper)
[2015-10-01 01:33:18,263] INFO Client environment:java.compiler=<NA> (org.apache.zookeeper.ZooKeeper)
[2015-10-01 01:33:18,263] INFO Client environment:os.name=Linux (org.apache.zookeeper.ZooKeeper)
[2015-10-01 01:33:18,263] INFO Client environment:os.arch=amd64 (org.apache.zookeeper.ZooKeeper)
[2015-10-01 01:33:18,263] INFO Client environment:os.version=3.16.0-30-generic (org.apache.zookeeper.ZooKeeper)
[2015-10-01 01:33:18,263] INFO Client environment:user.name=root (org.apache.zookeeper.ZooKeeper)
[2015-10-01 01:33:18,263] INFO Client environment:user.home=/root (org.apache.zookeeper.ZooKeeper)
[2015-10-01 01:33:18,263] INFO Client environment:user.dir=/home/johnc/kafka_server (org.apache.zookeeper.ZooKeeper)
[2015-10-01 01:33:18,264] INFO Initiating client connection, connectString=localhost:2181 sessionTimeout=6000 watcher=org.I0Itec.zkclient.ZkClient@73d56e70 (org.apache.zookeeper.ZooKeeper)
[2015-10-01 01:33:18,276] INFO Opening socket connection to server localhost/127.0.0.1:2181. Will not attempt to authenticate using SASL (unknown error) (org.apache.zookeeper.ClientCnxn)
[2015-10-01 01:33:18,281] INFO Socket connection established to localhost/127.0.0.1:2181, initiating session (org.apache.zookeeper.ClientCnxn)
[2015-10-01 01:33:18,291] INFO Session establishment complete on server localhost/127.0.0.1:2181, sessionid = 0x15021bf574c0004, negotiated timeout = 6000 (org.apache.zookeeper.ClientCnxn)
[2015-10-01 01:33:18,298] INFO zookeeper state changed (SyncConnected) (org.I0Itec.zkclient.ZkClient)
[2015-10-01 01:33:18,464] INFO Log directory '/tmp/kafka-logs' not found, creating it. (kafka.log.LogManager)
[2015-10-01 01:33:18,468] INFO Loading logs. (kafka.log.LogManager)
[2015-10-01 01:33:18,472] INFO Logs loading complete. (kafka.log.LogManager)
[2015-10-01 01:33:18,472] INFO Starting log cleanup with a period of 300000 ms. (kafka.log.LogManager)
[2015-10-01 01:33:18,474] INFO Starting log flusher with a default period of 9223372036854775807 ms. (kafka.log.LogManager)
[2015-10-01 01:33:18,492] INFO Awaiting socket connections on 0.0.0.0:9092. (kafka.network.Acceptor)
[2015-10-01 01:33:18,498] INFO [Socket Server on Broker 0], Started (kafka.network.SocketServer)
[2015-10-01 01:33:18,551] INFO Will not load MX4J, mx4j-tools.jar is not in the classpath (kafka.utils.Mx4jLoader$)
[2015-10-01 01:33:18,567] INFO 0 successfully elected as leader (kafka.server.ZookeeperLeaderElector)
[2015-10-01 01:33:18,948] INFO New leader is 0 (kafka.server.ZookeeperLeaderElector$LeaderChangeListener)
[2015-10-01 01:33:18,957] INFO Registered broker 0 at path /brokers/ids/0 with address johnc-VirtualBox:9092. (kafka.utils.ZkUtils$)
[2015-10-01 01:33:18,986] INFO [Kafka Server 0], started (kafka.server.KafkaServer)
[2015-10-01 01:33:19,284] INFO Completed load of log us-texas-3.cloud.cisco.com.WORKER-OFFERS-0 with log end offset 0 (kafka.log.Log)
[2015-10-01 01:33:19,292] INFO Created log for partition [us-texas-3.cloud.cisco.com.WORKER-OFFERS,0] in /tmp/kafka-logs with properties {segment.index.bytes -> 10485760, file.delete.delay.ms -> 60000, segment.bytes -> 1073741824, flush.ms -> 9223372036854775807, delete.retention.ms -> 86400000, index.interval.bytes -> 4096, retention.bytes -> -1, min.insync.replicas -> 1, cleanup.policy -> delete, unclean.leader.election.enable -> true, segment.ms -> 604800000, max.message.bytes -> 1000012, flush.messages -> 9223372036854775807, min.cleanable.dirty.ratio -> 0.5, retention.ms -> 604800000, segment.jitter.ms -> 0}. (kafka.log.LogManager)
[2015-10-01 01:33:19,293] WARN Partition [us-texas-3.cloud.cisco.com.WORKER-OFFERS,0] on broker 0: No checkpointed highwatermark is found for partition [us-texas-3.cloud.cisco.com.WORKER-OFFERS,0] (kafka.cluster.Partition)
[2015-10-01 01:33:19,297] INFO Completed load of log us-texas-3.cloud.cisco.com.WORKER-0 with log end offset 0 (kafka.log.Log)
[2015-10-01 01:33:19,299] INFO Created log for partition [us-texas-3.cloud.cisco.com.WORKER,0] in /tmp/kafka-logs with properties {segment.index.bytes -> 10485760, file.delete.delay.ms -> 60000, segment.bytes -> 1073741824, flush.ms -> 9223372036854775807, delete.retention.ms -> 86400000, index.interval.bytes -> 4096, retention.bytes -> -1, min.insync.replicas -> 1, cleanup.policy -> delete, unclean.leader.election.enable -> true, segment.ms -> 604800000, max.message.bytes -> 1000012, flush.messages -> 9223372036854775807, min.cleanable.dirty.ratio -> 0.5, retention.ms -> 604800000, segment.jitter.ms -> 0}. (kafka.log.LogManager)
[2015-10-01 01:33:19,299] WARN Partition [us-texas-3.cloud.cisco.com.WORKER,0] on broker 0: No checkpointed highwatermark is found for partition [us-texas-3.cloud.cisco.com.WORKER,0] (kafka.cluster.Partition)
[2015-10-01 01:33:19,301] INFO Completed load of log us-texas-3.cloud.cisco.com.MANAGER-0 with log end offset 0 (kafka.log.Log)
[2015-10-01 01:33:19,303] INFO Created log for partition [us-texas-3.cloud.cisco.com.MANAGER,0] in /tmp/kafka-logs with properties {segment.index.bytes -> 10485760, file.delete.delay.ms -> 60000, segment.bytes -> 1073741824, flush.ms -> 9223372036854775807, delete.retention.ms -> 86400000, index.interval.bytes -> 4096, retention.bytes -> -1, min.insync.replicas -> 1, cleanup.policy -> delete, unclean.leader.election.enable -> true, segment.ms -> 604800000, max.message.bytes -> 1000012, flush.messages -> 9223372036854775807, min.cleanable.dirty.ratio -> 0.5, retention.ms -> 604800000, segment.jitter.ms -> 0}. (kafka.log.LogManager)
[2015-10-01 01:33:19,303] WARN Partition [us-texas-3.cloud.cisco.com.MANAGER,0] on broker 0: No checkpointed highwatermark is found for partition [us-texas-3.cloud.cisco.com.MANAGER,0] (kafka.cluster.Partition)
[2015-10-01 01:33:19,309] INFO Completed load of log us-texas-3.cloud.cisco.com.WORKER-JOBS-0 with log end offset 0 (kafka.log.Log)
[2015-10-01 01:33:19,310] INFO Created log for partition [us-texas-3.cloud.cisco.com.WORKER-JOBS,0] in /tmp/kafka-logs with properties {segment.index.bytes -> 10485760, file.delete.delay.ms -> 60000, segment.bytes -> 1073741824, flush.ms -> 9223372036854775807, delete.retention.ms -> 86400000, index.interval.bytes -> 4096, retention.bytes -> -1, min.insync.replicas -> 1, cleanup.policy -> delete, unclean.leader.election.enable -> true, segment.ms -> 604800000, max.message.bytes -> 1000012, flush.messages -> 9223372036854775807, min.cleanable.dirty.ratio -> 0.5, retention.ms -> 604800000, segment.jitter.ms -> 0}. (kafka.log.LogManager)
[2015-10-01 01:33:19,310] WARN Partition [us-texas-3.cloud.cisco.com.WORKER-JOBS,0] on broker 0: No checkpointed highwatermark is found for partition [us-texas-3.cloud.cisco.com.WORKER-JOBS,0] (kafka.cluster.Partition)
[2015-10-01 01:33:19,313] INFO Completed load of log us-texas-3.cloud.cisco.com.WORKER.842347577-0 with log end offset 0 (kafka.log.Log)
[2015-10-01 01:33:19,315] INFO Created log for partition [us-texas-3.cloud.cisco.com.WORKER.842347577,0] in /tmp/kafka-logs with properties {segment.index.bytes -> 10485760, file.delete.delay.ms -> 60000, segment.bytes -> 1073741824, flush.ms -> 9223372036854775807, delete.retention.ms -> 86400000, index.interval.bytes -> 4096, retention.bytes -> -1, min.insync.replicas -> 1, cleanup.policy -> delete, unclean.leader.election.enable -> true, segment.ms -> 604800000, max.message.bytes -> 1000012, flush.messages -> 9223372036854775807, min.cleanable.dirty.ratio -> 0.5, retention.ms -> 604800000, segment.jitter.ms -> 0}. (kafka.log.LogManager)
[2015-10-01 01:33:19,315] WARN Partition [us-texas-3.cloud.cisco.com.WORKER.842347577,0] on broker 0: No checkpointed highwatermark is found for partition [us-texas-3.cloud.cisco.com.WORKER.842347577,0] (kafka.cluster.Partition)
[2015-10-01 01:33:19,316] INFO [ReplicaFetcherManager on broker 0] Removed fetcher for partitions  (kafka.server.ReplicaFetcherManager)
[2015-10-01 01:33:19,324] INFO [ReplicaFetcherManager on broker 0] Added fetcher for partitions List() (kafka.server.ReplicaFetcherManager)
[2015-10-01 01:33:19,356] INFO [ReplicaFetcherManager on broker 0] Removed fetcher for partitions [us-texas-3.cloud.cisco.com.MANAGER,0],[us-texas-3.cloud.cisco.com.WORKER-JOBS,0],[us-texas-3.cloud.cisco.com.WORKER-OFFERS,0],[us-texas-3.cloud.cisco.com.WORKER.842347577,0],[us-texas-3.cloud.cisco.com.WORKER,0] (kafka.server.ReplicaFetcherManager)
[2015-10-01 01:33:52,034] INFO Topic creation {"version":1,"partitions":{"0":[0]}} (kafka.admin.AdminUtils$)
[2015-10-01 01:33:52,038] INFO [KafkaApi-0] Auto creation of topic us-texas-3.cloud.cisco.com.WORKER.1714447670 with 1 partitions and replication factor 1 is successful! (kafka.server.KafkaApis)
[2015-10-01 01:33:52,094] INFO [ReplicaFetcherManager on broker 0] Removed fetcher for partitions [us-texas-3.cloud.cisco.com.WORKER.1714447670,0] (kafka.server.ReplicaFetcherManager)
[2015-10-01 01:33:52,102] INFO Completed load of log us-texas-3.cloud.cisco.com.WORKER.1714447670-0 with log end offset 0 (kafka.log.Log)
[2015-10-01 01:33:52,112] INFO Created log for partition [us-texas-3.cloud.cisco.com.WORKER.1714447670,0] in /tmp/kafka-logs with properties {segment.index.bytes -> 10485760, file.delete.delay.ms -> 60000, segment.bytes -> 1073741824, flush.ms -> 9223372036854775807, delete.retention.ms -> 86400000, index.interval.bytes -> 4096, retention.bytes -> -1, min.insync.replicas -> 1, cleanup.policy -> delete, unclean.leader.election.enable -> true, segment.ms -> 604800000, max.message.bytes -> 1000012, flush.messages -> 9223372036854775807, min.cleanable.dirty.ratio -> 0.5, retention.ms -> 604800000, segment.jitter.ms -> 0}. (kafka.log.LogManager)
[2015-10-01 01:33:52,118] WARN Partition [us-texas-3.cloud.cisco.com.WORKER.1714447670,0] on broker 0: No checkpointed highwatermark is found for partition [us-texas-3.cloud.cisco.com.WORKER.1714447670,0] (kafka.cluster.Partition)
[2015-10-01 01:34:45,715] INFO Closing socket connection to /192.168.56.105. (kafka.network.Processor)
[2015-10-01 01:34:45,715] INFO Closing socket connection to /192.168.56.105. (kafka.network.Processor)
[2015-10-01 01:34:47,274] INFO Closing socket connection to /192.168.56.105. (kafka.network.Processor)
[2015-10-01 01:34:47,274] INFO Closing socket connection to /192.168.56.105. (kafka.network.Processor)
[2015-10-01 01:34:47,274] INFO Closing socket connection to /192.168.56.105. (kafka.network.Processor)
[2015-10-01 01:34:47,274] INFO Closing socket connection to /192.168.56.105. (kafka.network.Processor)
[2015-10-01 01:34:47,275] INFO Closing socket connection to /192.168.56.105. (kafka.network.Processor)
[2015-10-01 01:34:47,275] INFO Closing socket connection to /192.168.56.105. (kafka.network.Processor)
[2015-10-01 01:34:47,492] INFO Closing socket connection to /192.168.56.105. (kafka.network.Processor)
[2015-10-01 01:34:47,514] INFO Closing socket connection to /192.168.56.105. (kafka.network.Processor)
[2015-10-01 01:34:47,515] INFO Closing socket connection to /192.168.56.105. (kafka.network.Processor)
[2015-10-01 01:35:07,576] INFO Topic creation {"version":1,"partitions":{"0":[0]}} (kafka.admin.AdminUtils$)
[2015-10-01 01:35:07,582] INFO [KafkaApi-0] Auto creation of topic us-texas-3.cloud.cisco.com.WORKER.862347569 with 1 partitions and replication factor 1 is successful! (kafka.server.KafkaApis)
[2015-10-01 01:35:07,642] INFO [ReplicaFetcherManager on broker 0] Removed fetcher for partitions [us-texas-3.cloud.cisco.com.WORKER.862347569,0] (kafka.server.ReplicaFetcherManager)
[2015-10-01 01:35:07,646] INFO Completed load of log us-texas-3.cloud.cisco.com.WORKER.862347569-0 with log end offset 0 (kafka.log.Log)
[2015-10-01 01:35:07,650] INFO Created log for partition [us-texas-3.cloud.cisco.com.WORKER.862347569,0] in /tmp/kafka-logs with properties {segment.index.bytes -> 10485760, file.delete.delay.ms -> 60000, segment.bytes -> 1073741824, flush.ms -> 9223372036854775807, delete.retention.ms -> 86400000, index.interval.bytes -> 4096, retention.bytes -> -1, min.insync.replicas -> 1, cleanup.policy -> delete, unclean.leader.election.enable -> true, segment.ms -> 604800000, max.message.bytes -> 1000012, flush.messages -> 9223372036854775807, min.cleanable.dirty.ratio -> 0.5, retention.ms -> 604800000, segment.jitter.ms -> 0}. (kafka.log.LogManager)
[2015-10-01 01:35:07,651] WARN Partition [us-texas-3.cloud.cisco.com.WORKER.862347569,0] on broker 0: No checkpointed highwatermark is found for partition [us-texas-3.cloud.cisco.com.WORKER.862347569,0] (kafka.cluster.Partition)
[2015-10-01 01:36:07,114] INFO Closing socket connection to /192.168.56.105. (kafka.network.Processor)
[2015-10-01 01:36:07,115] INFO Closing socket connection to /192.168.56.105. (kafka.network.Processor)
[2015-10-01 01:36:54,645] INFO Closing socket connection to /192.168.56.105. (kafka.network.Processor)
[2015-10-01 01:36:54,646] INFO Closing socket connection to /192.168.56.105. (kafka.network.Processor)
[2015-10-01 01:36:54,646] INFO Closing socket connection to /192.168.56.105. (kafka.network.Processor)
[2015-10-01 01:36:54,646] INFO Closing socket connection to /192.168.56.105. (kafka.network.Processor)
[2015-10-01 01:36:54,646] INFO Closing socket connection to /192.168.56.105. (kafka.network.Processor)
[2015-10-01 01:36:54,647] INFO Closing socket connection to /192.168.56.105. (kafka.network.Processor)
[2015-10-01 01:37:04,361] INFO Closing socket connection to /192.168.56.105. (kafka.network.Processor)
[2015-10-01 01:37:04,362] INFO Closing socket connection to /192.168.56.105. (kafka.network.Processor)
[2015-10-01 01:37:04,362] INFO Closing socket connection to /192.168.56.105. (kafka.network.Processor)
[2015-10-01 01:37:04,362] INFO Closing socket connection to /192.168.56.105. (kafka.network.Processor)
[2015-10-01 01:37:04,363] INFO Closing socket connection to /192.168.56.105. (kafka.network.Processor)
[2015-10-01 01:37:04,363] INFO Closing socket connection to /192.168.56.105. (kafka.network.Processor)
[2015-10-01 01:37:04,499] INFO Closing socket connection to /192.168.56.105. (kafka.network.Processor)
[2015-10-01 01:37:04,500] INFO Closing socket connection to /192.168.56.105. (kafka.network.Processor)
[2015-10-01 01:37:04,501] INFO Closing socket connection to /192.168.56.105. (kafka.network.Processor)
[2015-10-01 01:38:13,636] INFO Topic creation {"version":1,"partitions":{"0":[0]}} (kafka.admin.AdminUtils$)
[2015-10-01 01:38:13,649] INFO [KafkaApi-0] Auto creation of topic us-texas-3.cloud.cisco.com.WORKER.1647862837 with 1 partitions and replication factor 1 is successful! (kafka.server.KafkaApis)
[2015-10-01 01:38:13,695] INFO [ReplicaFetcherManager on broker 0] Removed fetcher for partitions [us-texas-3.cloud.cisco.com.WORKER.1647862837,0] (kafka.server.ReplicaFetcherManager)
[2015-10-01 01:38:13,700] INFO Completed load of log us-texas-3.cloud.cisco.com.WORKER.1647862837-0 with log end offset 0 (kafka.log.Log)
[2015-10-01 01:38:13,703] INFO Created log for partition [us-texas-3.cloud.cisco.com.WORKER.1647862837,0] in /tmp/kafka-logs with properties {segment.index.bytes -> 10485760, file.delete.delay.ms -> 60000, segment.bytes -> 1073741824, flush.ms -> 9223372036854775807, delete.retention.ms -> 86400000, index.interval.bytes -> 4096, retention.bytes -> -1, min.insync.replicas -> 1, cleanup.policy -> delete, unclean.leader.election.enable -> true, segment.ms -> 604800000, max.message.bytes -> 1000012, flush.messages -> 9223372036854775807, min.cleanable.dirty.ratio -> 0.5, retention.ms -> 604800000, segment.jitter.ms -> 0}. (kafka.log.LogManager)
[2015-10-01 01:38:13,706] WARN Partition [us-texas-3.cloud.cisco.com.WORKER.1647862837,0] on broker 0: No checkpointed highwatermark is found for partition [us-texas-3.cloud.cisco.com.WORKER.1647862837,0] (kafka.cluster.Partition)
[2015-10-01 01:49:17,357] INFO Closing socket connection to /192.168.56.105. (kafka.network.Processor)
[2015-10-01 01:49:17,357] INFO Closing socket connection to /192.168.56.105. (kafka.network.Processor)
[2015-10-01 01:49:17,357] INFO Closing socket connection to /192.168.56.105. (kafka.network.Processor)
[2015-10-01 01:49:17,357] INFO Closing socket connection to /192.168.56.105. (kafka.network.Processor)
[2015-10-01 01:49:17,358] INFO Closing socket connection to /192.168.56.105. (kafka.network.Processor)
[2015-10-01 01:49:17,358] INFO Closing socket connection to /192.168.56.105. (kafka.network.Processor)
[2015-10-01 01:49:27,890] INFO Closing socket connection to /192.168.56.105. (kafka.network.Processor)
[2015-10-01 01:49:27,890] INFO Closing socket connection to /192.168.56.105. (kafka.network.Processor)
[2015-10-01 01:49:27,891] INFO Closing socket connection to /192.168.56.105. (kafka.network.Processor)
[2015-10-01 01:49:27,891] INFO Closing socket connection to /192.168.56.105. (kafka.network.Processor)
[2015-10-01 01:49:28,019] INFO Closing socket connection to /192.168.56.105. (kafka.network.Processor)
[2015-10-01 01:49:28,134] INFO Closing socket connection to /192.168.56.105. (kafka.network.Processor)
[2015-10-01 01:49:28,134] INFO Closing socket connection to /192.168.56.105. (kafka.network.Processor)
[2015-10-01 01:53:53,590] INFO Topic creation {"version":1,"partitions":{"0":[0]}} (kafka.admin.AdminUtils$)
[2015-10-01 01:53:53,592] INFO [KafkaApi-0] Auto creation of topic us-texas-3.cloud.cisco.com.WORKER.1680946019 with 1 partitions and replication factor 1 is successful! (kafka.server.KafkaApis)
[2015-10-01 01:53:53,941] INFO [ReplicaFetcherManager on broker 0] Removed fetcher for partitions [us-texas-3.cloud.cisco.com.WORKER.1680946019,0] (kafka.server.ReplicaFetcherManager)
[2015-10-01 01:53:53,944] INFO Completed load of log us-texas-3.cloud.cisco.com.WORKER.1680946019-0 with log end offset 0 (kafka.log.Log)
[2015-10-01 01:53:53,945] INFO Created log for partition [us-texas-3.cloud.cisco.com.WORKER.1680946019,0] in /tmp/kafka-logs with properties {segment.index.bytes -> 10485760, file.delete.delay.ms -> 60000, segment.bytes -> 1073741824, flush.ms -> 9223372036854775807, delete.retention.ms -> 86400000, index.interval.bytes -> 4096, retention.bytes -> -1, min.insync.replicas -> 1, cleanup.policy -> delete, unclean.leader.election.enable -> true, segment.ms -> 604800000, max.message.bytes -> 1000012, flush.messages -> 9223372036854775807, min.cleanable.dirty.ratio -> 0.5, retention.ms -> 604800000, segment.jitter.ms -> 0}. (kafka.log.LogManager)
[2015-10-01 01:53:53,945] WARN Partition [us-texas-3.cloud.cisco.com.WORKER.1680946019,0] on broker 0: No checkpointed highwatermark is found for partition [us-texas-3.cloud.cisco.com.WORKER.1680946019,0] (kafka.cluster.Partition)
[2015-10-01 01:57:09,855] INFO Closing socket connection to /192.168.56.105. (kafka.network.Processor)
[2015-10-01 01:57:09,855] INFO Closing socket connection to /192.168.56.105. (kafka.network.Processor)
[2015-10-01 01:57:09,856] INFO Closing socket connection to /192.168.56.105. (kafka.network.Processor)
[2015-10-01 01:57:09,856] INFO Closing socket connection to /192.168.56.105. (kafka.network.Processor)
[2015-10-01 01:57:09,857] INFO Closing socket connection to /192.168.56.105. (kafka.network.Processor)
[2015-10-01 01:57:09,857] INFO Closing socket connection to /192.168.56.105. (kafka.network.Processor)
[2015-10-01 01:57:25,748] INFO Closing socket connection to /192.168.56.105. (kafka.network.Processor)
[2015-10-01 01:57:25,748] INFO Closing socket connection to /192.168.56.105. (kafka.network.Processor)
[2015-10-01 01:57:25,748] INFO Closing socket connection to /192.168.56.105. (kafka.network.Processor)
[2015-10-01 01:57:25,749] INFO Closing socket connection to /192.168.56.105. (kafka.network.Processor)
[2015-10-01 01:57:25,749] INFO Closing socket connection to /192.168.56.105. (kafka.network.Processor)
[2015-10-01 01:57:25,749] INFO Closing socket connection to /192.168.56.105. (kafka.network.Processor)
[2015-10-01 01:57:25,865] INFO Closing socket connection to /192.168.56.105. (kafka.network.Processor)
[2015-10-01 01:57:25,866] ERROR Closing socket for /192.168.56.105 because of error (kafka.network.Processor)
java.io.IOException: Broken pipe
	at sun.nio.ch.FileDispatcherImpl.write0(Native Method)
	at sun.nio.ch.SocketDispatcher.write(SocketDispatcher.java:47)
	at sun.nio.ch.IOUtil.writeFromNativeBuffer(IOUtil.java:93)
	at sun.nio.ch.IOUtil.write(IOUtil.java:65)
	at sun.nio.ch.SocketChannelImpl.write(SocketChannelImpl.java:488)
	at kafka.api.PartitionDataSend.writeTo(FetchResponse.scala:68)
	at kafka.network.MultiSend.writeTo(Transmission.scala:101)
	at kafka.api.TopicDataSend.writeTo(FetchResponse.scala:125)
	at kafka.network.MultiSend.writeTo(Transmission.scala:101)
	at kafka.api.FetchResponseSend.writeTo(FetchResponse.scala:231)
	at kafka.network.Processor.write(SocketServer.scala:472)
	at kafka.network.Processor.run(SocketServer.scala:342)
	at java.lang.Thread.run(Thread.java:745)
[2015-10-01 01:57:25,893] INFO Closing socket connection to /192.168.56.105. (kafka.network.Processor)
[2015-10-01 01:58:09,752] INFO Topic creation {"version":1,"partitions":{"0":[0]}} (kafka.admin.AdminUtils$)
[2015-10-01 01:58:09,754] INFO [KafkaApi-0] Auto creation of topic us-texas-3.cloud.cisco.com.WORKER.1647522401 with 1 partitions and replication factor 1 is successful! (kafka.server.KafkaApis)
[2015-10-01 01:58:09,789] INFO [ReplicaFetcherManager on broker 0] Removed fetcher for partitions [us-texas-3.cloud.cisco.com.WORKER.1647522401,0] (kafka.server.ReplicaFetcherManager)
[2015-10-01 01:58:09,794] INFO Completed load of log us-texas-3.cloud.cisco.com.WORKER.1647522401-0 with log end offset 0 (kafka.log.Log)
[2015-10-01 01:58:09,795] INFO Created log for partition [us-texas-3.cloud.cisco.com.WORKER.1647522401,0] in /tmp/kafka-logs with properties {segment.index.bytes -> 10485760, file.delete.delay.ms -> 60000, segment.bytes -> 1073741824, flush.ms -> 9223372036854775807, delete.retention.ms -> 86400000, index.interval.bytes -> 4096, retention.bytes -> -1, min.insync.replicas -> 1, cleanup.policy -> delete, unclean.leader.election.enable -> true, segment.ms -> 604800000, max.message.bytes -> 1000012, flush.messages -> 9223372036854775807, min.cleanable.dirty.ratio -> 0.5, retention.ms -> 604800000, segment.jitter.ms -> 0}. (kafka.log.LogManager)
[2015-10-01 01:58:09,796] WARN Partition [us-texas-3.cloud.cisco.com.WORKER.1647522401,0] on broker 0: No checkpointed highwatermark is found for partition [us-texas-3.cloud.cisco.com.WORKER.1647522401,0] (kafka.cluster.Partition)
[2015-10-01 02:31:55,133] INFO Closing socket connection to /192.168.56.105. (kafka.network.Processor)
[2015-10-01 02:31:55,133] INFO Closing socket connection to /192.168.56.105. (kafka.network.Processor)
[2015-10-01 02:31:55,134] INFO Closing socket connection to /192.168.56.105. (kafka.network.Processor)
[2015-10-01 02:31:55,323] INFO Closing socket connection to /192.168.56.105. (kafka.network.Processor)
[2015-10-01 02:31:55,346] INFO Closing socket connection to /192.168.56.105. (kafka.network.Processor)
[2015-10-01 02:31:55,347] INFO Closing socket connection to /192.168.56.105. (kafka.network.Processor)
[2015-10-01 08:13:27,737] INFO Closing socket connection to /192.168.56.105. (kafka.network.Processor)
[2015-10-01 08:13:27,737] INFO Closing socket connection to /192.168.56.105. (kafka.network.Processor)
[2015-10-01 08:13:27,738] INFO Closing socket connection to /192.168.56.105. (kafka.network.Processor)
[2015-10-01 08:13:27,738] INFO Closing socket connection to /192.168.56.105. (kafka.network.Processor)
[2015-10-01 08:13:27,739] INFO Closing socket connection to /192.168.56.105. (kafka.network.Processor)
[2015-10-01 08:13:27,738] INFO Closing socket connection to /192.168.56.105. (kafka.network.Processor)
