[2015-09-14 15:05:37,081] INFO Verifying properties (kafka.utils.VerifiableProperties)
[2015-09-14 15:05:37,132] INFO Property broker.id is overridden to 0 (kafka.utils.VerifiableProperties)
[2015-09-14 15:05:37,132] INFO Property delete.topic.enable is overridden to true (kafka.utils.VerifiableProperties)
[2015-09-14 15:05:37,132] INFO Property log.cleaner.enable is overridden to false (kafka.utils.VerifiableProperties)
[2015-09-14 15:05:37,132] INFO Property log.dirs is overridden to /tmp/kafka-logs (kafka.utils.VerifiableProperties)
[2015-09-14 15:05:37,132] INFO Property log.retention.check.interval.ms is overridden to 300000 (kafka.utils.VerifiableProperties)
[2015-09-14 15:05:37,132] INFO Property log.retention.hours is overridden to 168 (kafka.utils.VerifiableProperties)
[2015-09-14 15:05:37,132] INFO Property log.segment.bytes is overridden to 1073741824 (kafka.utils.VerifiableProperties)
[2015-09-14 15:05:37,133] INFO Property num.io.threads is overridden to 8 (kafka.utils.VerifiableProperties)
[2015-09-14 15:05:37,133] INFO Property num.network.threads is overridden to 3 (kafka.utils.VerifiableProperties)
[2015-09-14 15:05:37,133] INFO Property num.partitions is overridden to 1 (kafka.utils.VerifiableProperties)
[2015-09-14 15:05:37,133] INFO Property num.recovery.threads.per.data.dir is overridden to 1 (kafka.utils.VerifiableProperties)
[2015-09-14 15:05:37,133] INFO Property port is overridden to 9092 (kafka.utils.VerifiableProperties)
[2015-09-14 15:05:37,133] INFO Property socket.receive.buffer.bytes is overridden to 102400 (kafka.utils.VerifiableProperties)
[2015-09-14 15:05:37,133] INFO Property socket.request.max.bytes is overridden to 104857600 (kafka.utils.VerifiableProperties)
[2015-09-14 15:05:37,133] INFO Property socket.send.buffer.bytes is overridden to 102400 (kafka.utils.VerifiableProperties)
[2015-09-14 15:05:37,133] INFO Property zookeeper.connect is overridden to localhost:2181 (kafka.utils.VerifiableProperties)
[2015-09-14 15:05:37,134] INFO Property zookeeper.connection.timeout.ms is overridden to 6000 (kafka.utils.VerifiableProperties)
[2015-09-14 15:05:37,171] INFO [Kafka Server 0], starting (kafka.server.KafkaServer)
[2015-09-14 15:05:37,173] INFO [Kafka Server 0], Connecting to zookeeper on localhost:2181 (kafka.server.KafkaServer)
[2015-09-14 15:05:37,437] INFO Log directory '/tmp/kafka-logs' not found, creating it. (kafka.log.LogManager)
[2015-09-14 15:05:37,446] INFO Loading logs. (kafka.log.LogManager)
[2015-09-14 15:05:37,451] INFO Logs loading complete. (kafka.log.LogManager)
[2015-09-14 15:05:37,451] INFO Starting log cleanup with a period of 300000 ms. (kafka.log.LogManager)
[2015-09-14 15:05:37,454] INFO Starting log flusher with a default period of 9223372036854775807 ms. (kafka.log.LogManager)
[2015-09-14 15:05:37,485] INFO Awaiting socket connections on 0.0.0.0:9092. (kafka.network.Acceptor)
[2015-09-14 15:05:37,493] INFO [Socket Server on Broker 0], Started (kafka.network.SocketServer)
[2015-09-14 15:05:37,575] INFO Will not load MX4J, mx4j-tools.jar is not in the classpath (kafka.utils.Mx4jLoader$)
[2015-09-14 15:05:37,607] INFO 0 successfully elected as leader (kafka.server.ZookeeperLeaderElector)
[2015-09-14 15:05:37,854] INFO Registered broker 0 at path /brokers/ids/0 with address johnc-VirtualBox1:9092. (kafka.utils.ZkUtils$)
[2015-09-14 15:05:37,859] INFO New leader is 0 (kafka.server.ZookeeperLeaderElector$LeaderChangeListener)
[2015-09-14 15:05:37,881] INFO [Kafka Server 0], started (kafka.server.KafkaServer)
[2015-09-14 15:08:54,014] INFO Closing socket connection to /192.168.56.102. (kafka.network.Processor)
[2015-09-14 15:08:54,016] ERROR Closing socket for /192.168.56.102 because of error (kafka.network.Processor)
java.io.IOException: Connection reset by peer
	at sun.nio.ch.FileDispatcherImpl.read0(Native Method)
	at sun.nio.ch.SocketDispatcher.read(SocketDispatcher.java:39)
	at sun.nio.ch.IOUtil.readIntoNativeBuffer(IOUtil.java:223)
	at sun.nio.ch.IOUtil.read(IOUtil.java:197)
	at sun.nio.ch.SocketChannelImpl.read(SocketChannelImpl.java:380)
	at kafka.utils.Utils$.read(Utils.scala:380)
	at kafka.network.BoundedByteBufferReceive.readFrom(BoundedByteBufferReceive.scala:54)
	at kafka.network.Processor.read(SocketServer.scala:444)
	at kafka.network.Processor.run(SocketServer.scala:340)
	at java.lang.Thread.run(Thread.java:745)
[2015-09-14 15:09:53,164] INFO [Kafka Server 0], shutting down (kafka.server.KafkaServer)
[2015-09-14 15:09:53,170] INFO [Kafka Server 0], Starting controlled shutdown (kafka.server.KafkaServer)
[2015-09-14 15:09:56,118] WARN [Kafka Server 0], Error during controlled shutdown, possibly because leader movement took longer than the configured socket.timeout.ms: null (kafka.server.KafkaServer)
[2015-09-14 15:10:01,120] WARN [Kafka Server 0], Retrying controlled shutdown after the previous attempt failed... (kafka.server.KafkaServer)
[2015-09-14 15:10:02,117] WARN [Kafka Server 0], Error during controlled shutdown, possibly because leader movement took longer than the configured socket.timeout.ms: null (kafka.server.KafkaServer)
[2015-09-14 15:10:07,117] WARN [Kafka Server 0], Retrying controlled shutdown after the previous attempt failed... (kafka.server.KafkaServer)
[2015-09-14 15:10:08,117] WARN [Kafka Server 0], Error during controlled shutdown, possibly because leader movement took longer than the configured socket.timeout.ms: null (kafka.server.KafkaServer)
[2015-09-14 15:10:13,117] WARN [Kafka Server 0], Retrying controlled shutdown after the previous attempt failed... (kafka.server.KafkaServer)
[2015-09-14 15:10:13,117] WARN [Kafka Server 0], Proceeding to do an unclean shutdown as all the controlled shutdown attempts failed (kafka.server.KafkaServer)
[2015-09-14 15:10:13,118] INFO [Socket Server on Broker 0], Shutting down (kafka.network.SocketServer)
[2015-09-14 15:10:13,120] INFO [Socket Server on Broker 0], Shutdown completed (kafka.network.SocketServer)
[2015-09-14 15:10:13,121] INFO [Kafka Request Handler on Broker 0], shutting down (kafka.server.KafkaRequestHandlerPool)
[2015-09-14 15:10:13,123] INFO [Kafka Request Handler on Broker 0], shut down completely (kafka.server.KafkaRequestHandlerPool)
[2015-09-14 15:10:13,443] INFO [Replica Manager on Broker 0]: Shut down (kafka.server.ReplicaManager)
[2015-09-14 15:10:13,444] INFO [ReplicaFetcherManager on broker 0] shutting down (kafka.server.ReplicaFetcherManager)
[2015-09-14 15:10:13,444] INFO [ReplicaFetcherManager on broker 0] shutdown completed (kafka.server.ReplicaFetcherManager)
[2015-09-14 15:10:13,446] INFO [Replica Manager on Broker 0]: Shut down completely (kafka.server.ReplicaManager)
[2015-09-14 15:10:13,447] INFO Shutting down. (kafka.log.LogManager)
[2015-09-14 15:10:13,450] INFO Shutdown complete. (kafka.log.LogManager)
[2015-09-14 15:10:14,118] WARN sleep interrupted (kafka.utils.Utils$)
java.lang.InterruptedException: sleep interrupted
	at java.lang.Thread.sleep(Native Method)
	at kafka.controller.RequestSendThread$$anonfun$liftedTree1$1$1.apply$mcV$sp(ControllerChannelManager.scala:144)
	at kafka.utils.Utils$.swallow(Utils.scala:172)
	at kafka.utils.Logging$class.swallowWarn(Logging.scala:92)
	at kafka.utils.Utils$.swallowWarn(Utils.scala:45)
	at kafka.utils.Logging$class.swallow(Logging.scala:94)
	at kafka.utils.Utils$.swallow(Utils.scala:45)
	at kafka.controller.RequestSendThread.liftedTree1$1(ControllerChannelManager.scala:144)
	at kafka.controller.RequestSendThread.doWork(ControllerChannelManager.scala:131)
	at kafka.utils.ShutdownableThread.run(ShutdownableThread.scala:60)
[2015-09-14 15:10:14,130] INFO [Kafka Server 0], shut down completed (kafka.server.KafkaServer)
[2015-09-14 15:10:18,430] INFO Verifying properties (kafka.utils.VerifiableProperties)
[2015-09-14 15:10:18,501] INFO Property broker.id is overridden to 0 (kafka.utils.VerifiableProperties)
[2015-09-14 15:10:18,501] INFO Property delete.topic.enable is overridden to true (kafka.utils.VerifiableProperties)
[2015-09-14 15:10:18,501] INFO Property log.cleaner.enable is overridden to false (kafka.utils.VerifiableProperties)
[2015-09-14 15:10:18,501] INFO Property log.dirs is overridden to /tmp/kafka-logs (kafka.utils.VerifiableProperties)
[2015-09-14 15:10:18,502] INFO Property log.retention.check.interval.ms is overridden to 300000 (kafka.utils.VerifiableProperties)
[2015-09-14 15:10:18,502] INFO Property log.retention.hours is overridden to 168 (kafka.utils.VerifiableProperties)
[2015-09-14 15:10:18,502] INFO Property log.segment.bytes is overridden to 1073741824 (kafka.utils.VerifiableProperties)
[2015-09-14 15:10:18,502] INFO Property num.io.threads is overridden to 8 (kafka.utils.VerifiableProperties)
[2015-09-14 15:10:18,502] INFO Property num.network.threads is overridden to 3 (kafka.utils.VerifiableProperties)
[2015-09-14 15:10:18,503] INFO Property num.partitions is overridden to 1 (kafka.utils.VerifiableProperties)
[2015-09-14 15:10:18,503] INFO Property num.recovery.threads.per.data.dir is overridden to 1 (kafka.utils.VerifiableProperties)
[2015-09-14 15:10:18,503] INFO Property port is overridden to 9092 (kafka.utils.VerifiableProperties)
[2015-09-14 15:10:18,503] INFO Property socket.receive.buffer.bytes is overridden to 102400 (kafka.utils.VerifiableProperties)
[2015-09-14 15:10:18,503] INFO Property socket.request.max.bytes is overridden to 104857600 (kafka.utils.VerifiableProperties)
[2015-09-14 15:10:18,503] INFO Property socket.send.buffer.bytes is overridden to 102400 (kafka.utils.VerifiableProperties)
[2015-09-14 15:10:18,504] INFO Property zookeeper.connect is overridden to localhost:2181 (kafka.utils.VerifiableProperties)
[2015-09-14 15:10:18,504] INFO Property zookeeper.connection.timeout.ms is overridden to 6000 (kafka.utils.VerifiableProperties)
[2015-09-14 15:10:18,552] INFO [Kafka Server 0], starting (kafka.server.KafkaServer)
[2015-09-14 15:10:18,554] INFO [Kafka Server 0], Connecting to zookeeper on localhost:2181 (kafka.server.KafkaServer)
[2015-09-14 15:10:18,790] INFO Log directory '/tmp/kafka-logs' not found, creating it. (kafka.log.LogManager)
[2015-09-14 15:10:18,794] INFO Loading logs. (kafka.log.LogManager)
[2015-09-14 15:10:18,798] INFO Logs loading complete. (kafka.log.LogManager)
[2015-09-14 15:10:18,799] INFO Starting log cleanup with a period of 300000 ms. (kafka.log.LogManager)
[2015-09-14 15:10:18,803] INFO Starting log flusher with a default period of 9223372036854775807 ms. (kafka.log.LogManager)
[2015-09-14 15:10:18,851] INFO Awaiting socket connections on 0.0.0.0:9092. (kafka.network.Acceptor)
[2015-09-14 15:10:18,861] INFO [Socket Server on Broker 0], Started (kafka.network.SocketServer)
[2015-09-14 15:10:18,956] INFO Will not load MX4J, mx4j-tools.jar is not in the classpath (kafka.utils.Mx4jLoader$)
[2015-09-14 15:10:18,997] INFO 0 successfully elected as leader (kafka.server.ZookeeperLeaderElector)
[2015-09-14 15:10:19,234] INFO Registered broker 0 at path /brokers/ids/0 with address johnc-VirtualBox1:9092. (kafka.utils.ZkUtils$)
[2015-09-14 15:10:19,243] INFO New leader is 0 (kafka.server.ZookeeperLeaderElector$LeaderChangeListener)
[2015-09-14 15:10:19,275] INFO [Kafka Server 0], started (kafka.server.KafkaServer)
[2015-09-14 15:11:26,333] INFO Closing socket connection to /192.168.56.102. (kafka.network.Processor)
[2015-09-14 15:11:26,335] ERROR Closing socket for /192.168.56.102 because of error (kafka.network.Processor)
java.io.IOException: Connection reset by peer
	at sun.nio.ch.FileDispatcherImpl.read0(Native Method)
	at sun.nio.ch.SocketDispatcher.read(SocketDispatcher.java:39)
	at sun.nio.ch.IOUtil.readIntoNativeBuffer(IOUtil.java:223)
	at sun.nio.ch.IOUtil.read(IOUtil.java:197)
	at sun.nio.ch.SocketChannelImpl.read(SocketChannelImpl.java:380)
	at kafka.utils.Utils$.read(Utils.scala:380)
	at kafka.network.BoundedByteBufferReceive.readFrom(BoundedByteBufferReceive.scala:54)
	at kafka.network.Processor.read(SocketServer.scala:444)
	at kafka.network.Processor.run(SocketServer.scala:340)
	at java.lang.Thread.run(Thread.java:745)
[2015-09-14 15:12:31,375] INFO Closing socket connection to /192.168.56.102. (kafka.network.Processor)
[2015-09-14 15:12:31,375] INFO Closing socket connection to /192.168.56.102. (kafka.network.Processor)
[2015-09-14 15:12:43,704] INFO [Kafka Server 0], shutting down (kafka.server.KafkaServer)
[2015-09-14 15:12:43,705] INFO [Kafka Server 0], Starting controlled shutdown (kafka.server.KafkaServer)
[2015-09-14 15:12:46,322] WARN [Kafka Server 0], Error during controlled shutdown, possibly because leader movement took longer than the configured socket.timeout.ms: null (kafka.server.KafkaServer)
[2015-09-14 15:12:51,322] WARN [Kafka Server 0], Retrying controlled shutdown after the previous attempt failed... (kafka.server.KafkaServer)
[2015-09-14 15:12:52,321] WARN [Kafka Server 0], Error during controlled shutdown, possibly because leader movement took longer than the configured socket.timeout.ms: null (kafka.server.KafkaServer)
[2015-09-14 15:12:57,322] WARN [Kafka Server 0], Retrying controlled shutdown after the previous attempt failed... (kafka.server.KafkaServer)
[2015-09-14 15:12:58,321] WARN [Kafka Server 0], Error during controlled shutdown, possibly because leader movement took longer than the configured socket.timeout.ms: null (kafka.server.KafkaServer)
[2015-09-14 15:13:03,321] WARN [Kafka Server 0], Retrying controlled shutdown after the previous attempt failed... (kafka.server.KafkaServer)
[2015-09-14 15:13:03,321] WARN [Kafka Server 0], Proceeding to do an unclean shutdown as all the controlled shutdown attempts failed (kafka.server.KafkaServer)
[2015-09-14 15:13:03,322] INFO [Socket Server on Broker 0], Shutting down (kafka.network.SocketServer)
[2015-09-14 15:13:03,325] INFO [Socket Server on Broker 0], Shutdown completed (kafka.network.SocketServer)
[2015-09-14 15:13:03,326] INFO [Kafka Request Handler on Broker 0], shutting down (kafka.server.KafkaRequestHandlerPool)
[2015-09-14 15:13:03,327] INFO [Kafka Request Handler on Broker 0], shut down completely (kafka.server.KafkaRequestHandlerPool)
[2015-09-14 15:13:03,541] INFO [Replica Manager on Broker 0]: Shut down (kafka.server.ReplicaManager)
[2015-09-14 15:13:03,541] INFO [ReplicaFetcherManager on broker 0] shutting down (kafka.server.ReplicaFetcherManager)
[2015-09-14 15:13:03,542] INFO [ReplicaFetcherManager on broker 0] shutdown completed (kafka.server.ReplicaFetcherManager)
[2015-09-14 15:13:03,544] INFO [Replica Manager on Broker 0]: Shut down completely (kafka.server.ReplicaManager)
[2015-09-14 15:13:03,545] INFO Shutting down. (kafka.log.LogManager)
[2015-09-14 15:13:03,548] INFO Shutdown complete. (kafka.log.LogManager)
[2015-09-14 15:13:04,321] WARN sleep interrupted (kafka.utils.Utils$)
java.lang.InterruptedException: sleep interrupted
	at java.lang.Thread.sleep(Native Method)
	at kafka.controller.RequestSendThread$$anonfun$liftedTree1$1$1.apply$mcV$sp(ControllerChannelManager.scala:144)
	at kafka.utils.Utils$.swallow(Utils.scala:172)
	at kafka.utils.Logging$class.swallowWarn(Logging.scala:92)
	at kafka.utils.Utils$.swallowWarn(Utils.scala:45)
	at kafka.utils.Logging$class.swallow(Logging.scala:94)
	at kafka.utils.Utils$.swallow(Utils.scala:45)
	at kafka.controller.RequestSendThread.liftedTree1$1(ControllerChannelManager.scala:144)
	at kafka.controller.RequestSendThread.doWork(ControllerChannelManager.scala:131)
	at kafka.utils.ShutdownableThread.run(ShutdownableThread.scala:60)
[2015-09-14 15:13:04,332] INFO [Kafka Server 0], shut down completed (kafka.server.KafkaServer)
[2015-09-14 15:18:42,918] INFO Verifying properties (kafka.utils.VerifiableProperties)
[2015-09-14 15:18:42,972] INFO Property broker.id is overridden to 0 (kafka.utils.VerifiableProperties)
[2015-09-14 15:18:42,973] INFO Property delete.topic.enable is overridden to true (kafka.utils.VerifiableProperties)
[2015-09-14 15:18:42,973] INFO Property log.cleaner.enable is overridden to false (kafka.utils.VerifiableProperties)
[2015-09-14 15:18:42,973] INFO Property log.dirs is overridden to /tmp/kafka-logs (kafka.utils.VerifiableProperties)
[2015-09-14 15:18:42,973] INFO Property log.retention.check.interval.ms is overridden to 300000 (kafka.utils.VerifiableProperties)
[2015-09-14 15:18:42,973] INFO Property log.retention.hours is overridden to 168 (kafka.utils.VerifiableProperties)
[2015-09-14 15:18:42,973] INFO Property log.segment.bytes is overridden to 1073741824 (kafka.utils.VerifiableProperties)
[2015-09-14 15:18:42,973] INFO Property num.io.threads is overridden to 8 (kafka.utils.VerifiableProperties)
[2015-09-14 15:18:42,973] INFO Property num.network.threads is overridden to 3 (kafka.utils.VerifiableProperties)
[2015-09-14 15:18:42,974] INFO Property num.partitions is overridden to 1 (kafka.utils.VerifiableProperties)
[2015-09-14 15:18:42,974] INFO Property num.recovery.threads.per.data.dir is overridden to 1 (kafka.utils.VerifiableProperties)
[2015-09-14 15:18:42,974] INFO Property port is overridden to 9092 (kafka.utils.VerifiableProperties)
[2015-09-14 15:18:42,974] INFO Property socket.receive.buffer.bytes is overridden to 102400 (kafka.utils.VerifiableProperties)
[2015-09-14 15:18:42,974] INFO Property socket.request.max.bytes is overridden to 104857600 (kafka.utils.VerifiableProperties)
[2015-09-14 15:18:42,974] INFO Property socket.send.buffer.bytes is overridden to 102400 (kafka.utils.VerifiableProperties)
[2015-09-14 15:18:42,974] INFO Property zookeeper.connect is overridden to localhost:2181 (kafka.utils.VerifiableProperties)
[2015-09-14 15:18:42,974] INFO Property zookeeper.connection.timeout.ms is overridden to 6000 (kafka.utils.VerifiableProperties)
[2015-09-14 15:18:43,006] INFO [Kafka Server 0], starting (kafka.server.KafkaServer)
[2015-09-14 15:18:43,007] INFO [Kafka Server 0], Connecting to zookeeper on localhost:2181 (kafka.server.KafkaServer)
[2015-09-14 15:18:43,201] INFO Log directory '/tmp/kafka-logs' not found, creating it. (kafka.log.LogManager)
[2015-09-14 15:18:43,207] INFO Loading logs. (kafka.log.LogManager)
[2015-09-14 15:18:43,210] INFO Logs loading complete. (kafka.log.LogManager)
[2015-09-14 15:18:43,211] INFO Starting log cleanup with a period of 300000 ms. (kafka.log.LogManager)
[2015-09-14 15:18:43,213] INFO Starting log flusher with a default period of 9223372036854775807 ms. (kafka.log.LogManager)
[2015-09-14 15:18:43,236] INFO Awaiting socket connections on 0.0.0.0:9092. (kafka.network.Acceptor)
[2015-09-14 15:18:43,245] INFO [Socket Server on Broker 0], Started (kafka.network.SocketServer)
[2015-09-14 15:18:43,306] INFO Will not load MX4J, mx4j-tools.jar is not in the classpath (kafka.utils.Mx4jLoader$)
[2015-09-14 15:18:43,328] INFO 0 successfully elected as leader (kafka.server.ZookeeperLeaderElector)
[2015-09-14 15:18:43,588] INFO Registered broker 0 at path /brokers/ids/0 with address johnc-VirtualBox1:9092. (kafka.utils.ZkUtils$)
[2015-09-14 15:18:43,596] INFO New leader is 0 (kafka.server.ZookeeperLeaderElector$LeaderChangeListener)
[2015-09-14 15:18:43,618] INFO [Kafka Server 0], started (kafka.server.KafkaServer)
[2015-09-14 15:19:58,699] INFO Closing socket connection to /192.168.56.102. (kafka.network.Processor)
[2015-09-14 15:19:58,700] INFO Closing socket connection to /192.168.56.102. (kafka.network.Processor)
[2015-09-14 15:20:15,524] INFO Closing socket connection to /192.168.56.102. (kafka.network.Processor)
[2015-09-14 15:20:15,525] ERROR Closing socket for /192.168.56.102 because of error (kafka.network.Processor)
java.io.IOException: Connection reset by peer
	at sun.nio.ch.FileDispatcherImpl.read0(Native Method)
	at sun.nio.ch.SocketDispatcher.read(SocketDispatcher.java:39)
	at sun.nio.ch.IOUtil.readIntoNativeBuffer(IOUtil.java:223)
	at sun.nio.ch.IOUtil.read(IOUtil.java:197)
	at sun.nio.ch.SocketChannelImpl.read(SocketChannelImpl.java:380)
	at kafka.utils.Utils$.read(Utils.scala:380)
	at kafka.network.BoundedByteBufferReceive.readFrom(BoundedByteBufferReceive.scala:54)
	at kafka.network.Processor.read(SocketServer.scala:444)
	at kafka.network.Processor.run(SocketServer.scala:340)
	at java.lang.Thread.run(Thread.java:745)
[2015-09-14 15:22:30,321] INFO Verifying properties (kafka.utils.VerifiableProperties)
[2015-09-14 15:22:30,373] INFO Property broker.id is overridden to 0 (kafka.utils.VerifiableProperties)
[2015-09-14 15:22:30,373] INFO Property delete.topic.enable is overridden to true (kafka.utils.VerifiableProperties)
[2015-09-14 15:22:30,373] INFO Property log.cleaner.enable is overridden to false (kafka.utils.VerifiableProperties)
[2015-09-14 15:22:30,373] INFO Property log.dirs is overridden to /tmp/kafka-logs (kafka.utils.VerifiableProperties)
[2015-09-14 15:22:30,373] INFO Property log.retention.check.interval.ms is overridden to 300000 (kafka.utils.VerifiableProperties)
[2015-09-14 15:22:30,373] INFO Property log.retention.hours is overridden to 168 (kafka.utils.VerifiableProperties)
[2015-09-14 15:22:30,373] INFO Property log.segment.bytes is overridden to 1073741824 (kafka.utils.VerifiableProperties)
[2015-09-14 15:22:30,373] INFO Property num.io.threads is overridden to 8 (kafka.utils.VerifiableProperties)
[2015-09-14 15:22:30,374] INFO Property num.network.threads is overridden to 3 (kafka.utils.VerifiableProperties)
[2015-09-14 15:22:30,374] INFO Property num.partitions is overridden to 1 (kafka.utils.VerifiableProperties)
[2015-09-14 15:22:30,374] INFO Property num.recovery.threads.per.data.dir is overridden to 1 (kafka.utils.VerifiableProperties)
[2015-09-14 15:22:30,374] INFO Property port is overridden to 9092 (kafka.utils.VerifiableProperties)
[2015-09-14 15:22:30,374] INFO Property socket.receive.buffer.bytes is overridden to 102400 (kafka.utils.VerifiableProperties)
[2015-09-14 15:22:30,374] INFO Property socket.request.max.bytes is overridden to 104857600 (kafka.utils.VerifiableProperties)
[2015-09-14 15:22:30,375] INFO Property socket.send.buffer.bytes is overridden to 102400 (kafka.utils.VerifiableProperties)
[2015-09-14 15:22:30,375] INFO Property zookeeper.connect is overridden to localhost:2181 (kafka.utils.VerifiableProperties)
[2015-09-14 15:22:30,375] INFO Property zookeeper.connection.timeout.ms is overridden to 6000 (kafka.utils.VerifiableProperties)
[2015-09-14 15:22:30,411] INFO [Kafka Server 0], starting (kafka.server.KafkaServer)
[2015-09-14 15:22:30,413] INFO [Kafka Server 0], Connecting to zookeeper on localhost:2181 (kafka.server.KafkaServer)
[2015-09-14 15:22:30,698] INFO Log directory '/tmp/kafka-logs' not found, creating it. (kafka.log.LogManager)
[2015-09-14 15:22:30,704] INFO Loading logs. (kafka.log.LogManager)
[2015-09-14 15:22:30,710] INFO Logs loading complete. (kafka.log.LogManager)
[2015-09-14 15:22:30,710] INFO Starting log cleanup with a period of 300000 ms. (kafka.log.LogManager)
[2015-09-14 15:22:30,712] INFO Starting log flusher with a default period of 9223372036854775807 ms. (kafka.log.LogManager)
[2015-09-14 15:22:30,739] FATAL [Kafka Server 0], Fatal error during KafkaServer startup. Prepare to shutdown (kafka.server.KafkaServer)
kafka.common.KafkaException: Socket server failed to bind to 0.0.0.0:9092: Address already in use.
	at kafka.network.Acceptor.openServerSocket(SocketServer.scala:260)
	at kafka.network.Acceptor.<init>(SocketServer.scala:205)
	at kafka.network.SocketServer.startup(SocketServer.scala:86)
	at kafka.server.KafkaServer.startup(KafkaServer.scala:99)
	at kafka.server.KafkaServerStartable.startup(KafkaServerStartable.scala:29)
	at kafka.Kafka$.main(Kafka.scala:46)
	at kafka.Kafka.main(Kafka.scala)
Caused by: java.net.BindException: Address already in use
	at sun.nio.ch.Net.bind0(Native Method)
	at sun.nio.ch.Net.bind(Net.java:445)
	at sun.nio.ch.Net.bind(Net.java:437)
	at sun.nio.ch.ServerSocketChannelImpl.bind(ServerSocketChannelImpl.java:223)
	at sun.nio.ch.ServerSocketAdaptor.bind(ServerSocketAdaptor.java:74)
	at sun.nio.ch.ServerSocketAdaptor.bind(ServerSocketAdaptor.java:67)
	at kafka.network.Acceptor.openServerSocket(SocketServer.scala:256)
	... 6 more
[2015-09-14 15:22:30,748] INFO [Kafka Server 0], shutting down (kafka.server.KafkaServer)
[2015-09-14 15:22:30,750] INFO [Socket Server on Broker 0], Shutting down (kafka.network.SocketServer)
[2015-09-14 15:22:30,755] INFO [Socket Server on Broker 0], Shutdown completed (kafka.network.SocketServer)
[2015-09-14 15:22:30,761] INFO Shutting down. (kafka.log.LogManager)
[2015-09-14 15:22:30,768] INFO Shutdown complete. (kafka.log.LogManager)
[2015-09-14 15:22:30,780] INFO [Kafka Server 0], shut down completed (kafka.server.KafkaServer)
[2015-09-14 15:22:30,781] FATAL Fatal error during KafkaServerStartable startup. Prepare to shutdown (kafka.server.KafkaServerStartable)
kafka.common.KafkaException: Socket server failed to bind to 0.0.0.0:9092: Address already in use.
	at kafka.network.Acceptor.openServerSocket(SocketServer.scala:260)
	at kafka.network.Acceptor.<init>(SocketServer.scala:205)
	at kafka.network.SocketServer.startup(SocketServer.scala:86)
	at kafka.server.KafkaServer.startup(KafkaServer.scala:99)
	at kafka.server.KafkaServerStartable.startup(KafkaServerStartable.scala:29)
	at kafka.Kafka$.main(Kafka.scala:46)
	at kafka.Kafka.main(Kafka.scala)
Caused by: java.net.BindException: Address already in use
	at sun.nio.ch.Net.bind0(Native Method)
	at sun.nio.ch.Net.bind(Net.java:445)
	at sun.nio.ch.Net.bind(Net.java:437)
	at sun.nio.ch.ServerSocketChannelImpl.bind(ServerSocketChannelImpl.java:223)
	at sun.nio.ch.ServerSocketAdaptor.bind(ServerSocketAdaptor.java:74)
	at sun.nio.ch.ServerSocketAdaptor.bind(ServerSocketAdaptor.java:67)
	at kafka.network.Acceptor.openServerSocket(SocketServer.scala:256)
	... 6 more
[2015-09-14 15:22:30,785] INFO [Kafka Server 0], shutting down (kafka.server.KafkaServer)
[2015-09-14 15:23:02,508] INFO Verifying properties (kafka.utils.VerifiableProperties)
[2015-09-14 15:23:02,554] INFO Property broker.id is overridden to 0 (kafka.utils.VerifiableProperties)
[2015-09-14 15:23:02,554] INFO Property delete.topic.enable is overridden to true (kafka.utils.VerifiableProperties)
[2015-09-14 15:23:02,554] INFO Property log.cleaner.enable is overridden to false (kafka.utils.VerifiableProperties)
[2015-09-14 15:23:02,554] INFO Property log.dirs is overridden to /tmp/kafka-logs (kafka.utils.VerifiableProperties)
[2015-09-14 15:23:02,555] INFO Property log.retention.check.interval.ms is overridden to 300000 (kafka.utils.VerifiableProperties)
[2015-09-14 15:23:02,555] INFO Property log.retention.hours is overridden to 168 (kafka.utils.VerifiableProperties)
[2015-09-14 15:23:02,555] INFO Property log.segment.bytes is overridden to 1073741824 (kafka.utils.VerifiableProperties)
[2015-09-14 15:23:02,555] INFO Property num.io.threads is overridden to 8 (kafka.utils.VerifiableProperties)
[2015-09-14 15:23:02,555] INFO Property num.network.threads is overridden to 3 (kafka.utils.VerifiableProperties)
[2015-09-14 15:23:02,555] INFO Property num.partitions is overridden to 1 (kafka.utils.VerifiableProperties)
[2015-09-14 15:23:02,555] INFO Property num.recovery.threads.per.data.dir is overridden to 1 (kafka.utils.VerifiableProperties)
[2015-09-14 15:23:02,555] INFO Property port is overridden to 9092 (kafka.utils.VerifiableProperties)
[2015-09-14 15:23:02,556] INFO Property socket.receive.buffer.bytes is overridden to 102400 (kafka.utils.VerifiableProperties)
[2015-09-14 15:23:02,556] INFO Property socket.request.max.bytes is overridden to 104857600 (kafka.utils.VerifiableProperties)
[2015-09-14 15:23:02,556] INFO Property socket.send.buffer.bytes is overridden to 102400 (kafka.utils.VerifiableProperties)
[2015-09-14 15:23:02,556] INFO Property zookeeper.connect is overridden to localhost:2181 (kafka.utils.VerifiableProperties)
[2015-09-14 15:23:02,556] INFO Property zookeeper.connection.timeout.ms is overridden to 6000 (kafka.utils.VerifiableProperties)
[2015-09-14 15:23:02,587] INFO [Kafka Server 0], starting (kafka.server.KafkaServer)
[2015-09-14 15:23:02,589] INFO [Kafka Server 0], Connecting to zookeeper on localhost:2181 (kafka.server.KafkaServer)
[2015-09-14 15:23:02,773] INFO Log directory '/tmp/kafka-logs' not found, creating it. (kafka.log.LogManager)
[2015-09-14 15:23:02,778] INFO Loading logs. (kafka.log.LogManager)
[2015-09-14 15:23:02,781] INFO Logs loading complete. (kafka.log.LogManager)
[2015-09-14 15:23:02,782] INFO Starting log cleanup with a period of 300000 ms. (kafka.log.LogManager)
[2015-09-14 15:23:02,784] INFO Starting log flusher with a default period of 9223372036854775807 ms. (kafka.log.LogManager)
[2015-09-14 15:23:02,806] FATAL [Kafka Server 0], Fatal error during KafkaServer startup. Prepare to shutdown (kafka.server.KafkaServer)
kafka.common.KafkaException: Socket server failed to bind to 0.0.0.0:9092: Address already in use.
	at kafka.network.Acceptor.openServerSocket(SocketServer.scala:260)
	at kafka.network.Acceptor.<init>(SocketServer.scala:205)
	at kafka.network.SocketServer.startup(SocketServer.scala:86)
	at kafka.server.KafkaServer.startup(KafkaServer.scala:99)
	at kafka.server.KafkaServerStartable.startup(KafkaServerStartable.scala:29)
	at kafka.Kafka$.main(Kafka.scala:46)
	at kafka.Kafka.main(Kafka.scala)
Caused by: java.net.BindException: Address already in use
	at sun.nio.ch.Net.bind0(Native Method)
	at sun.nio.ch.Net.bind(Net.java:445)
	at sun.nio.ch.Net.bind(Net.java:437)
	at sun.nio.ch.ServerSocketChannelImpl.bind(ServerSocketChannelImpl.java:223)
	at sun.nio.ch.ServerSocketAdaptor.bind(ServerSocketAdaptor.java:74)
	at sun.nio.ch.ServerSocketAdaptor.bind(ServerSocketAdaptor.java:67)
	at kafka.network.Acceptor.openServerSocket(SocketServer.scala:256)
	... 6 more
[2015-09-14 15:23:02,815] INFO [Kafka Server 0], shutting down (kafka.server.KafkaServer)
[2015-09-14 15:23:02,816] INFO [Socket Server on Broker 0], Shutting down (kafka.network.SocketServer)
[2015-09-14 15:23:02,819] INFO [Socket Server on Broker 0], Shutdown completed (kafka.network.SocketServer)
[2015-09-14 15:23:02,822] INFO Shutting down. (kafka.log.LogManager)
[2015-09-14 15:23:02,830] INFO Shutdown complete. (kafka.log.LogManager)
[2015-09-14 15:23:02,835] INFO [Kafka Server 0], shut down completed (kafka.server.KafkaServer)
[2015-09-14 15:23:02,835] FATAL Fatal error during KafkaServerStartable startup. Prepare to shutdown (kafka.server.KafkaServerStartable)
kafka.common.KafkaException: Socket server failed to bind to 0.0.0.0:9092: Address already in use.
	at kafka.network.Acceptor.openServerSocket(SocketServer.scala:260)
	at kafka.network.Acceptor.<init>(SocketServer.scala:205)
	at kafka.network.SocketServer.startup(SocketServer.scala:86)
	at kafka.server.KafkaServer.startup(KafkaServer.scala:99)
	at kafka.server.KafkaServerStartable.startup(KafkaServerStartable.scala:29)
	at kafka.Kafka$.main(Kafka.scala:46)
	at kafka.Kafka.main(Kafka.scala)
Caused by: java.net.BindException: Address already in use
	at sun.nio.ch.Net.bind0(Native Method)
	at sun.nio.ch.Net.bind(Net.java:445)
	at sun.nio.ch.Net.bind(Net.java:437)
	at sun.nio.ch.ServerSocketChannelImpl.bind(ServerSocketChannelImpl.java:223)
	at sun.nio.ch.ServerSocketAdaptor.bind(ServerSocketAdaptor.java:74)
	at sun.nio.ch.ServerSocketAdaptor.bind(ServerSocketAdaptor.java:67)
	at kafka.network.Acceptor.openServerSocket(SocketServer.scala:256)
	... 6 more
[2015-09-14 15:23:02,840] INFO [Kafka Server 0], shutting down (kafka.server.KafkaServer)
[2015-09-14 15:26:22,935] INFO Verifying properties (kafka.utils.VerifiableProperties)
[2015-09-14 15:26:22,987] INFO Property broker.id is overridden to 0 (kafka.utils.VerifiableProperties)
[2015-09-14 15:26:22,987] INFO Property delete.topic.enable is overridden to true (kafka.utils.VerifiableProperties)
[2015-09-14 15:26:22,987] INFO Property log.cleaner.enable is overridden to false (kafka.utils.VerifiableProperties)
[2015-09-14 15:26:22,987] INFO Property log.dirs is overridden to /tmp/kafka-logs (kafka.utils.VerifiableProperties)
[2015-09-14 15:26:22,987] INFO Property log.retention.check.interval.ms is overridden to 300000 (kafka.utils.VerifiableProperties)
[2015-09-14 15:26:22,987] INFO Property log.retention.hours is overridden to 168 (kafka.utils.VerifiableProperties)
[2015-09-14 15:26:22,987] INFO Property log.segment.bytes is overridden to 1073741824 (kafka.utils.VerifiableProperties)
[2015-09-14 15:26:22,987] INFO Property num.io.threads is overridden to 8 (kafka.utils.VerifiableProperties)
[2015-09-14 15:26:22,988] INFO Property num.network.threads is overridden to 3 (kafka.utils.VerifiableProperties)
[2015-09-14 15:26:22,988] INFO Property num.partitions is overridden to 1 (kafka.utils.VerifiableProperties)
[2015-09-14 15:26:22,988] INFO Property num.recovery.threads.per.data.dir is overridden to 1 (kafka.utils.VerifiableProperties)
[2015-09-14 15:26:22,988] INFO Property port is overridden to 9092 (kafka.utils.VerifiableProperties)
[2015-09-14 15:26:22,989] INFO Property socket.receive.buffer.bytes is overridden to 102400 (kafka.utils.VerifiableProperties)
[2015-09-14 15:26:22,989] INFO Property socket.request.max.bytes is overridden to 104857600 (kafka.utils.VerifiableProperties)
[2015-09-14 15:26:22,989] INFO Property socket.send.buffer.bytes is overridden to 102400 (kafka.utils.VerifiableProperties)
[2015-09-14 15:26:22,989] INFO Property zookeeper.connect is overridden to localhost:2181 (kafka.utils.VerifiableProperties)
[2015-09-14 15:26:22,989] INFO Property zookeeper.connection.timeout.ms is overridden to 6000 (kafka.utils.VerifiableProperties)
[2015-09-14 15:26:23,021] INFO [Kafka Server 0], starting (kafka.server.KafkaServer)
[2015-09-14 15:26:23,023] INFO [Kafka Server 0], Connecting to zookeeper on localhost:2181 (kafka.server.KafkaServer)
[2015-09-14 15:26:23,349] INFO Log directory '/tmp/kafka-logs' not found, creating it. (kafka.log.LogManager)
[2015-09-14 15:26:23,354] INFO Loading logs. (kafka.log.LogManager)
[2015-09-14 15:26:23,358] INFO Logs loading complete. (kafka.log.LogManager)
[2015-09-14 15:26:23,359] INFO Starting log cleanup with a period of 300000 ms. (kafka.log.LogManager)
[2015-09-14 15:26:23,361] INFO Starting log flusher with a default period of 9223372036854775807 ms. (kafka.log.LogManager)
[2015-09-14 15:26:23,382] INFO Awaiting socket connections on 0.0.0.0:9092. (kafka.network.Acceptor)
[2015-09-14 15:26:23,389] INFO [Socket Server on Broker 0], Started (kafka.network.SocketServer)
[2015-09-14 15:26:23,450] INFO Will not load MX4J, mx4j-tools.jar is not in the classpath (kafka.utils.Mx4jLoader$)
[2015-09-14 15:26:23,472] INFO 0 successfully elected as leader (kafka.server.ZookeeperLeaderElector)
[2015-09-14 15:26:23,827] INFO Registered broker 0 at path /brokers/ids/0 with address johnc-VirtualBox1:9092. (kafka.utils.ZkUtils$)
[2015-09-14 15:26:23,832] INFO New leader is 0 (kafka.server.ZookeeperLeaderElector$LeaderChangeListener)
[2015-09-14 15:26:23,881] INFO [Kafka Server 0], started (kafka.server.KafkaServer)
[2015-09-14 15:28:40,640] INFO Topic creation {"version":1,"partitions":{"0":[0]}} (kafka.admin.AdminUtils$)
[2015-09-14 15:28:40,649] INFO [KafkaApi-0] Auto creation of topic test with 1 partitions and replication factor 1 is successful! (kafka.server.KafkaApis)
[2015-09-14 15:28:40,793] INFO Closing socket connection to /127.0.0.1. (kafka.network.Processor)
[2015-09-14 15:28:40,795] INFO Closing socket connection to /127.0.0.1. (kafka.network.Processor)
[2015-09-14 15:28:40,868] INFO Closing socket connection to /127.0.0.1. (kafka.network.Processor)
[2015-09-14 15:28:40,872] INFO Closing socket connection to /127.0.0.1. (kafka.network.Processor)
[2015-09-14 15:28:40,976] INFO Closing socket connection to /127.0.0.1. (kafka.network.Processor)
[2015-09-14 15:28:40,979] INFO Closing socket connection to /127.0.0.1. (kafka.network.Processor)
[2015-09-14 15:28:41,084] INFO Closing socket connection to /127.0.0.1. (kafka.network.Processor)
[2015-09-14 15:28:41,087] INFO Closing socket connection to /127.0.0.1. (kafka.network.Processor)
[2015-09-14 15:28:41,194] INFO Closing socket connection to /127.0.0.1. (kafka.network.Processor)
[2015-09-14 15:28:49,139] INFO Closing socket connection to /127.0.0.1. (kafka.network.Processor)
[2015-09-14 15:28:49,156] INFO Closing socket connection to /127.0.0.1. (kafka.network.Processor)
[2015-09-14 15:28:49,262] INFO Closing socket connection to /127.0.0.1. (kafka.network.Processor)
[2015-09-14 15:28:49,266] INFO Closing socket connection to /127.0.0.1. (kafka.network.Processor)
[2015-09-14 15:28:49,373] INFO Closing socket connection to /127.0.0.1. (kafka.network.Processor)
[2015-09-14 15:28:49,377] INFO Closing socket connection to /127.0.0.1. (kafka.network.Processor)
[2015-09-14 15:28:49,482] INFO Closing socket connection to /127.0.0.1. (kafka.network.Processor)
[2015-09-14 15:28:49,486] INFO Closing socket connection to /127.0.0.1. (kafka.network.Processor)
[2015-09-14 15:28:49,592] INFO Closing socket connection to /127.0.0.1. (kafka.network.Processor)
[2015-09-14 15:34:40,646] INFO [Kafka Server 0], shutting down (kafka.server.KafkaServer)
[2015-09-14 15:34:40,652] INFO [Kafka Server 0], Starting controlled shutdown (kafka.server.KafkaServer)
[2015-09-14 15:34:41,974] WARN [Kafka Server 0], Error during controlled shutdown, possibly because leader movement took longer than the configured socket.timeout.ms: null (kafka.server.KafkaServer)
[2015-09-14 15:35:12,355] INFO Verifying properties (kafka.utils.VerifiableProperties)
[2015-09-14 15:35:12,397] INFO Property broker.id is overridden to 0 (kafka.utils.VerifiableProperties)
[2015-09-14 15:35:12,397] INFO Property delete.topic.enable is overridden to true (kafka.utils.VerifiableProperties)
[2015-09-14 15:35:12,397] INFO Property log.cleaner.enable is overridden to false (kafka.utils.VerifiableProperties)
[2015-09-14 15:35:12,397] INFO Property log.dirs is overridden to /tmp/kafka-logs (kafka.utils.VerifiableProperties)
[2015-09-14 15:35:12,398] INFO Property log.retention.check.interval.ms is overridden to 300000 (kafka.utils.VerifiableProperties)
[2015-09-14 15:35:12,398] INFO Property log.retention.hours is overridden to 168 (kafka.utils.VerifiableProperties)
[2015-09-14 15:35:12,398] INFO Property log.segment.bytes is overridden to 1073741824 (kafka.utils.VerifiableProperties)
[2015-09-14 15:35:12,398] INFO Property num.io.threads is overridden to 8 (kafka.utils.VerifiableProperties)
[2015-09-14 15:35:12,398] INFO Property num.network.threads is overridden to 3 (kafka.utils.VerifiableProperties)
[2015-09-14 15:35:12,398] INFO Property num.partitions is overridden to 1 (kafka.utils.VerifiableProperties)
[2015-09-14 15:35:12,398] INFO Property num.recovery.threads.per.data.dir is overridden to 1 (kafka.utils.VerifiableProperties)
[2015-09-14 15:35:12,398] INFO Property port is overridden to 9092 (kafka.utils.VerifiableProperties)
[2015-09-14 15:35:12,398] INFO Property socket.receive.buffer.bytes is overridden to 102400 (kafka.utils.VerifiableProperties)
[2015-09-14 15:35:12,398] INFO Property socket.request.max.bytes is overridden to 104857600 (kafka.utils.VerifiableProperties)
[2015-09-14 15:35:12,399] INFO Property socket.send.buffer.bytes is overridden to 102400 (kafka.utils.VerifiableProperties)
[2015-09-14 15:35:12,399] INFO Property zookeeper.connect is overridden to localhost:2181 (kafka.utils.VerifiableProperties)
[2015-09-14 15:35:12,399] INFO Property zookeeper.connection.timeout.ms is overridden to 6000 (kafka.utils.VerifiableProperties)
[2015-09-14 15:35:12,470] INFO [Kafka Server 0], starting (kafka.server.KafkaServer)
[2015-09-14 15:35:12,471] INFO [Kafka Server 0], Connecting to zookeeper on localhost:2181 (kafka.server.KafkaServer)
[2015-09-14 15:35:12,673] INFO Log directory '/tmp/kafka-logs' not found, creating it. (kafka.log.LogManager)
[2015-09-14 15:35:12,686] INFO Loading logs. (kafka.log.LogManager)
[2015-09-14 15:35:12,689] INFO Logs loading complete. (kafka.log.LogManager)
[2015-09-14 15:35:12,690] INFO Starting log cleanup with a period of 300000 ms. (kafka.log.LogManager)
[2015-09-14 15:35:12,692] INFO Starting log flusher with a default period of 9223372036854775807 ms. (kafka.log.LogManager)
[2015-09-14 15:35:12,738] INFO Awaiting socket connections on 0.0.0.0:9092. (kafka.network.Acceptor)
[2015-09-14 15:35:12,745] INFO [Socket Server on Broker 0], Started (kafka.network.SocketServer)
[2015-09-14 15:35:12,846] INFO Will not load MX4J, mx4j-tools.jar is not in the classpath (kafka.utils.Mx4jLoader$)
[2015-09-14 15:35:12,862] INFO 0 successfully elected as leader (kafka.server.ZookeeperLeaderElector)
[2015-09-14 15:35:13,158] INFO New leader is 0 (kafka.server.ZookeeperLeaderElector$LeaderChangeListener)
[2015-09-14 15:35:13,172] INFO Registered broker 0 at path /brokers/ids/0 with address johnc-VirtualBox1:9092. (kafka.utils.ZkUtils$)
[2015-09-14 15:35:13,188] INFO [Kafka Server 0], started (kafka.server.KafkaServer)
[2015-09-14 15:43:14,852] INFO Closing socket connection to /192.168.56.102. (kafka.network.Processor)
[2015-09-14 15:43:14,861] INFO Closing socket connection to /192.168.56.102. (kafka.network.Processor)
[2015-09-14 15:43:14,925] INFO Closing socket connection to /192.168.56.102. (kafka.network.Processor)
[2015-09-14 15:43:14,926] INFO Closing socket connection to /192.168.56.102. (kafka.network.Processor)
[2015-09-14 15:43:14,926] INFO Closing socket connection to /192.168.56.102. (kafka.network.Processor)
[2015-09-14 15:43:14,926] INFO Closing socket connection to /192.168.56.102. (kafka.network.Processor)
[2015-09-14 15:43:14,927] INFO Closing socket connection to /192.168.56.102. (kafka.network.Processor)
[2015-09-14 15:43:14,928] INFO Closing socket connection to /192.168.56.102. (kafka.network.Processor)
[2015-09-14 15:43:14,931] INFO Closing socket connection to /192.168.56.102. (kafka.network.Processor)
[2015-09-14 15:43:14,931] INFO Closing socket connection to /192.168.56.102. (kafka.network.Processor)
[2015-09-14 15:43:14,931] INFO Closing socket connection to /192.168.56.102. (kafka.network.Processor)
[2015-09-14 15:43:14,932] INFO Closing socket connection to /192.168.56.102. (kafka.network.Processor)
[2015-09-14 15:43:14,932] INFO Closing socket connection to /192.168.56.102. (kafka.network.Processor)
[2015-09-14 15:43:14,932] INFO Closing socket connection to /192.168.56.102. (kafka.network.Processor)
[2015-09-14 15:43:14,932] INFO Closing socket connection to /192.168.56.102. (kafka.network.Processor)
[2015-09-14 15:43:16,327] ERROR [KafkaApi-0] error when handling request Name: TopicMetadataRequest; Version: 0; CorrelationId: 2; ClientId: ; Topics: us-texas-3.cloud.cisco.com.WORKER (kafka.server.KafkaApis)
kafka.admin.AdminOperationException: replication factor: 1 larger than available brokers: 0
	at kafka.admin.AdminUtils$.assignReplicasToBrokers(AdminUtils.scala:70)
	at kafka.admin.AdminUtils$.createTopic(AdminUtils.scala:171)
	at kafka.server.KafkaApis$$anonfun$19.apply(KafkaApis.scala:520)
	at kafka.server.KafkaApis$$anonfun$19.apply(KafkaApis.scala:503)
	at scala.collection.TraversableLike$$anonfun$map$1.apply(TraversableLike.scala:244)
	at scala.collection.TraversableLike$$anonfun$map$1.apply(TraversableLike.scala:244)
	at scala.collection.immutable.Set$Set1.foreach(Set.scala:74)
	at scala.collection.TraversableLike$class.map(TraversableLike.scala:244)
	at scala.collection.AbstractSet.scala$collection$SetLike$$super$map(Set.scala:47)
	at scala.collection.SetLike$class.map(SetLike.scala:93)
	at scala.collection.AbstractSet.map(Set.scala:47)
	at kafka.server.KafkaApis.getTopicMetadata(KafkaApis.scala:503)
	at kafka.server.KafkaApis.handleTopicMetadataRequest(KafkaApis.scala:542)
	at kafka.server.KafkaApis.handle(KafkaApis.scala:62)
	at kafka.server.KafkaRequestHandler.run(KafkaRequestHandler.scala:59)
	at java.lang.Thread.run(Thread.java:662)
[2015-09-14 15:43:16,328] ERROR [KafkaApi-0] error when handling request Name: TopicMetadataRequest; Version: 0; CorrelationId: 1; ClientId: ; Topics: us-texas-3.cloud.cisco.com.WORKER (kafka.server.KafkaApis)
kafka.admin.AdminOperationException: replication factor: 1 larger than available brokers: 0
	at kafka.admin.AdminUtils$.assignReplicasToBrokers(AdminUtils.scala:70)
	at kafka.admin.AdminUtils$.createTopic(AdminUtils.scala:171)
	at kafka.server.KafkaApis$$anonfun$19.apply(KafkaApis.scala:520)
	at kafka.server.KafkaApis$$anonfun$19.apply(KafkaApis.scala:503)
	at scala.collection.TraversableLike$$anonfun$map$1.apply(TraversableLike.scala:244)
	at scala.collection.TraversableLike$$anonfun$map$1.apply(TraversableLike.scala:244)
	at scala.collection.immutable.Set$Set1.foreach(Set.scala:74)
	at scala.collection.TraversableLike$class.map(TraversableLike.scala:244)
	at scala.collection.AbstractSet.scala$collection$SetLike$$super$map(Set.scala:47)
	at scala.collection.SetLike$class.map(SetLike.scala:93)
	at scala.collection.AbstractSet.map(Set.scala:47)
	at kafka.server.KafkaApis.getTopicMetadata(KafkaApis.scala:503)
	at kafka.server.KafkaApis.handleTopicMetadataRequest(KafkaApis.scala:542)
	at kafka.server.KafkaApis.handle(KafkaApis.scala:62)
	at kafka.server.KafkaRequestHandler.run(KafkaRequestHandler.scala:59)
	at java.lang.Thread.run(Thread.java:662)
[2015-09-14 15:43:16,329] INFO Closing socket connection to /192.168.56.102. (kafka.network.Processor)
[2015-09-14 15:43:16,330] ERROR Closing socket for /192.168.56.102 because of error (kafka.network.Processor)
java.io.IOException: Connection reset by peer
	at sun.nio.ch.FileDispatcher.read0(Native Method)
	at sun.nio.ch.SocketDispatcher.read(SocketDispatcher.java:21)
	at sun.nio.ch.IOUtil.readIntoNativeBuffer(IOUtil.java:198)
	at sun.nio.ch.IOUtil.read(IOUtil.java:171)
	at sun.nio.ch.SocketChannelImpl.read(SocketChannelImpl.java:245)
	at kafka.utils.Utils$.read(Utils.scala:380)
	at kafka.network.BoundedByteBufferReceive.readFrom(BoundedByteBufferReceive.scala:54)
	at kafka.network.Processor.read(SocketServer.scala:444)
	at kafka.network.Processor.run(SocketServer.scala:340)
	at java.lang.Thread.run(Thread.java:662)
[2015-09-14 15:43:22,817] ERROR [KafkaApi-0] error when handling request Name: TopicMetadataRequest; Version: 0; CorrelationId: 1; ClientId: ; Topics: us-texas-3.cloud.cisco.com.WORKER (kafka.server.KafkaApis)
kafka.admin.AdminOperationException: replication factor: 1 larger than available brokers: 0
	at kafka.admin.AdminUtils$.assignReplicasToBrokers(AdminUtils.scala:70)
	at kafka.admin.AdminUtils$.createTopic(AdminUtils.scala:171)
	at kafka.server.KafkaApis$$anonfun$19.apply(KafkaApis.scala:520)
	at kafka.server.KafkaApis$$anonfun$19.apply(KafkaApis.scala:503)
	at scala.collection.TraversableLike$$anonfun$map$1.apply(TraversableLike.scala:244)
	at scala.collection.TraversableLike$$anonfun$map$1.apply(TraversableLike.scala:244)
	at scala.collection.immutable.Set$Set1.foreach(Set.scala:74)
	at scala.collection.TraversableLike$class.map(TraversableLike.scala:244)
	at scala.collection.AbstractSet.scala$collection$SetLike$$super$map(Set.scala:47)
	at scala.collection.SetLike$class.map(SetLike.scala:93)
	at scala.collection.AbstractSet.map(Set.scala:47)
	at kafka.server.KafkaApis.getTopicMetadata(KafkaApis.scala:503)
	at kafka.server.KafkaApis.handleTopicMetadataRequest(KafkaApis.scala:542)
	at kafka.server.KafkaApis.handle(KafkaApis.scala:62)
	at kafka.server.KafkaRequestHandler.run(KafkaRequestHandler.scala:59)
	at java.lang.Thread.run(Thread.java:662)
[2015-09-14 15:43:22,819] ERROR [KafkaApi-0] error when handling request Name: TopicMetadataRequest; Version: 0; CorrelationId: 2; ClientId: ; Topics: us-texas-3.cloud.cisco.com.WORKER (kafka.server.KafkaApis)
kafka.admin.AdminOperationException: replication factor: 1 larger than available brokers: 0
	at kafka.admin.AdminUtils$.assignReplicasToBrokers(AdminUtils.scala:70)
	at kafka.admin.AdminUtils$.createTopic(AdminUtils.scala:171)
	at kafka.server.KafkaApis$$anonfun$19.apply(KafkaApis.scala:520)
	at kafka.server.KafkaApis$$anonfun$19.apply(KafkaApis.scala:503)
	at scala.collection.TraversableLike$$anonfun$map$1.apply(TraversableLike.scala:244)
	at scala.collection.TraversableLike$$anonfun$map$1.apply(TraversableLike.scala:244)
	at scala.collection.immutable.Set$Set1.foreach(Set.scala:74)
	at scala.collection.TraversableLike$class.map(TraversableLike.scala:244)
	at scala.collection.AbstractSet.scala$collection$SetLike$$super$map(Set.scala:47)
	at scala.collection.SetLike$class.map(SetLike.scala:93)
	at scala.collection.AbstractSet.map(Set.scala:47)
	at kafka.server.KafkaApis.getTopicMetadata(KafkaApis.scala:503)
	at kafka.server.KafkaApis.handleTopicMetadataRequest(KafkaApis.scala:542)
	at kafka.server.KafkaApis.handle(KafkaApis.scala:62)
	at kafka.server.KafkaRequestHandler.run(KafkaRequestHandler.scala:59)
	at java.lang.Thread.run(Thread.java:662)
[2015-09-14 15:43:22,824] INFO Closing socket connection to /192.168.56.102. (kafka.network.Processor)
[2015-09-14 15:43:22,825] ERROR Closing socket for /192.168.56.102 because of error (kafka.network.Processor)
java.io.IOException: Connection reset by peer
	at sun.nio.ch.FileDispatcher.read0(Native Method)
	at sun.nio.ch.SocketDispatcher.read(SocketDispatcher.java:21)
	at sun.nio.ch.IOUtil.readIntoNativeBuffer(IOUtil.java:198)
	at sun.nio.ch.IOUtil.read(IOUtil.java:171)
	at sun.nio.ch.SocketChannelImpl.read(SocketChannelImpl.java:245)
	at kafka.utils.Utils$.read(Utils.scala:380)
	at kafka.network.BoundedByteBufferReceive.readFrom(BoundedByteBufferReceive.scala:54)
	at kafka.network.Processor.read(SocketServer.scala:444)
	at kafka.network.Processor.run(SocketServer.scala:340)
	at java.lang.Thread.run(Thread.java:662)
[2015-09-14 15:44:10,882] ERROR [KafkaApi-0] error when handling request Name: TopicMetadataRequest; Version: 0; CorrelationId: 1; ClientId: ; Topics: us-texas-3.cloud.cisco.com.WORKER (kafka.server.KafkaApis)
kafka.admin.AdminOperationException: replication factor: 1 larger than available brokers: 0
	at kafka.admin.AdminUtils$.assignReplicasToBrokers(AdminUtils.scala:70)
	at kafka.admin.AdminUtils$.createTopic(AdminUtils.scala:171)
	at kafka.server.KafkaApis$$anonfun$19.apply(KafkaApis.scala:520)
	at kafka.server.KafkaApis$$anonfun$19.apply(KafkaApis.scala:503)
	at scala.collection.TraversableLike$$anonfun$map$1.apply(TraversableLike.scala:244)
	at scala.collection.TraversableLike$$anonfun$map$1.apply(TraversableLike.scala:244)
	at scala.collection.immutable.Set$Set1.foreach(Set.scala:74)
	at scala.collection.TraversableLike$class.map(TraversableLike.scala:244)
	at scala.collection.AbstractSet.scala$collection$SetLike$$super$map(Set.scala:47)
	at scala.collection.SetLike$class.map(SetLike.scala:93)
	at scala.collection.AbstractSet.map(Set.scala:47)
	at kafka.server.KafkaApis.getTopicMetadata(KafkaApis.scala:503)
	at kafka.server.KafkaApis.handleTopicMetadataRequest(KafkaApis.scala:542)
	at kafka.server.KafkaApis.handle(KafkaApis.scala:62)
	at kafka.server.KafkaRequestHandler.run(KafkaRequestHandler.scala:59)
	at java.lang.Thread.run(Thread.java:662)
[2015-09-14 15:44:10,883] ERROR [KafkaApi-0] error when handling request Name: TopicMetadataRequest; Version: 0; CorrelationId: 1; ClientId: ; Topics: us-texas-3.cloud.cisco.com.MANAGER (kafka.server.KafkaApis)
kafka.admin.AdminOperationException: replication factor: 1 larger than available brokers: 0
	at kafka.admin.AdminUtils$.assignReplicasToBrokers(AdminUtils.scala:70)
	at kafka.admin.AdminUtils$.createTopic(AdminUtils.scala:171)
	at kafka.server.KafkaApis$$anonfun$19.apply(KafkaApis.scala:520)
	at kafka.server.KafkaApis$$anonfun$19.apply(KafkaApis.scala:503)
	at scala.collection.TraversableLike$$anonfun$map$1.apply(TraversableLike.scala:244)
	at scala.collection.TraversableLike$$anonfun$map$1.apply(TraversableLike.scala:244)
	at scala.collection.immutable.Set$Set1.foreach(Set.scala:74)
	at scala.collection.TraversableLike$class.map(TraversableLike.scala:244)
	at scala.collection.AbstractSet.scala$collection$SetLike$$super$map(Set.scala:47)
	at scala.collection.SetLike$class.map(SetLike.scala:93)
	at scala.collection.AbstractSet.map(Set.scala:47)
	at kafka.server.KafkaApis.getTopicMetadata(KafkaApis.scala:503)
	at kafka.server.KafkaApis.handleTopicMetadataRequest(KafkaApis.scala:542)
	at kafka.server.KafkaApis.handle(KafkaApis.scala:62)
	at kafka.server.KafkaRequestHandler.run(KafkaRequestHandler.scala:59)
	at java.lang.Thread.run(Thread.java:662)
[2015-09-14 15:44:10,887] INFO Closing socket connection to /192.168.56.102. (kafka.network.Processor)
[2015-09-14 15:44:10,887] ERROR Closing socket for /192.168.56.102 because of error (kafka.network.Processor)
java.io.IOException: Connection reset by peer
	at sun.nio.ch.FileDispatcher.read0(Native Method)
	at sun.nio.ch.SocketDispatcher.read(SocketDispatcher.java:21)
	at sun.nio.ch.IOUtil.readIntoNativeBuffer(IOUtil.java:198)
	at sun.nio.ch.IOUtil.read(IOUtil.java:171)
	at sun.nio.ch.SocketChannelImpl.read(SocketChannelImpl.java:245)
	at kafka.utils.Utils$.read(Utils.scala:380)
	at kafka.network.BoundedByteBufferReceive.readFrom(BoundedByteBufferReceive.scala:54)
	at kafka.network.Processor.read(SocketServer.scala:444)
	at kafka.network.Processor.run(SocketServer.scala:340)
	at java.lang.Thread.run(Thread.java:662)
[2015-09-14 15:46:18,538] INFO [Kafka Server 0], shutting down (kafka.server.KafkaServer)
[2015-09-14 15:46:18,538] INFO [Kafka Server 0], Starting controlled shutdown (kafka.server.KafkaServer)
[2015-09-14 15:46:19,948] WARN Controller doesn't exist (kafka.utils.Utils$)
kafka.common.KafkaException: Controller doesn't exist
	at kafka.utils.ZkUtils$.getController(ZkUtils.scala:67)
	at kafka.server.KafkaServer.kafka$server$KafkaServer$$controlledShutdown(KafkaServer.scala:194)
	at kafka.server.KafkaServer$$anonfun$shutdown$1.apply$mcV$sp(KafkaServer.scala:269)
	at kafka.utils.Utils$.swallow(Utils.scala:172)
	at kafka.utils.Logging$class.swallowWarn(Logging.scala:92)
	at kafka.utils.Utils$.swallowWarn(Utils.scala:45)
	at kafka.utils.Logging$class.swallow(Logging.scala:94)
	at kafka.utils.Utils$.swallow(Utils.scala:45)
	at kafka.server.KafkaServer.shutdown(KafkaServer.scala:269)
	at kafka.server.KafkaServerStartable.shutdown(KafkaServerStartable.scala:42)
	at kafka.Kafka$$anon$1.run(Kafka.scala:42)
[2015-09-14 15:46:19,949] INFO [Socket Server on Broker 0], Shutting down (kafka.network.SocketServer)
[2015-09-14 15:46:19,950] INFO [Socket Server on Broker 0], Shutdown completed (kafka.network.SocketServer)
[2015-09-14 15:46:19,951] INFO [Kafka Request Handler on Broker 0], shutting down (kafka.server.KafkaRequestHandlerPool)
[2015-09-14 15:46:19,953] INFO [Kafka Request Handler on Broker 0], shut down completely (kafka.server.KafkaRequestHandlerPool)
[2015-09-14 15:46:20,291] INFO [Replica Manager on Broker 0]: Shut down (kafka.server.ReplicaManager)
[2015-09-14 15:46:20,291] INFO [ReplicaFetcherManager on broker 0] shutting down (kafka.server.ReplicaFetcherManager)
[2015-09-14 15:46:20,292] INFO [ReplicaFetcherManager on broker 0] shutdown completed (kafka.server.ReplicaFetcherManager)
[2015-09-14 15:46:20,294] INFO [Replica Manager on Broker 0]: Shut down completely (kafka.server.ReplicaManager)
[2015-09-14 15:46:20,294] INFO Shutting down. (kafka.log.LogManager)
[2015-09-14 15:46:20,299] INFO Shutdown complete. (kafka.log.LogManager)
[2015-09-14 15:47:30,250] INFO Verifying properties (kafka.utils.VerifiableProperties)
[2015-09-14 15:47:30,295] INFO Property broker.id is overridden to 0 (kafka.utils.VerifiableProperties)
[2015-09-14 15:47:30,296] INFO Property delete.topic.enable is overridden to true (kafka.utils.VerifiableProperties)
[2015-09-14 15:47:30,296] INFO Property log.cleaner.enable is overridden to false (kafka.utils.VerifiableProperties)
[2015-09-14 15:47:30,296] INFO Property log.dirs is overridden to /tmp/kafka-logs (kafka.utils.VerifiableProperties)
[2015-09-14 15:47:30,296] INFO Property log.retention.check.interval.ms is overridden to 300000 (kafka.utils.VerifiableProperties)
[2015-09-14 15:47:30,302] INFO Property log.retention.hours is overridden to 168 (kafka.utils.VerifiableProperties)
[2015-09-14 15:47:30,303] INFO Property log.segment.bytes is overridden to 1073741824 (kafka.utils.VerifiableProperties)
[2015-09-14 15:47:30,303] INFO Property num.io.threads is overridden to 8 (kafka.utils.VerifiableProperties)
[2015-09-14 15:47:30,303] INFO Property num.network.threads is overridden to 3 (kafka.utils.VerifiableProperties)
[2015-09-14 15:47:30,303] INFO Property num.partitions is overridden to 1 (kafka.utils.VerifiableProperties)
[2015-09-14 15:47:30,303] INFO Property num.recovery.threads.per.data.dir is overridden to 1 (kafka.utils.VerifiableProperties)
[2015-09-14 15:47:30,304] INFO Property port is overridden to 9092 (kafka.utils.VerifiableProperties)
[2015-09-14 15:47:30,304] INFO Property socket.receive.buffer.bytes is overridden to 102400 (kafka.utils.VerifiableProperties)
[2015-09-14 15:47:30,304] INFO Property socket.request.max.bytes is overridden to 104857600 (kafka.utils.VerifiableProperties)
[2015-09-14 15:47:30,308] INFO Property socket.send.buffer.bytes is overridden to 102400 (kafka.utils.VerifiableProperties)
[2015-09-14 15:47:30,308] INFO Property zookeeper.connect is overridden to localhost:2181 (kafka.utils.VerifiableProperties)
[2015-09-14 15:47:30,308] INFO Property zookeeper.connection.timeout.ms is overridden to 6000 (kafka.utils.VerifiableProperties)
[2015-09-14 15:47:30,384] INFO [Kafka Server 0], starting (kafka.server.KafkaServer)
[2015-09-14 15:47:30,385] INFO [Kafka Server 0], Connecting to zookeeper on localhost:2181 (kafka.server.KafkaServer)
[2015-09-14 15:47:30,662] INFO Log directory '/tmp/kafka-logs' not found, creating it. (kafka.log.LogManager)
[2015-09-14 15:47:30,675] INFO Loading logs. (kafka.log.LogManager)
[2015-09-14 15:47:30,679] INFO Logs loading complete. (kafka.log.LogManager)
[2015-09-14 15:47:30,679] INFO Starting log cleanup with a period of 300000 ms. (kafka.log.LogManager)
[2015-09-14 15:47:30,681] INFO Starting log flusher with a default period of 9223372036854775807 ms. (kafka.log.LogManager)
[2015-09-14 15:47:30,738] INFO Awaiting socket connections on 0.0.0.0:9092. (kafka.network.Acceptor)
[2015-09-14 15:47:30,739] INFO [Socket Server on Broker 0], Started (kafka.network.SocketServer)
[2015-09-14 15:47:30,852] INFO Will not load MX4J, mx4j-tools.jar is not in the classpath (kafka.utils.Mx4jLoader$)
[2015-09-14 15:47:30,871] INFO 0 successfully elected as leader (kafka.server.ZookeeperLeaderElector)
[2015-09-14 15:47:31,174] INFO Registered broker 0 at path /brokers/ids/0 with address johnc-VirtualBox1:9092. (kafka.utils.ZkUtils$)
[2015-09-14 15:47:31,177] INFO New leader is 0 (kafka.server.ZookeeperLeaderElector$LeaderChangeListener)
[2015-09-14 15:47:31,193] INFO [Kafka Server 0], started (kafka.server.KafkaServer)
[2015-09-14 15:48:10,170] INFO Closing socket connection to /192.168.56.102. (kafka.network.Processor)
[2015-09-14 15:48:10,171] ERROR Closing socket for /192.168.56.102 because of error (kafka.network.Processor)
java.io.IOException: Connection reset by peer
	at sun.nio.ch.FileDispatcher.read0(Native Method)
	at sun.nio.ch.SocketDispatcher.read(SocketDispatcher.java:21)
	at sun.nio.ch.IOUtil.readIntoNativeBuffer(IOUtil.java:198)
	at sun.nio.ch.IOUtil.read(IOUtil.java:171)
	at sun.nio.ch.SocketChannelImpl.read(SocketChannelImpl.java:245)
	at kafka.utils.Utils$.read(Utils.scala:380)
	at kafka.network.BoundedByteBufferReceive.readFrom(BoundedByteBufferReceive.scala:54)
	at kafka.network.Processor.read(SocketServer.scala:444)
	at kafka.network.Processor.run(SocketServer.scala:340)
	at java.lang.Thread.run(Thread.java:662)
[2015-09-14 15:48:23,385] INFO [Kafka Server 0], shutting down (kafka.server.KafkaServer)
[2015-09-14 15:48:23,386] INFO [Kafka Server 0], Starting controlled shutdown (kafka.server.KafkaServer)
[2015-09-14 15:48:25,261] WARN [Kafka Server 0], Error during controlled shutdown, possibly because leader movement took longer than the configured socket.timeout.ms: null (kafka.server.KafkaServer)
[2015-09-14 15:48:30,263] WARN [Kafka Server 0], Retrying controlled shutdown after the previous attempt failed... (kafka.server.KafkaServer)
[2015-09-14 15:48:31,260] WARN [Kafka Server 0], Error during controlled shutdown, possibly because leader movement took longer than the configured socket.timeout.ms: null (kafka.server.KafkaServer)
[2015-09-14 15:48:36,261] WARN [Kafka Server 0], Retrying controlled shutdown after the previous attempt failed... (kafka.server.KafkaServer)
[2015-09-14 15:48:37,261] WARN [Kafka Server 0], Error during controlled shutdown, possibly because leader movement took longer than the configured socket.timeout.ms: null (kafka.server.KafkaServer)
[2015-09-14 15:48:42,261] WARN [Kafka Server 0], Retrying controlled shutdown after the previous attempt failed... (kafka.server.KafkaServer)
[2015-09-14 15:48:42,262] WARN [Kafka Server 0], Proceeding to do an unclean shutdown as all the controlled shutdown attempts failed (kafka.server.KafkaServer)
[2015-09-14 15:48:42,262] INFO [Socket Server on Broker 0], Shutting down (kafka.network.SocketServer)
[2015-09-14 15:48:42,266] INFO [Socket Server on Broker 0], Shutdown completed (kafka.network.SocketServer)
[2015-09-14 15:48:42,266] INFO [Kafka Request Handler on Broker 0], shutting down (kafka.server.KafkaRequestHandlerPool)
[2015-09-14 15:48:42,268] INFO [Kafka Request Handler on Broker 0], shut down completely (kafka.server.KafkaRequestHandlerPool)
[2015-09-14 15:48:42,639] INFO [Replica Manager on Broker 0]: Shut down (kafka.server.ReplicaManager)
[2015-09-14 15:48:42,639] INFO [ReplicaFetcherManager on broker 0] shutting down (kafka.server.ReplicaFetcherManager)
[2015-09-14 15:48:42,640] INFO [ReplicaFetcherManager on broker 0] shutdown completed (kafka.server.ReplicaFetcherManager)
[2015-09-14 15:48:42,642] INFO [Replica Manager on Broker 0]: Shut down completely (kafka.server.ReplicaManager)
[2015-09-14 15:48:42,643] INFO Shutting down. (kafka.log.LogManager)
[2015-09-14 15:48:42,647] INFO Shutdown complete. (kafka.log.LogManager)
[2015-09-14 15:48:43,261] WARN sleep interrupted (kafka.utils.Utils$)
java.lang.InterruptedException: sleep interrupted
	at java.lang.Thread.sleep(Native Method)
	at kafka.controller.RequestSendThread$$anonfun$liftedTree1$1$1.apply$mcV$sp(ControllerChannelManager.scala:144)
	at kafka.utils.Utils$.swallow(Utils.scala:172)
	at kafka.utils.Logging$class.swallowWarn(Logging.scala:92)
	at kafka.utils.Utils$.swallowWarn(Utils.scala:45)
	at kafka.utils.Logging$class.swallow(Logging.scala:94)
	at kafka.utils.Utils$.swallow(Utils.scala:45)
	at kafka.controller.RequestSendThread.liftedTree1$1(ControllerChannelManager.scala:144)
	at kafka.controller.RequestSendThread.doWork(ControllerChannelManager.scala:131)
	at kafka.utils.ShutdownableThread.run(ShutdownableThread.scala:60)
[2015-09-14 15:48:43,293] INFO [Kafka Server 0], shut down completed (kafka.server.KafkaServer)
