[2015-09-14 15:05:37,754] TRACE Controller 0 epoch 22 started leader election for partition [us-texas-3.cloud.cisco.com.MANAGER,0] (state.change.logger)
[2015-09-14 15:05:37,785] ERROR Controller 0 epoch 22 initiated state change for partition [us-texas-3.cloud.cisco.com.MANAGER,0] from OfflinePartition to OnlinePartition failed (state.change.logger)
kafka.common.NoReplicaOnlineException: No replica for partition [us-texas-3.cloud.cisco.com.MANAGER,0] is alive. Live brokers are: [Set()], Assigned replicas are: [List(0)]
	at kafka.controller.OfflinePartitionLeaderSelector.selectLeader(PartitionLeaderSelector.scala:75)
	at kafka.controller.PartitionStateMachine.electLeaderForPartition(PartitionStateMachine.scala:357)
	at kafka.controller.PartitionStateMachine.kafka$controller$PartitionStateMachine$$handleStateChange(PartitionStateMachine.scala:206)
	at kafka.controller.PartitionStateMachine$$anonfun$triggerOnlinePartitionStateChange$3.apply(PartitionStateMachine.scala:120)
	at kafka.controller.PartitionStateMachine$$anonfun$triggerOnlinePartitionStateChange$3.apply(PartitionStateMachine.scala:117)
	at scala.collection.TraversableLike$WithFilter$$anonfun$foreach$1.apply(TraversableLike.scala:772)
	at scala.collection.mutable.HashMap$$anonfun$foreach$1.apply(HashMap.scala:98)
	at scala.collection.mutable.HashMap$$anonfun$foreach$1.apply(HashMap.scala:98)
	at scala.collection.mutable.HashTable$class.foreachEntry(HashTable.scala:226)
	at scala.collection.mutable.HashMap.foreachEntry(HashMap.scala:39)
	at scala.collection.mutable.HashMap.foreach(HashMap.scala:98)
	at scala.collection.TraversableLike$WithFilter.foreach(TraversableLike.scala:771)
	at kafka.controller.PartitionStateMachine.triggerOnlinePartitionStateChange(PartitionStateMachine.scala:117)
	at kafka.controller.PartitionStateMachine.startup(PartitionStateMachine.scala:70)
	at kafka.controller.KafkaController.onControllerFailover(KafkaController.scala:314)
	at kafka.controller.KafkaController$$anonfun$1.apply$mcV$sp(KafkaController.scala:161)
	at kafka.server.ZookeeperLeaderElector.elect(ZookeeperLeaderElector.scala:81)
	at kafka.server.ZookeeperLeaderElector$$anonfun$startup$1.apply$mcZ$sp(ZookeeperLeaderElector.scala:49)
	at kafka.server.ZookeeperLeaderElector$$anonfun$startup$1.apply(ZookeeperLeaderElector.scala:47)
	at kafka.server.ZookeeperLeaderElector$$anonfun$startup$1.apply(ZookeeperLeaderElector.scala:47)
	at kafka.utils.Utils$.inLock(Utils.scala:535)
	at kafka.server.ZookeeperLeaderElector.startup(ZookeeperLeaderElector.scala:47)
	at kafka.controller.KafkaController$$anonfun$startup$1.apply$mcV$sp(KafkaController.scala:650)
	at kafka.controller.KafkaController$$anonfun$startup$1.apply(KafkaController.scala:646)
	at kafka.controller.KafkaController$$anonfun$startup$1.apply(KafkaController.scala:646)
	at kafka.utils.Utils$.inLock(Utils.scala:535)
	at kafka.controller.KafkaController.startup(KafkaController.scala:646)
	at kafka.server.KafkaServer.startup(KafkaServer.scala:117)
	at kafka.server.KafkaServerStartable.startup(KafkaServerStartable.scala:29)
	at kafka.Kafka$.main(Kafka.scala:46)
	at kafka.Kafka.main(Kafka.scala)
[2015-09-14 15:05:37,787] TRACE Controller 0 epoch 22 started leader election for partition [us-texas-3.cloud.cisco.com.WORKER,0] (state.change.logger)
[2015-09-14 15:05:37,814] ERROR Controller 0 epoch 22 initiated state change for partition [us-texas-3.cloud.cisco.com.WORKER,0] from OfflinePartition to OnlinePartition failed (state.change.logger)
kafka.common.NoReplicaOnlineException: No replica for partition [us-texas-3.cloud.cisco.com.WORKER,0] is alive. Live brokers are: [Set()], Assigned replicas are: [List(0)]
	at kafka.controller.OfflinePartitionLeaderSelector.selectLeader(PartitionLeaderSelector.scala:75)
	at kafka.controller.PartitionStateMachine.electLeaderForPartition(PartitionStateMachine.scala:357)
	at kafka.controller.PartitionStateMachine.kafka$controller$PartitionStateMachine$$handleStateChange(PartitionStateMachine.scala:206)
	at kafka.controller.PartitionStateMachine$$anonfun$triggerOnlinePartitionStateChange$3.apply(PartitionStateMachine.scala:120)
	at kafka.controller.PartitionStateMachine$$anonfun$triggerOnlinePartitionStateChange$3.apply(PartitionStateMachine.scala:117)
	at scala.collection.TraversableLike$WithFilter$$anonfun$foreach$1.apply(TraversableLike.scala:772)
	at scala.collection.mutable.HashMap$$anonfun$foreach$1.apply(HashMap.scala:98)
	at scala.collection.mutable.HashMap$$anonfun$foreach$1.apply(HashMap.scala:98)
	at scala.collection.mutable.HashTable$class.foreachEntry(HashTable.scala:226)
	at scala.collection.mutable.HashMap.foreachEntry(HashMap.scala:39)
	at scala.collection.mutable.HashMap.foreach(HashMap.scala:98)
	at scala.collection.TraversableLike$WithFilter.foreach(TraversableLike.scala:771)
	at kafka.controller.PartitionStateMachine.triggerOnlinePartitionStateChange(PartitionStateMachine.scala:117)
	at kafka.controller.PartitionStateMachine.startup(PartitionStateMachine.scala:70)
	at kafka.controller.KafkaController.onControllerFailover(KafkaController.scala:314)
	at kafka.controller.KafkaController$$anonfun$1.apply$mcV$sp(KafkaController.scala:161)
	at kafka.server.ZookeeperLeaderElector.elect(ZookeeperLeaderElector.scala:81)
	at kafka.server.ZookeeperLeaderElector$$anonfun$startup$1.apply$mcZ$sp(ZookeeperLeaderElector.scala:49)
	at kafka.server.ZookeeperLeaderElector$$anonfun$startup$1.apply(ZookeeperLeaderElector.scala:47)
	at kafka.server.ZookeeperLeaderElector$$anonfun$startup$1.apply(ZookeeperLeaderElector.scala:47)
	at kafka.utils.Utils$.inLock(Utils.scala:535)
	at kafka.server.ZookeeperLeaderElector.startup(ZookeeperLeaderElector.scala:47)
	at kafka.controller.KafkaController$$anonfun$startup$1.apply$mcV$sp(KafkaController.scala:650)
	at kafka.controller.KafkaController$$anonfun$startup$1.apply(KafkaController.scala:646)
	at kafka.controller.KafkaController$$anonfun$startup$1.apply(KafkaController.scala:646)
	at kafka.utils.Utils$.inLock(Utils.scala:535)
	at kafka.controller.KafkaController.startup(KafkaController.scala:646)
	at kafka.server.KafkaServer.startup(KafkaServer.scala:117)
	at kafka.server.KafkaServerStartable.startup(KafkaServerStartable.scala:29)
	at kafka.Kafka$.main(Kafka.scala:46)
	at kafka.Kafka.main(Kafka.scala)
[2015-09-14 15:05:40,921] TRACE Controller 0 epoch 22 sending UpdateMetadata request (Leader:0,ISR:0,LeaderEpoch:13,ControllerEpoch:21) with correlationId 3 to broker 0 for partition [us-texas-3.cloud.cisco.com.MANAGER,0] (state.change.logger)
[2015-09-14 15:05:40,922] TRACE Controller 0 epoch 22 sending UpdateMetadata request (Leader:0,ISR:0,LeaderEpoch:13,ControllerEpoch:21) with correlationId 3 to broker 0 for partition [us-texas-3.cloud.cisco.com.WORKER,0] (state.change.logger)
[2015-09-14 15:05:40,933] TRACE Controller 0 epoch 22 changed state of replica 0 for partition [us-texas-3.cloud.cisco.com.MANAGER,0] from ReplicaDeletionIneligible to OnlineReplica (state.change.logger)
[2015-09-14 15:05:40,934] TRACE Controller 0 epoch 22 changed state of replica 0 for partition [us-texas-3.cloud.cisco.com.WORKER,0] from ReplicaDeletionIneligible to OnlineReplica (state.change.logger)
[2015-09-14 15:05:40,941] TRACE Controller 0 epoch 22 sending become-leader LeaderAndIsr request (Leader:0,ISR:0,LeaderEpoch:13,ControllerEpoch:21) with correlationId 4 to broker 0 for partition [us-texas-3.cloud.cisco.com.MANAGER,0] (state.change.logger)
[2015-09-14 15:05:40,941] TRACE Controller 0 epoch 22 sending become-leader LeaderAndIsr request (Leader:0,ISR:0,LeaderEpoch:13,ControllerEpoch:21) with correlationId 4 to broker 0 for partition [us-texas-3.cloud.cisco.com.WORKER,0] (state.change.logger)
[2015-09-14 15:05:40,941] TRACE Controller 0 epoch 22 sending UpdateMetadata request (Leader:0,ISR:0,LeaderEpoch:13,ControllerEpoch:21) with correlationId 4 to broker 0 for partition [us-texas-3.cloud.cisco.com.MANAGER,0] (state.change.logger)
[2015-09-14 15:05:40,941] TRACE Controller 0 epoch 22 sending UpdateMetadata request (Leader:0,ISR:0,LeaderEpoch:13,ControllerEpoch:21) with correlationId 4 to broker 0 for partition [us-texas-3.cloud.cisco.com.WORKER,0] (state.change.logger)
[2015-09-14 15:05:40,942] TRACE Controller 0 epoch 22 started leader election for partition [us-texas-3.cloud.cisco.com.MANAGER,0] (state.change.logger)
[2015-09-14 15:05:40,964] TRACE Controller 0 epoch 22 elected leader 0 for Offline partition [us-texas-3.cloud.cisco.com.MANAGER,0] (state.change.logger)
[2015-09-14 15:05:40,966] TRACE Controller 0 epoch 22 changed partition [us-texas-3.cloud.cisco.com.MANAGER,0] from OfflinePartition to OnlinePartition with leader 0 (state.change.logger)
[2015-09-14 15:05:40,966] TRACE Controller 0 epoch 22 started leader election for partition [us-texas-3.cloud.cisco.com.WORKER,0] (state.change.logger)
[2015-09-14 15:05:41,028] TRACE Controller 0 epoch 22 elected leader 0 for Offline partition [us-texas-3.cloud.cisco.com.WORKER,0] (state.change.logger)
[2015-09-14 15:05:41,028] TRACE Controller 0 epoch 22 changed partition [us-texas-3.cloud.cisco.com.WORKER,0] from OfflinePartition to OnlinePartition with leader 0 (state.change.logger)
[2015-09-14 15:05:41,029] TRACE Controller 0 epoch 22 sending become-leader LeaderAndIsr request (Leader:0,ISR:0,LeaderEpoch:14,ControllerEpoch:22) with correlationId 5 to broker 0 for partition [us-texas-3.cloud.cisco.com.MANAGER,0] (state.change.logger)
[2015-09-14 15:05:41,029] TRACE Controller 0 epoch 22 sending become-leader LeaderAndIsr request (Leader:0,ISR:0,LeaderEpoch:14,ControllerEpoch:22) with correlationId 5 to broker 0 for partition [us-texas-3.cloud.cisco.com.WORKER,0] (state.change.logger)
[2015-09-14 15:05:41,030] TRACE Controller 0 epoch 22 sending UpdateMetadata request (Leader:0,ISR:0,LeaderEpoch:14,ControllerEpoch:22) with correlationId 5 to broker 0 for partition [us-texas-3.cloud.cisco.com.MANAGER,0] (state.change.logger)
[2015-09-14 15:05:41,030] TRACE Controller 0 epoch 22 sending UpdateMetadata request (Leader:0,ISR:0,LeaderEpoch:14,ControllerEpoch:22) with correlationId 5 to broker 0 for partition [us-texas-3.cloud.cisco.com.WORKER,0] (state.change.logger)
[2015-09-14 15:10:19,143] TRACE Controller 0 epoch 23 started leader election for partition [us-texas-3.cloud.cisco.com.MANAGER,0] (state.change.logger)
[2015-09-14 15:10:19,171] ERROR Controller 0 epoch 23 initiated state change for partition [us-texas-3.cloud.cisco.com.MANAGER,0] from OfflinePartition to OnlinePartition failed (state.change.logger)
kafka.common.NoReplicaOnlineException: No replica for partition [us-texas-3.cloud.cisco.com.MANAGER,0] is alive. Live brokers are: [Set()], Assigned replicas are: [List(0)]
	at kafka.controller.OfflinePartitionLeaderSelector.selectLeader(PartitionLeaderSelector.scala:75)
	at kafka.controller.PartitionStateMachine.electLeaderForPartition(PartitionStateMachine.scala:357)
	at kafka.controller.PartitionStateMachine.kafka$controller$PartitionStateMachine$$handleStateChange(PartitionStateMachine.scala:206)
	at kafka.controller.PartitionStateMachine$$anonfun$triggerOnlinePartitionStateChange$3.apply(PartitionStateMachine.scala:120)
	at kafka.controller.PartitionStateMachine$$anonfun$triggerOnlinePartitionStateChange$3.apply(PartitionStateMachine.scala:117)
	at scala.collection.TraversableLike$WithFilter$$anonfun$foreach$1.apply(TraversableLike.scala:772)
	at scala.collection.mutable.HashMap$$anonfun$foreach$1.apply(HashMap.scala:98)
	at scala.collection.mutable.HashMap$$anonfun$foreach$1.apply(HashMap.scala:98)
	at scala.collection.mutable.HashTable$class.foreachEntry(HashTable.scala:226)
	at scala.collection.mutable.HashMap.foreachEntry(HashMap.scala:39)
	at scala.collection.mutable.HashMap.foreach(HashMap.scala:98)
	at scala.collection.TraversableLike$WithFilter.foreach(TraversableLike.scala:771)
	at kafka.controller.PartitionStateMachine.triggerOnlinePartitionStateChange(PartitionStateMachine.scala:117)
	at kafka.controller.PartitionStateMachine.startup(PartitionStateMachine.scala:70)
	at kafka.controller.KafkaController.onControllerFailover(KafkaController.scala:314)
	at kafka.controller.KafkaController$$anonfun$1.apply$mcV$sp(KafkaController.scala:161)
	at kafka.server.ZookeeperLeaderElector.elect(ZookeeperLeaderElector.scala:81)
	at kafka.server.ZookeeperLeaderElector$$anonfun$startup$1.apply$mcZ$sp(ZookeeperLeaderElector.scala:49)
	at kafka.server.ZookeeperLeaderElector$$anonfun$startup$1.apply(ZookeeperLeaderElector.scala:47)
	at kafka.server.ZookeeperLeaderElector$$anonfun$startup$1.apply(ZookeeperLeaderElector.scala:47)
	at kafka.utils.Utils$.inLock(Utils.scala:535)
	at kafka.server.ZookeeperLeaderElector.startup(ZookeeperLeaderElector.scala:47)
	at kafka.controller.KafkaController$$anonfun$startup$1.apply$mcV$sp(KafkaController.scala:650)
	at kafka.controller.KafkaController$$anonfun$startup$1.apply(KafkaController.scala:646)
	at kafka.controller.KafkaController$$anonfun$startup$1.apply(KafkaController.scala:646)
	at kafka.utils.Utils$.inLock(Utils.scala:535)
	at kafka.controller.KafkaController.startup(KafkaController.scala:646)
	at kafka.server.KafkaServer.startup(KafkaServer.scala:117)
	at kafka.server.KafkaServerStartable.startup(KafkaServerStartable.scala:29)
	at kafka.Kafka$.main(Kafka.scala:46)
	at kafka.Kafka.main(Kafka.scala)
[2015-09-14 15:10:19,174] TRACE Controller 0 epoch 23 started leader election for partition [us-texas-3.cloud.cisco.com.WORKER,0] (state.change.logger)
[2015-09-14 15:10:19,200] ERROR Controller 0 epoch 23 initiated state change for partition [us-texas-3.cloud.cisco.com.WORKER,0] from OfflinePartition to OnlinePartition failed (state.change.logger)
kafka.common.NoReplicaOnlineException: No replica for partition [us-texas-3.cloud.cisco.com.WORKER,0] is alive. Live brokers are: [Set()], Assigned replicas are: [List(0)]
	at kafka.controller.OfflinePartitionLeaderSelector.selectLeader(PartitionLeaderSelector.scala:75)
	at kafka.controller.PartitionStateMachine.electLeaderForPartition(PartitionStateMachine.scala:357)
	at kafka.controller.PartitionStateMachine.kafka$controller$PartitionStateMachine$$handleStateChange(PartitionStateMachine.scala:206)
	at kafka.controller.PartitionStateMachine$$anonfun$triggerOnlinePartitionStateChange$3.apply(PartitionStateMachine.scala:120)
	at kafka.controller.PartitionStateMachine$$anonfun$triggerOnlinePartitionStateChange$3.apply(PartitionStateMachine.scala:117)
	at scala.collection.TraversableLike$WithFilter$$anonfun$foreach$1.apply(TraversableLike.scala:772)
	at scala.collection.mutable.HashMap$$anonfun$foreach$1.apply(HashMap.scala:98)
	at scala.collection.mutable.HashMap$$anonfun$foreach$1.apply(HashMap.scala:98)
	at scala.collection.mutable.HashTable$class.foreachEntry(HashTable.scala:226)
	at scala.collection.mutable.HashMap.foreachEntry(HashMap.scala:39)
	at scala.collection.mutable.HashMap.foreach(HashMap.scala:98)
	at scala.collection.TraversableLike$WithFilter.foreach(TraversableLike.scala:771)
	at kafka.controller.PartitionStateMachine.triggerOnlinePartitionStateChange(PartitionStateMachine.scala:117)
	at kafka.controller.PartitionStateMachine.startup(PartitionStateMachine.scala:70)
	at kafka.controller.KafkaController.onControllerFailover(KafkaController.scala:314)
	at kafka.controller.KafkaController$$anonfun$1.apply$mcV$sp(KafkaController.scala:161)
	at kafka.server.ZookeeperLeaderElector.elect(ZookeeperLeaderElector.scala:81)
	at kafka.server.ZookeeperLeaderElector$$anonfun$startup$1.apply$mcZ$sp(ZookeeperLeaderElector.scala:49)
	at kafka.server.ZookeeperLeaderElector$$anonfun$startup$1.apply(ZookeeperLeaderElector.scala:47)
	at kafka.server.ZookeeperLeaderElector$$anonfun$startup$1.apply(ZookeeperLeaderElector.scala:47)
	at kafka.utils.Utils$.inLock(Utils.scala:535)
	at kafka.server.ZookeeperLeaderElector.startup(ZookeeperLeaderElector.scala:47)
	at kafka.controller.KafkaController$$anonfun$startup$1.apply$mcV$sp(KafkaController.scala:650)
	at kafka.controller.KafkaController$$anonfun$startup$1.apply(KafkaController.scala:646)
	at kafka.controller.KafkaController$$anonfun$startup$1.apply(KafkaController.scala:646)
	at kafka.utils.Utils$.inLock(Utils.scala:535)
	at kafka.controller.KafkaController.startup(KafkaController.scala:646)
	at kafka.server.KafkaServer.startup(KafkaServer.scala:117)
	at kafka.server.KafkaServerStartable.startup(KafkaServerStartable.scala:29)
	at kafka.Kafka$.main(Kafka.scala:46)
	at kafka.Kafka.main(Kafka.scala)
[2015-09-14 15:10:22,335] TRACE Controller 0 epoch 23 sending UpdateMetadata request (Leader:0,ISR:0,LeaderEpoch:14,ControllerEpoch:22) with correlationId 3 to broker 0 for partition [us-texas-3.cloud.cisco.com.MANAGER,0] (state.change.logger)
[2015-09-14 15:10:22,335] TRACE Controller 0 epoch 23 sending UpdateMetadata request (Leader:0,ISR:0,LeaderEpoch:14,ControllerEpoch:22) with correlationId 3 to broker 0 for partition [us-texas-3.cloud.cisco.com.WORKER,0] (state.change.logger)
[2015-09-14 15:10:22,345] TRACE Controller 0 epoch 23 changed state of replica 0 for partition [us-texas-3.cloud.cisco.com.MANAGER,0] from ReplicaDeletionIneligible to OnlineReplica (state.change.logger)
[2015-09-14 15:10:22,346] TRACE Controller 0 epoch 23 changed state of replica 0 for partition [us-texas-3.cloud.cisco.com.WORKER,0] from ReplicaDeletionIneligible to OnlineReplica (state.change.logger)
[2015-09-14 15:10:22,349] TRACE Controller 0 epoch 23 sending become-leader LeaderAndIsr request (Leader:0,ISR:0,LeaderEpoch:14,ControllerEpoch:22) with correlationId 4 to broker 0 for partition [us-texas-3.cloud.cisco.com.MANAGER,0] (state.change.logger)
[2015-09-14 15:10:22,349] TRACE Controller 0 epoch 23 sending become-leader LeaderAndIsr request (Leader:0,ISR:0,LeaderEpoch:14,ControllerEpoch:22) with correlationId 4 to broker 0 for partition [us-texas-3.cloud.cisco.com.WORKER,0] (state.change.logger)
[2015-09-14 15:10:22,350] TRACE Controller 0 epoch 23 sending UpdateMetadata request (Leader:0,ISR:0,LeaderEpoch:14,ControllerEpoch:22) with correlationId 4 to broker 0 for partition [us-texas-3.cloud.cisco.com.MANAGER,0] (state.change.logger)
[2015-09-14 15:10:22,350] TRACE Controller 0 epoch 23 sending UpdateMetadata request (Leader:0,ISR:0,LeaderEpoch:14,ControllerEpoch:22) with correlationId 4 to broker 0 for partition [us-texas-3.cloud.cisco.com.WORKER,0] (state.change.logger)
[2015-09-14 15:10:22,350] TRACE Controller 0 epoch 23 started leader election for partition [us-texas-3.cloud.cisco.com.MANAGER,0] (state.change.logger)
[2015-09-14 15:10:22,368] TRACE Controller 0 epoch 23 elected leader 0 for Offline partition [us-texas-3.cloud.cisco.com.MANAGER,0] (state.change.logger)
[2015-09-14 15:10:22,370] TRACE Controller 0 epoch 23 changed partition [us-texas-3.cloud.cisco.com.MANAGER,0] from OfflinePartition to OnlinePartition with leader 0 (state.change.logger)
[2015-09-14 15:10:22,370] TRACE Controller 0 epoch 23 started leader election for partition [us-texas-3.cloud.cisco.com.WORKER,0] (state.change.logger)
[2015-09-14 15:10:22,421] TRACE Controller 0 epoch 23 elected leader 0 for Offline partition [us-texas-3.cloud.cisco.com.WORKER,0] (state.change.logger)
[2015-09-14 15:10:22,422] TRACE Controller 0 epoch 23 changed partition [us-texas-3.cloud.cisco.com.WORKER,0] from OfflinePartition to OnlinePartition with leader 0 (state.change.logger)
[2015-09-14 15:10:22,422] TRACE Controller 0 epoch 23 sending become-leader LeaderAndIsr request (Leader:0,ISR:0,LeaderEpoch:15,ControllerEpoch:23) with correlationId 5 to broker 0 for partition [us-texas-3.cloud.cisco.com.MANAGER,0] (state.change.logger)
[2015-09-14 15:10:22,422] TRACE Controller 0 epoch 23 sending become-leader LeaderAndIsr request (Leader:0,ISR:0,LeaderEpoch:15,ControllerEpoch:23) with correlationId 5 to broker 0 for partition [us-texas-3.cloud.cisco.com.WORKER,0] (state.change.logger)
[2015-09-14 15:10:22,422] TRACE Controller 0 epoch 23 sending UpdateMetadata request (Leader:0,ISR:0,LeaderEpoch:15,ControllerEpoch:23) with correlationId 5 to broker 0 for partition [us-texas-3.cloud.cisco.com.MANAGER,0] (state.change.logger)
[2015-09-14 15:10:22,423] TRACE Controller 0 epoch 23 sending UpdateMetadata request (Leader:0,ISR:0,LeaderEpoch:15,ControllerEpoch:23) with correlationId 5 to broker 0 for partition [us-texas-3.cloud.cisco.com.WORKER,0] (state.change.logger)
[2015-09-14 15:18:43,484] TRACE Controller 0 epoch 24 started leader election for partition [us-texas-3.cloud.cisco.com.MANAGER,0] (state.change.logger)
[2015-09-14 15:18:43,515] ERROR Controller 0 epoch 24 initiated state change for partition [us-texas-3.cloud.cisco.com.MANAGER,0] from OfflinePartition to OnlinePartition failed (state.change.logger)
kafka.common.NoReplicaOnlineException: No replica for partition [us-texas-3.cloud.cisco.com.MANAGER,0] is alive. Live brokers are: [Set()], Assigned replicas are: [List(0)]
	at kafka.controller.OfflinePartitionLeaderSelector.selectLeader(PartitionLeaderSelector.scala:75)
	at kafka.controller.PartitionStateMachine.electLeaderForPartition(PartitionStateMachine.scala:357)
	at kafka.controller.PartitionStateMachine.kafka$controller$PartitionStateMachine$$handleStateChange(PartitionStateMachine.scala:206)
	at kafka.controller.PartitionStateMachine$$anonfun$triggerOnlinePartitionStateChange$3.apply(PartitionStateMachine.scala:120)
	at kafka.controller.PartitionStateMachine$$anonfun$triggerOnlinePartitionStateChange$3.apply(PartitionStateMachine.scala:117)
	at scala.collection.TraversableLike$WithFilter$$anonfun$foreach$1.apply(TraversableLike.scala:772)
	at scala.collection.mutable.HashMap$$anonfun$foreach$1.apply(HashMap.scala:98)
	at scala.collection.mutable.HashMap$$anonfun$foreach$1.apply(HashMap.scala:98)
	at scala.collection.mutable.HashTable$class.foreachEntry(HashTable.scala:226)
	at scala.collection.mutable.HashMap.foreachEntry(HashMap.scala:39)
	at scala.collection.mutable.HashMap.foreach(HashMap.scala:98)
	at scala.collection.TraversableLike$WithFilter.foreach(TraversableLike.scala:771)
	at kafka.controller.PartitionStateMachine.triggerOnlinePartitionStateChange(PartitionStateMachine.scala:117)
	at kafka.controller.PartitionStateMachine.startup(PartitionStateMachine.scala:70)
	at kafka.controller.KafkaController.onControllerFailover(KafkaController.scala:314)
	at kafka.controller.KafkaController$$anonfun$1.apply$mcV$sp(KafkaController.scala:161)
	at kafka.server.ZookeeperLeaderElector.elect(ZookeeperLeaderElector.scala:81)
	at kafka.server.ZookeeperLeaderElector$$anonfun$startup$1.apply$mcZ$sp(ZookeeperLeaderElector.scala:49)
	at kafka.server.ZookeeperLeaderElector$$anonfun$startup$1.apply(ZookeeperLeaderElector.scala:47)
	at kafka.server.ZookeeperLeaderElector$$anonfun$startup$1.apply(ZookeeperLeaderElector.scala:47)
	at kafka.utils.Utils$.inLock(Utils.scala:535)
	at kafka.server.ZookeeperLeaderElector.startup(ZookeeperLeaderElector.scala:47)
	at kafka.controller.KafkaController$$anonfun$startup$1.apply$mcV$sp(KafkaController.scala:650)
	at kafka.controller.KafkaController$$anonfun$startup$1.apply(KafkaController.scala:646)
	at kafka.controller.KafkaController$$anonfun$startup$1.apply(KafkaController.scala:646)
	at kafka.utils.Utils$.inLock(Utils.scala:535)
	at kafka.controller.KafkaController.startup(KafkaController.scala:646)
	at kafka.server.KafkaServer.startup(KafkaServer.scala:117)
	at kafka.server.KafkaServerStartable.startup(KafkaServerStartable.scala:29)
	at kafka.Kafka$.main(Kafka.scala:46)
	at kafka.Kafka.main(Kafka.scala)
[2015-09-14 15:18:43,517] TRACE Controller 0 epoch 24 started leader election for partition [us-texas-3.cloud.cisco.com.WORKER,0] (state.change.logger)
[2015-09-14 15:18:43,550] ERROR Controller 0 epoch 24 initiated state change for partition [us-texas-3.cloud.cisco.com.WORKER,0] from OfflinePartition to OnlinePartition failed (state.change.logger)
kafka.common.NoReplicaOnlineException: No replica for partition [us-texas-3.cloud.cisco.com.WORKER,0] is alive. Live brokers are: [Set()], Assigned replicas are: [List(0)]
	at kafka.controller.OfflinePartitionLeaderSelector.selectLeader(PartitionLeaderSelector.scala:75)
	at kafka.controller.PartitionStateMachine.electLeaderForPartition(PartitionStateMachine.scala:357)
	at kafka.controller.PartitionStateMachine.kafka$controller$PartitionStateMachine$$handleStateChange(PartitionStateMachine.scala:206)
	at kafka.controller.PartitionStateMachine$$anonfun$triggerOnlinePartitionStateChange$3.apply(PartitionStateMachine.scala:120)
	at kafka.controller.PartitionStateMachine$$anonfun$triggerOnlinePartitionStateChange$3.apply(PartitionStateMachine.scala:117)
	at scala.collection.TraversableLike$WithFilter$$anonfun$foreach$1.apply(TraversableLike.scala:772)
	at scala.collection.mutable.HashMap$$anonfun$foreach$1.apply(HashMap.scala:98)
	at scala.collection.mutable.HashMap$$anonfun$foreach$1.apply(HashMap.scala:98)
	at scala.collection.mutable.HashTable$class.foreachEntry(HashTable.scala:226)
	at scala.collection.mutable.HashMap.foreachEntry(HashMap.scala:39)
	at scala.collection.mutable.HashMap.foreach(HashMap.scala:98)
	at scala.collection.TraversableLike$WithFilter.foreach(TraversableLike.scala:771)
	at kafka.controller.PartitionStateMachine.triggerOnlinePartitionStateChange(PartitionStateMachine.scala:117)
	at kafka.controller.PartitionStateMachine.startup(PartitionStateMachine.scala:70)
	at kafka.controller.KafkaController.onControllerFailover(KafkaController.scala:314)
	at kafka.controller.KafkaController$$anonfun$1.apply$mcV$sp(KafkaController.scala:161)
	at kafka.server.ZookeeperLeaderElector.elect(ZookeeperLeaderElector.scala:81)
	at kafka.server.ZookeeperLeaderElector$$anonfun$startup$1.apply$mcZ$sp(ZookeeperLeaderElector.scala:49)
	at kafka.server.ZookeeperLeaderElector$$anonfun$startup$1.apply(ZookeeperLeaderElector.scala:47)
	at kafka.server.ZookeeperLeaderElector$$anonfun$startup$1.apply(ZookeeperLeaderElector.scala:47)
	at kafka.utils.Utils$.inLock(Utils.scala:535)
	at kafka.server.ZookeeperLeaderElector.startup(ZookeeperLeaderElector.scala:47)
	at kafka.controller.KafkaController$$anonfun$startup$1.apply$mcV$sp(KafkaController.scala:650)
	at kafka.controller.KafkaController$$anonfun$startup$1.apply(KafkaController.scala:646)
	at kafka.controller.KafkaController$$anonfun$startup$1.apply(KafkaController.scala:646)
	at kafka.utils.Utils$.inLock(Utils.scala:535)
	at kafka.controller.KafkaController.startup(KafkaController.scala:646)
	at kafka.server.KafkaServer.startup(KafkaServer.scala:117)
	at kafka.server.KafkaServerStartable.startup(KafkaServerStartable.scala:29)
	at kafka.Kafka$.main(Kafka.scala:46)
	at kafka.Kafka.main(Kafka.scala)
[2015-09-14 15:18:46,666] TRACE Controller 0 epoch 24 sending UpdateMetadata request (Leader:0,ISR:0,LeaderEpoch:15,ControllerEpoch:23) with correlationId 3 to broker 0 for partition [us-texas-3.cloud.cisco.com.MANAGER,0] (state.change.logger)
[2015-09-14 15:18:46,666] TRACE Controller 0 epoch 24 sending UpdateMetadata request (Leader:0,ISR:0,LeaderEpoch:15,ControllerEpoch:23) with correlationId 3 to broker 0 for partition [us-texas-3.cloud.cisco.com.WORKER,0] (state.change.logger)
[2015-09-14 15:18:46,679] TRACE Controller 0 epoch 24 changed state of replica 0 for partition [us-texas-3.cloud.cisco.com.MANAGER,0] from ReplicaDeletionIneligible to OnlineReplica (state.change.logger)
[2015-09-14 15:18:46,679] TRACE Controller 0 epoch 24 changed state of replica 0 for partition [us-texas-3.cloud.cisco.com.WORKER,0] from ReplicaDeletionIneligible to OnlineReplica (state.change.logger)
[2015-09-14 15:18:46,683] TRACE Controller 0 epoch 24 sending become-leader LeaderAndIsr request (Leader:0,ISR:0,LeaderEpoch:15,ControllerEpoch:23) with correlationId 4 to broker 0 for partition [us-texas-3.cloud.cisco.com.MANAGER,0] (state.change.logger)
[2015-09-14 15:18:46,683] TRACE Controller 0 epoch 24 sending become-leader LeaderAndIsr request (Leader:0,ISR:0,LeaderEpoch:15,ControllerEpoch:23) with correlationId 4 to broker 0 for partition [us-texas-3.cloud.cisco.com.WORKER,0] (state.change.logger)
[2015-09-14 15:18:46,683] TRACE Controller 0 epoch 24 sending UpdateMetadata request (Leader:0,ISR:0,LeaderEpoch:15,ControllerEpoch:23) with correlationId 4 to broker 0 for partition [us-texas-3.cloud.cisco.com.MANAGER,0] (state.change.logger)
[2015-09-14 15:18:46,684] TRACE Controller 0 epoch 24 sending UpdateMetadata request (Leader:0,ISR:0,LeaderEpoch:15,ControllerEpoch:23) with correlationId 4 to broker 0 for partition [us-texas-3.cloud.cisco.com.WORKER,0] (state.change.logger)
[2015-09-14 15:18:46,684] TRACE Controller 0 epoch 24 started leader election for partition [us-texas-3.cloud.cisco.com.MANAGER,0] (state.change.logger)
[2015-09-14 15:18:46,703] TRACE Controller 0 epoch 24 elected leader 0 for Offline partition [us-texas-3.cloud.cisco.com.MANAGER,0] (state.change.logger)
[2015-09-14 15:18:46,704] TRACE Controller 0 epoch 24 changed partition [us-texas-3.cloud.cisco.com.MANAGER,0] from OfflinePartition to OnlinePartition with leader 0 (state.change.logger)
[2015-09-14 15:18:46,704] TRACE Controller 0 epoch 24 started leader election for partition [us-texas-3.cloud.cisco.com.WORKER,0] (state.change.logger)
[2015-09-14 15:18:46,792] TRACE Controller 0 epoch 24 elected leader 0 for Offline partition [us-texas-3.cloud.cisco.com.WORKER,0] (state.change.logger)
[2015-09-14 15:18:46,793] TRACE Controller 0 epoch 24 changed partition [us-texas-3.cloud.cisco.com.WORKER,0] from OfflinePartition to OnlinePartition with leader 0 (state.change.logger)
[2015-09-14 15:18:46,793] TRACE Controller 0 epoch 24 sending become-leader LeaderAndIsr request (Leader:0,ISR:0,LeaderEpoch:16,ControllerEpoch:24) with correlationId 5 to broker 0 for partition [us-texas-3.cloud.cisco.com.MANAGER,0] (state.change.logger)
[2015-09-14 15:18:46,793] TRACE Controller 0 epoch 24 sending become-leader LeaderAndIsr request (Leader:0,ISR:0,LeaderEpoch:16,ControllerEpoch:24) with correlationId 5 to broker 0 for partition [us-texas-3.cloud.cisco.com.WORKER,0] (state.change.logger)
[2015-09-14 15:18:46,794] TRACE Controller 0 epoch 24 sending UpdateMetadata request (Leader:0,ISR:0,LeaderEpoch:16,ControllerEpoch:24) with correlationId 5 to broker 0 for partition [us-texas-3.cloud.cisco.com.MANAGER,0] (state.change.logger)
[2015-09-14 15:18:46,794] TRACE Controller 0 epoch 24 sending UpdateMetadata request (Leader:0,ISR:0,LeaderEpoch:16,ControllerEpoch:24) with correlationId 5 to broker 0 for partition [us-texas-3.cloud.cisco.com.WORKER,0] (state.change.logger)
[2015-09-14 15:26:23,704] TRACE Controller 0 epoch 27 started leader election for partition [us-texas-3.cloud.cisco.com.MANAGER,0] (state.change.logger)
[2015-09-14 15:26:23,731] ERROR Controller 0 epoch 27 initiated state change for partition [us-texas-3.cloud.cisco.com.MANAGER,0] from OfflinePartition to OnlinePartition failed (state.change.logger)
kafka.common.NoReplicaOnlineException: No replica for partition [us-texas-3.cloud.cisco.com.MANAGER,0] is alive. Live brokers are: [Set()], Assigned replicas are: [List(0)]
	at kafka.controller.OfflinePartitionLeaderSelector.selectLeader(PartitionLeaderSelector.scala:75)
	at kafka.controller.PartitionStateMachine.electLeaderForPartition(PartitionStateMachine.scala:357)
	at kafka.controller.PartitionStateMachine.kafka$controller$PartitionStateMachine$$handleStateChange(PartitionStateMachine.scala:206)
	at kafka.controller.PartitionStateMachine$$anonfun$triggerOnlinePartitionStateChange$3.apply(PartitionStateMachine.scala:120)
	at kafka.controller.PartitionStateMachine$$anonfun$triggerOnlinePartitionStateChange$3.apply(PartitionStateMachine.scala:117)
	at scala.collection.TraversableLike$WithFilter$$anonfun$foreach$1.apply(TraversableLike.scala:772)
	at scala.collection.mutable.HashMap$$anonfun$foreach$1.apply(HashMap.scala:98)
	at scala.collection.mutable.HashMap$$anonfun$foreach$1.apply(HashMap.scala:98)
	at scala.collection.mutable.HashTable$class.foreachEntry(HashTable.scala:226)
	at scala.collection.mutable.HashMap.foreachEntry(HashMap.scala:39)
	at scala.collection.mutable.HashMap.foreach(HashMap.scala:98)
	at scala.collection.TraversableLike$WithFilter.foreach(TraversableLike.scala:771)
	at kafka.controller.PartitionStateMachine.triggerOnlinePartitionStateChange(PartitionStateMachine.scala:117)
	at kafka.controller.PartitionStateMachine.startup(PartitionStateMachine.scala:70)
	at kafka.controller.KafkaController.onControllerFailover(KafkaController.scala:314)
	at kafka.controller.KafkaController$$anonfun$1.apply$mcV$sp(KafkaController.scala:161)
	at kafka.server.ZookeeperLeaderElector.elect(ZookeeperLeaderElector.scala:81)
	at kafka.server.ZookeeperLeaderElector$$anonfun$startup$1.apply$mcZ$sp(ZookeeperLeaderElector.scala:49)
	at kafka.server.ZookeeperLeaderElector$$anonfun$startup$1.apply(ZookeeperLeaderElector.scala:47)
	at kafka.server.ZookeeperLeaderElector$$anonfun$startup$1.apply(ZookeeperLeaderElector.scala:47)
	at kafka.utils.Utils$.inLock(Utils.scala:535)
	at kafka.server.ZookeeperLeaderElector.startup(ZookeeperLeaderElector.scala:47)
	at kafka.controller.KafkaController$$anonfun$startup$1.apply$mcV$sp(KafkaController.scala:650)
	at kafka.controller.KafkaController$$anonfun$startup$1.apply(KafkaController.scala:646)
	at kafka.controller.KafkaController$$anonfun$startup$1.apply(KafkaController.scala:646)
	at kafka.utils.Utils$.inLock(Utils.scala:535)
	at kafka.controller.KafkaController.startup(KafkaController.scala:646)
	at kafka.server.KafkaServer.startup(KafkaServer.scala:117)
	at kafka.server.KafkaServerStartable.startup(KafkaServerStartable.scala:29)
	at kafka.Kafka$.main(Kafka.scala:46)
	at kafka.Kafka.main(Kafka.scala)
[2015-09-14 15:26:23,733] TRACE Controller 0 epoch 27 started leader election for partition [us-texas-3.cloud.cisco.com.WORKER,0] (state.change.logger)
[2015-09-14 15:26:23,763] ERROR Controller 0 epoch 27 initiated state change for partition [us-texas-3.cloud.cisco.com.WORKER,0] from OfflinePartition to OnlinePartition failed (state.change.logger)
kafka.common.NoReplicaOnlineException: No replica for partition [us-texas-3.cloud.cisco.com.WORKER,0] is alive. Live brokers are: [Set()], Assigned replicas are: [List(0)]
	at kafka.controller.OfflinePartitionLeaderSelector.selectLeader(PartitionLeaderSelector.scala:75)
	at kafka.controller.PartitionStateMachine.electLeaderForPartition(PartitionStateMachine.scala:357)
	at kafka.controller.PartitionStateMachine.kafka$controller$PartitionStateMachine$$handleStateChange(PartitionStateMachine.scala:206)
	at kafka.controller.PartitionStateMachine$$anonfun$triggerOnlinePartitionStateChange$3.apply(PartitionStateMachine.scala:120)
	at kafka.controller.PartitionStateMachine$$anonfun$triggerOnlinePartitionStateChange$3.apply(PartitionStateMachine.scala:117)
	at scala.collection.TraversableLike$WithFilter$$anonfun$foreach$1.apply(TraversableLike.scala:772)
	at scala.collection.mutable.HashMap$$anonfun$foreach$1.apply(HashMap.scala:98)
	at scala.collection.mutable.HashMap$$anonfun$foreach$1.apply(HashMap.scala:98)
	at scala.collection.mutable.HashTable$class.foreachEntry(HashTable.scala:226)
	at scala.collection.mutable.HashMap.foreachEntry(HashMap.scala:39)
	at scala.collection.mutable.HashMap.foreach(HashMap.scala:98)
	at scala.collection.TraversableLike$WithFilter.foreach(TraversableLike.scala:771)
	at kafka.controller.PartitionStateMachine.triggerOnlinePartitionStateChange(PartitionStateMachine.scala:117)
	at kafka.controller.PartitionStateMachine.startup(PartitionStateMachine.scala:70)
	at kafka.controller.KafkaController.onControllerFailover(KafkaController.scala:314)
	at kafka.controller.KafkaController$$anonfun$1.apply$mcV$sp(KafkaController.scala:161)
	at kafka.server.ZookeeperLeaderElector.elect(ZookeeperLeaderElector.scala:81)
	at kafka.server.ZookeeperLeaderElector$$anonfun$startup$1.apply$mcZ$sp(ZookeeperLeaderElector.scala:49)
	at kafka.server.ZookeeperLeaderElector$$anonfun$startup$1.apply(ZookeeperLeaderElector.scala:47)
	at kafka.server.ZookeeperLeaderElector$$anonfun$startup$1.apply(ZookeeperLeaderElector.scala:47)
	at kafka.utils.Utils$.inLock(Utils.scala:535)
	at kafka.server.ZookeeperLeaderElector.startup(ZookeeperLeaderElector.scala:47)
	at kafka.controller.KafkaController$$anonfun$startup$1.apply$mcV$sp(KafkaController.scala:650)
	at kafka.controller.KafkaController$$anonfun$startup$1.apply(KafkaController.scala:646)
	at kafka.controller.KafkaController$$anonfun$startup$1.apply(KafkaController.scala:646)
	at kafka.utils.Utils$.inLock(Utils.scala:535)
	at kafka.controller.KafkaController.startup(KafkaController.scala:646)
	at kafka.server.KafkaServer.startup(KafkaServer.scala:117)
	at kafka.server.KafkaServerStartable.startup(KafkaServerStartable.scala:29)
	at kafka.Kafka$.main(Kafka.scala:46)
	at kafka.Kafka.main(Kafka.scala)
[2015-09-14 15:26:27,057] TRACE Controller 0 epoch 27 sending UpdateMetadata request (Leader:0,ISR:0,LeaderEpoch:18,ControllerEpoch:26) with correlationId 3 to broker 0 for partition [us-texas-3.cloud.cisco.com.MANAGER,0] (state.change.logger)
[2015-09-14 15:26:27,058] TRACE Controller 0 epoch 27 sending UpdateMetadata request (Leader:0,ISR:0,LeaderEpoch:18,ControllerEpoch:26) with correlationId 3 to broker 0 for partition [us-texas-3.cloud.cisco.com.WORKER,0] (state.change.logger)
[2015-09-14 15:26:27,151] TRACE Controller 0 epoch 27 changed state of replica 0 for partition [us-texas-3.cloud.cisco.com.MANAGER,0] from ReplicaDeletionIneligible to OnlineReplica (state.change.logger)
[2015-09-14 15:26:27,152] TRACE Controller 0 epoch 27 changed state of replica 0 for partition [us-texas-3.cloud.cisco.com.WORKER,0] from ReplicaDeletionIneligible to OnlineReplica (state.change.logger)
[2015-09-14 15:26:27,181] TRACE Controller 0 epoch 27 sending become-leader LeaderAndIsr request (Leader:0,ISR:0,LeaderEpoch:18,ControllerEpoch:26) with correlationId 4 to broker 0 for partition [us-texas-3.cloud.cisco.com.MANAGER,0] (state.change.logger)
[2015-09-14 15:26:27,181] TRACE Controller 0 epoch 27 sending become-leader LeaderAndIsr request (Leader:0,ISR:0,LeaderEpoch:18,ControllerEpoch:26) with correlationId 4 to broker 0 for partition [us-texas-3.cloud.cisco.com.WORKER,0] (state.change.logger)
[2015-09-14 15:26:27,182] TRACE Controller 0 epoch 27 sending UpdateMetadata request (Leader:0,ISR:0,LeaderEpoch:18,ControllerEpoch:26) with correlationId 4 to broker 0 for partition [us-texas-3.cloud.cisco.com.MANAGER,0] (state.change.logger)
[2015-09-14 15:26:27,182] TRACE Controller 0 epoch 27 sending UpdateMetadata request (Leader:0,ISR:0,LeaderEpoch:18,ControllerEpoch:26) with correlationId 4 to broker 0 for partition [us-texas-3.cloud.cisco.com.WORKER,0] (state.change.logger)
[2015-09-14 15:26:27,182] TRACE Controller 0 epoch 27 started leader election for partition [us-texas-3.cloud.cisco.com.MANAGER,0] (state.change.logger)
[2015-09-14 15:26:27,234] TRACE Controller 0 epoch 27 elected leader 0 for Offline partition [us-texas-3.cloud.cisco.com.MANAGER,0] (state.change.logger)
[2015-09-14 15:26:27,235] TRACE Controller 0 epoch 27 changed partition [us-texas-3.cloud.cisco.com.MANAGER,0] from OfflinePartition to OnlinePartition with leader 0 (state.change.logger)
[2015-09-14 15:26:27,235] TRACE Controller 0 epoch 27 started leader election for partition [us-texas-3.cloud.cisco.com.WORKER,0] (state.change.logger)
[2015-09-14 15:26:27,287] TRACE Controller 0 epoch 27 elected leader 0 for Offline partition [us-texas-3.cloud.cisco.com.WORKER,0] (state.change.logger)
[2015-09-14 15:26:27,289] TRACE Controller 0 epoch 27 changed partition [us-texas-3.cloud.cisco.com.WORKER,0] from OfflinePartition to OnlinePartition with leader 0 (state.change.logger)
[2015-09-14 15:26:27,289] TRACE Controller 0 epoch 27 sending become-leader LeaderAndIsr request (Leader:0,ISR:0,LeaderEpoch:19,ControllerEpoch:27) with correlationId 5 to broker 0 for partition [us-texas-3.cloud.cisco.com.MANAGER,0] (state.change.logger)
[2015-09-14 15:26:27,290] TRACE Controller 0 epoch 27 sending become-leader LeaderAndIsr request (Leader:0,ISR:0,LeaderEpoch:19,ControllerEpoch:27) with correlationId 5 to broker 0 for partition [us-texas-3.cloud.cisco.com.WORKER,0] (state.change.logger)
[2015-09-14 15:26:27,290] TRACE Controller 0 epoch 27 sending UpdateMetadata request (Leader:0,ISR:0,LeaderEpoch:19,ControllerEpoch:27) with correlationId 5 to broker 0 for partition [us-texas-3.cloud.cisco.com.MANAGER,0] (state.change.logger)
[2015-09-14 15:26:27,290] TRACE Controller 0 epoch 27 sending UpdateMetadata request (Leader:0,ISR:0,LeaderEpoch:19,ControllerEpoch:27) with correlationId 5 to broker 0 for partition [us-texas-3.cloud.cisco.com.WORKER,0] (state.change.logger)
[2015-09-14 15:28:40,662] TRACE Controller 0 epoch 27 changed partition [test,0] state from NonExistentPartition to NewPartition with assigned replicas 0 (state.change.logger)
[2015-09-14 15:28:40,668] TRACE Controller 0 epoch 27 changed state of replica 0 for partition [test,0] from NonExistentReplica to NewReplica (state.change.logger)
[2015-09-14 15:28:40,690] TRACE Controller 0 epoch 27 changed partition [test,0] from NewPartition to OnlinePartition with leader 0 (state.change.logger)
[2015-09-14 15:28:40,690] TRACE Controller 0 epoch 27 sending become-leader LeaderAndIsr request (Leader:0,ISR:0,LeaderEpoch:0,ControllerEpoch:27) with correlationId 8 to broker 0 for partition [test,0] (state.change.logger)
[2015-09-14 15:28:40,691] TRACE Controller 0 epoch 27 sending UpdateMetadata request (Leader:0,ISR:0,LeaderEpoch:0,ControllerEpoch:27) with correlationId 8 to broker 0 for partition [test,0] (state.change.logger)
[2015-09-14 15:28:40,691] TRACE Controller 0 epoch 27 changed state of replica 0 for partition [test,0] from NewReplica to OnlineReplica (state.change.logger)
[2015-09-14 15:35:13,030] TRACE Controller 0 epoch 28 started leader election for partition [us-texas-3.cloud.cisco.com.MANAGER,0] (state.change.logger)
[2015-09-14 15:35:13,062] ERROR Controller 0 epoch 28 initiated state change for partition [us-texas-3.cloud.cisco.com.MANAGER,0] from OfflinePartition to OnlinePartition failed (state.change.logger)
kafka.common.NoReplicaOnlineException: No replica for partition [us-texas-3.cloud.cisco.com.MANAGER,0] is alive. Live brokers are: [Set()], Assigned replicas are: [List(0)]
	at kafka.controller.OfflinePartitionLeaderSelector.selectLeader(PartitionLeaderSelector.scala:75)
	at kafka.controller.PartitionStateMachine.electLeaderForPartition(PartitionStateMachine.scala:357)
	at kafka.controller.PartitionStateMachine.kafka$controller$PartitionStateMachine$$handleStateChange(PartitionStateMachine.scala:206)
	at kafka.controller.PartitionStateMachine$$anonfun$triggerOnlinePartitionStateChange$3.apply(PartitionStateMachine.scala:120)
	at kafka.controller.PartitionStateMachine$$anonfun$triggerOnlinePartitionStateChange$3.apply(PartitionStateMachine.scala:117)
	at scala.collection.TraversableLike$WithFilter$$anonfun$foreach$1.apply(TraversableLike.scala:772)
	at scala.collection.mutable.HashMap$$anonfun$foreach$1.apply(HashMap.scala:98)
	at scala.collection.mutable.HashMap$$anonfun$foreach$1.apply(HashMap.scala:98)
	at scala.collection.mutable.HashTable$class.foreachEntry(HashTable.scala:226)
	at scala.collection.mutable.HashMap.foreachEntry(HashMap.scala:39)
	at scala.collection.mutable.HashMap.foreach(HashMap.scala:98)
	at scala.collection.TraversableLike$WithFilter.foreach(TraversableLike.scala:771)
	at kafka.controller.PartitionStateMachine.triggerOnlinePartitionStateChange(PartitionStateMachine.scala:117)
	at kafka.controller.PartitionStateMachine.startup(PartitionStateMachine.scala:70)
	at kafka.controller.KafkaController.onControllerFailover(KafkaController.scala:314)
	at kafka.controller.KafkaController$$anonfun$1.apply$mcV$sp(KafkaController.scala:161)
	at kafka.server.ZookeeperLeaderElector.elect(ZookeeperLeaderElector.scala:81)
	at kafka.server.ZookeeperLeaderElector$$anonfun$startup$1.apply$mcZ$sp(ZookeeperLeaderElector.scala:49)
	at kafka.server.ZookeeperLeaderElector$$anonfun$startup$1.apply(ZookeeperLeaderElector.scala:47)
	at kafka.server.ZookeeperLeaderElector$$anonfun$startup$1.apply(ZookeeperLeaderElector.scala:47)
	at kafka.utils.Utils$.inLock(Utils.scala:535)
	at kafka.server.ZookeeperLeaderElector.startup(ZookeeperLeaderElector.scala:47)
	at kafka.controller.KafkaController$$anonfun$startup$1.apply$mcV$sp(KafkaController.scala:650)
	at kafka.controller.KafkaController$$anonfun$startup$1.apply(KafkaController.scala:646)
	at kafka.controller.KafkaController$$anonfun$startup$1.apply(KafkaController.scala:646)
	at kafka.utils.Utils$.inLock(Utils.scala:535)
	at kafka.controller.KafkaController.startup(KafkaController.scala:646)
	at kafka.server.KafkaServer.startup(KafkaServer.scala:117)
	at kafka.server.KafkaServerStartable.startup(KafkaServerStartable.scala:29)
	at kafka.Kafka$.main(Kafka.scala:46)
	at kafka.Kafka.main(Kafka.scala)
[2015-09-14 15:35:13,065] TRACE Controller 0 epoch 28 started leader election for partition [us-texas-3.cloud.cisco.com.WORKER,0] (state.change.logger)
[2015-09-14 15:35:13,083] ERROR Controller 0 epoch 28 initiated state change for partition [us-texas-3.cloud.cisco.com.WORKER,0] from OfflinePartition to OnlinePartition failed (state.change.logger)
kafka.common.NoReplicaOnlineException: No replica for partition [us-texas-3.cloud.cisco.com.WORKER,0] is alive. Live brokers are: [Set()], Assigned replicas are: [List(0)]
	at kafka.controller.OfflinePartitionLeaderSelector.selectLeader(PartitionLeaderSelector.scala:75)
	at kafka.controller.PartitionStateMachine.electLeaderForPartition(PartitionStateMachine.scala:357)
	at kafka.controller.PartitionStateMachine.kafka$controller$PartitionStateMachine$$handleStateChange(PartitionStateMachine.scala:206)
	at kafka.controller.PartitionStateMachine$$anonfun$triggerOnlinePartitionStateChange$3.apply(PartitionStateMachine.scala:120)
	at kafka.controller.PartitionStateMachine$$anonfun$triggerOnlinePartitionStateChange$3.apply(PartitionStateMachine.scala:117)
	at scala.collection.TraversableLike$WithFilter$$anonfun$foreach$1.apply(TraversableLike.scala:772)
	at scala.collection.mutable.HashMap$$anonfun$foreach$1.apply(HashMap.scala:98)
	at scala.collection.mutable.HashMap$$anonfun$foreach$1.apply(HashMap.scala:98)
	at scala.collection.mutable.HashTable$class.foreachEntry(HashTable.scala:226)
	at scala.collection.mutable.HashMap.foreachEntry(HashMap.scala:39)
	at scala.collection.mutable.HashMap.foreach(HashMap.scala:98)
	at scala.collection.TraversableLike$WithFilter.foreach(TraversableLike.scala:771)
	at kafka.controller.PartitionStateMachine.triggerOnlinePartitionStateChange(PartitionStateMachine.scala:117)
	at kafka.controller.PartitionStateMachine.startup(PartitionStateMachine.scala:70)
	at kafka.controller.KafkaController.onControllerFailover(KafkaController.scala:314)
	at kafka.controller.KafkaController$$anonfun$1.apply$mcV$sp(KafkaController.scala:161)
	at kafka.server.ZookeeperLeaderElector.elect(ZookeeperLeaderElector.scala:81)
	at kafka.server.ZookeeperLeaderElector$$anonfun$startup$1.apply$mcZ$sp(ZookeeperLeaderElector.scala:49)
	at kafka.server.ZookeeperLeaderElector$$anonfun$startup$1.apply(ZookeeperLeaderElector.scala:47)
	at kafka.server.ZookeeperLeaderElector$$anonfun$startup$1.apply(ZookeeperLeaderElector.scala:47)
	at kafka.utils.Utils$.inLock(Utils.scala:535)
	at kafka.server.ZookeeperLeaderElector.startup(ZookeeperLeaderElector.scala:47)
	at kafka.controller.KafkaController$$anonfun$startup$1.apply$mcV$sp(KafkaController.scala:650)
	at kafka.controller.KafkaController$$anonfun$startup$1.apply(KafkaController.scala:646)
	at kafka.controller.KafkaController$$anonfun$startup$1.apply(KafkaController.scala:646)
	at kafka.utils.Utils$.inLock(Utils.scala:535)
	at kafka.controller.KafkaController.startup(KafkaController.scala:646)
	at kafka.server.KafkaServer.startup(KafkaServer.scala:117)
	at kafka.server.KafkaServerStartable.startup(KafkaServerStartable.scala:29)
	at kafka.Kafka$.main(Kafka.scala:46)
	at kafka.Kafka.main(Kafka.scala)
[2015-09-14 15:35:13,084] TRACE Controller 0 epoch 28 started leader election for partition [test,0] (state.change.logger)
[2015-09-14 15:35:13,096] ERROR Controller 0 epoch 28 initiated state change for partition [test,0] from OfflinePartition to OnlinePartition failed (state.change.logger)
kafka.common.NoReplicaOnlineException: No replica for partition [test,0] is alive. Live brokers are: [Set()], Assigned replicas are: [List(0)]
	at kafka.controller.OfflinePartitionLeaderSelector.selectLeader(PartitionLeaderSelector.scala:75)
	at kafka.controller.PartitionStateMachine.electLeaderForPartition(PartitionStateMachine.scala:357)
	at kafka.controller.PartitionStateMachine.kafka$controller$PartitionStateMachine$$handleStateChange(PartitionStateMachine.scala:206)
	at kafka.controller.PartitionStateMachine$$anonfun$triggerOnlinePartitionStateChange$3.apply(PartitionStateMachine.scala:120)
	at kafka.controller.PartitionStateMachine$$anonfun$triggerOnlinePartitionStateChange$3.apply(PartitionStateMachine.scala:117)
	at scala.collection.TraversableLike$WithFilter$$anonfun$foreach$1.apply(TraversableLike.scala:772)
	at scala.collection.mutable.HashMap$$anonfun$foreach$1.apply(HashMap.scala:98)
	at scala.collection.mutable.HashMap$$anonfun$foreach$1.apply(HashMap.scala:98)
	at scala.collection.mutable.HashTable$class.foreachEntry(HashTable.scala:226)
	at scala.collection.mutable.HashMap.foreachEntry(HashMap.scala:39)
	at scala.collection.mutable.HashMap.foreach(HashMap.scala:98)
	at scala.collection.TraversableLike$WithFilter.foreach(TraversableLike.scala:771)
	at kafka.controller.PartitionStateMachine.triggerOnlinePartitionStateChange(PartitionStateMachine.scala:117)
	at kafka.controller.PartitionStateMachine.startup(PartitionStateMachine.scala:70)
	at kafka.controller.KafkaController.onControllerFailover(KafkaController.scala:314)
	at kafka.controller.KafkaController$$anonfun$1.apply$mcV$sp(KafkaController.scala:161)
	at kafka.server.ZookeeperLeaderElector.elect(ZookeeperLeaderElector.scala:81)
	at kafka.server.ZookeeperLeaderElector$$anonfun$startup$1.apply$mcZ$sp(ZookeeperLeaderElector.scala:49)
	at kafka.server.ZookeeperLeaderElector$$anonfun$startup$1.apply(ZookeeperLeaderElector.scala:47)
	at kafka.server.ZookeeperLeaderElector$$anonfun$startup$1.apply(ZookeeperLeaderElector.scala:47)
	at kafka.utils.Utils$.inLock(Utils.scala:535)
	at kafka.server.ZookeeperLeaderElector.startup(ZookeeperLeaderElector.scala:47)
	at kafka.controller.KafkaController$$anonfun$startup$1.apply$mcV$sp(KafkaController.scala:650)
	at kafka.controller.KafkaController$$anonfun$startup$1.apply(KafkaController.scala:646)
	at kafka.controller.KafkaController$$anonfun$startup$1.apply(KafkaController.scala:646)
	at kafka.utils.Utils$.inLock(Utils.scala:535)
	at kafka.controller.KafkaController.startup(KafkaController.scala:646)
	at kafka.server.KafkaServer.startup(KafkaServer.scala:117)
	at kafka.server.KafkaServerStartable.startup(KafkaServerStartable.scala:29)
	at kafka.Kafka$.main(Kafka.scala:46)
	at kafka.Kafka.main(Kafka.scala)
[2015-09-14 15:35:16,292] TRACE Controller 0 epoch 28 sending UpdateMetadata request (Leader:0,ISR:0,LeaderEpoch:19,ControllerEpoch:27) with correlationId 3 to broker 0 for partition [us-texas-3.cloud.cisco.com.MANAGER,0] (state.change.logger)
[2015-09-14 15:35:16,292] TRACE Controller 0 epoch 28 sending UpdateMetadata request (Leader:0,ISR:0,LeaderEpoch:19,ControllerEpoch:27) with correlationId 3 to broker 0 for partition [us-texas-3.cloud.cisco.com.WORKER,0] (state.change.logger)
[2015-09-14 15:35:16,292] TRACE Controller 0 epoch 28 sending UpdateMetadata request (Leader:0,ISR:0,LeaderEpoch:0,ControllerEpoch:27) with correlationId 3 to broker 0 for partition [test,0] (state.change.logger)
[2015-09-14 15:35:16,311] TRACE Controller 0 epoch 28 changed state of replica 0 for partition [us-texas-3.cloud.cisco.com.MANAGER,0] from ReplicaDeletionIneligible to OnlineReplica (state.change.logger)
[2015-09-14 15:35:16,312] TRACE Controller 0 epoch 28 changed state of replica 0 for partition [us-texas-3.cloud.cisco.com.WORKER,0] from ReplicaDeletionIneligible to OnlineReplica (state.change.logger)
[2015-09-14 15:35:16,317] TRACE Controller 0 epoch 28 changed state of replica 0 for partition [test,0] from ReplicaDeletionIneligible to OnlineReplica (state.change.logger)
[2015-09-14 15:35:16,319] TRACE Controller 0 epoch 28 sending become-leader LeaderAndIsr request (Leader:0,ISR:0,LeaderEpoch:19,ControllerEpoch:27) with correlationId 4 to broker 0 for partition [us-texas-3.cloud.cisco.com.MANAGER,0] (state.change.logger)
[2015-09-14 15:35:16,320] TRACE Controller 0 epoch 28 sending become-leader LeaderAndIsr request (Leader:0,ISR:0,LeaderEpoch:19,ControllerEpoch:27) with correlationId 4 to broker 0 for partition [us-texas-3.cloud.cisco.com.WORKER,0] (state.change.logger)
[2015-09-14 15:35:16,320] TRACE Controller 0 epoch 28 sending become-leader LeaderAndIsr request (Leader:0,ISR:0,LeaderEpoch:0,ControllerEpoch:27) with correlationId 4 to broker 0 for partition [test,0] (state.change.logger)
[2015-09-14 15:35:16,324] TRACE Controller 0 epoch 28 sending UpdateMetadata request (Leader:0,ISR:0,LeaderEpoch:19,ControllerEpoch:27) with correlationId 4 to broker 0 for partition [us-texas-3.cloud.cisco.com.MANAGER,0] (state.change.logger)
[2015-09-14 15:35:16,324] TRACE Controller 0 epoch 28 sending UpdateMetadata request (Leader:0,ISR:0,LeaderEpoch:19,ControllerEpoch:27) with correlationId 4 to broker 0 for partition [us-texas-3.cloud.cisco.com.WORKER,0] (state.change.logger)
[2015-09-14 15:35:16,325] TRACE Controller 0 epoch 28 sending UpdateMetadata request (Leader:0,ISR:0,LeaderEpoch:0,ControllerEpoch:27) with correlationId 4 to broker 0 for partition [test,0] (state.change.logger)
[2015-09-14 15:35:16,325] TRACE Controller 0 epoch 28 started leader election for partition [us-texas-3.cloud.cisco.com.MANAGER,0] (state.change.logger)
[2015-09-14 15:35:16,354] TRACE Controller 0 epoch 28 elected leader 0 for Offline partition [us-texas-3.cloud.cisco.com.MANAGER,0] (state.change.logger)
[2015-09-14 15:35:16,362] TRACE Controller 0 epoch 28 changed partition [us-texas-3.cloud.cisco.com.MANAGER,0] from OfflinePartition to OnlinePartition with leader 0 (state.change.logger)
[2015-09-14 15:35:16,362] TRACE Controller 0 epoch 28 started leader election for partition [us-texas-3.cloud.cisco.com.WORKER,0] (state.change.logger)
[2015-09-14 15:35:16,376] TRACE Controller 0 epoch 28 elected leader 0 for Offline partition [us-texas-3.cloud.cisco.com.WORKER,0] (state.change.logger)
[2015-09-14 15:35:16,377] TRACE Controller 0 epoch 28 changed partition [us-texas-3.cloud.cisco.com.WORKER,0] from OfflinePartition to OnlinePartition with leader 0 (state.change.logger)
[2015-09-14 15:35:16,377] TRACE Controller 0 epoch 28 started leader election for partition [test,0] (state.change.logger)
[2015-09-14 15:43:16,236] TRACE Controller 0 epoch 28 elected leader 0 for Offline partition [test,0] (state.change.logger)
[2015-09-14 15:43:16,237] TRACE Controller 0 epoch 28 changed partition [test,0] from OfflinePartition to OnlinePartition with leader 0 (state.change.logger)
[2015-09-14 15:43:16,237] TRACE Controller 0 epoch 28 sending become-leader LeaderAndIsr request (Leader:0,ISR:0,LeaderEpoch:20,ControllerEpoch:28) with correlationId 5 to broker 0 for partition [us-texas-3.cloud.cisco.com.MANAGER,0] (state.change.logger)
[2015-09-14 15:43:16,238] TRACE Controller 0 epoch 28 sending become-leader LeaderAndIsr request (Leader:0,ISR:0,LeaderEpoch:20,ControllerEpoch:28) with correlationId 5 to broker 0 for partition [us-texas-3.cloud.cisco.com.WORKER,0] (state.change.logger)
[2015-09-14 15:43:16,238] TRACE Controller 0 epoch 28 sending become-leader LeaderAndIsr request (Leader:0,ISR:0,LeaderEpoch:1,ControllerEpoch:28) with correlationId 5 to broker 0 for partition [test,0] (state.change.logger)
[2015-09-14 15:43:16,239] TRACE Controller 0 epoch 28 sending UpdateMetadata request (Leader:0,ISR:0,LeaderEpoch:20,ControllerEpoch:28) with correlationId 5 to broker 0 for partition [us-texas-3.cloud.cisco.com.MANAGER,0] (state.change.logger)
[2015-09-14 15:43:16,239] TRACE Controller 0 epoch 28 sending UpdateMetadata request (Leader:0,ISR:0,LeaderEpoch:20,ControllerEpoch:28) with correlationId 5 to broker 0 for partition [us-texas-3.cloud.cisco.com.WORKER,0] (state.change.logger)
[2015-09-14 15:43:16,242] TRACE Controller 0 epoch 28 sending UpdateMetadata request (Leader:0,ISR:0,LeaderEpoch:1,ControllerEpoch:28) with correlationId 5 to broker 0 for partition [test,0] (state.change.logger)
[2015-09-14 15:47:31,041] TRACE Controller 0 epoch 29 started leader election for partition [us-texas-3.cloud.cisco.com.MANAGER,0] (state.change.logger)
[2015-09-14 15:47:31,088] ERROR Controller 0 epoch 29 initiated state change for partition [us-texas-3.cloud.cisco.com.MANAGER,0] from OfflinePartition to OnlinePartition failed (state.change.logger)
kafka.common.NoReplicaOnlineException: No replica for partition [us-texas-3.cloud.cisco.com.MANAGER,0] is alive. Live brokers are: [Set()], Assigned replicas are: [List(0)]
	at kafka.controller.OfflinePartitionLeaderSelector.selectLeader(PartitionLeaderSelector.scala:75)
	at kafka.controller.PartitionStateMachine.electLeaderForPartition(PartitionStateMachine.scala:357)
	at kafka.controller.PartitionStateMachine.kafka$controller$PartitionStateMachine$$handleStateChange(PartitionStateMachine.scala:206)
	at kafka.controller.PartitionStateMachine$$anonfun$triggerOnlinePartitionStateChange$3.apply(PartitionStateMachine.scala:120)
	at kafka.controller.PartitionStateMachine$$anonfun$triggerOnlinePartitionStateChange$3.apply(PartitionStateMachine.scala:117)
	at scala.collection.TraversableLike$WithFilter$$anonfun$foreach$1.apply(TraversableLike.scala:772)
	at scala.collection.mutable.HashMap$$anonfun$foreach$1.apply(HashMap.scala:98)
	at scala.collection.mutable.HashMap$$anonfun$foreach$1.apply(HashMap.scala:98)
	at scala.collection.mutable.HashTable$class.foreachEntry(HashTable.scala:226)
	at scala.collection.mutable.HashMap.foreachEntry(HashMap.scala:39)
	at scala.collection.mutable.HashMap.foreach(HashMap.scala:98)
	at scala.collection.TraversableLike$WithFilter.foreach(TraversableLike.scala:771)
	at kafka.controller.PartitionStateMachine.triggerOnlinePartitionStateChange(PartitionStateMachine.scala:117)
	at kafka.controller.PartitionStateMachine.startup(PartitionStateMachine.scala:70)
	at kafka.controller.KafkaController.onControllerFailover(KafkaController.scala:314)
	at kafka.controller.KafkaController$$anonfun$1.apply$mcV$sp(KafkaController.scala:161)
	at kafka.server.ZookeeperLeaderElector.elect(ZookeeperLeaderElector.scala:81)
	at kafka.server.ZookeeperLeaderElector$$anonfun$startup$1.apply$mcZ$sp(ZookeeperLeaderElector.scala:49)
	at kafka.server.ZookeeperLeaderElector$$anonfun$startup$1.apply(ZookeeperLeaderElector.scala:47)
	at kafka.server.ZookeeperLeaderElector$$anonfun$startup$1.apply(ZookeeperLeaderElector.scala:47)
	at kafka.utils.Utils$.inLock(Utils.scala:535)
	at kafka.server.ZookeeperLeaderElector.startup(ZookeeperLeaderElector.scala:47)
	at kafka.controller.KafkaController$$anonfun$startup$1.apply$mcV$sp(KafkaController.scala:650)
	at kafka.controller.KafkaController$$anonfun$startup$1.apply(KafkaController.scala:646)
	at kafka.controller.KafkaController$$anonfun$startup$1.apply(KafkaController.scala:646)
	at kafka.utils.Utils$.inLock(Utils.scala:535)
	at kafka.controller.KafkaController.startup(KafkaController.scala:646)
	at kafka.server.KafkaServer.startup(KafkaServer.scala:117)
	at kafka.server.KafkaServerStartable.startup(KafkaServerStartable.scala:29)
	at kafka.Kafka$.main(Kafka.scala:46)
	at kafka.Kafka.main(Kafka.scala)
[2015-09-14 15:47:31,091] TRACE Controller 0 epoch 29 started leader election for partition [us-texas-3.cloud.cisco.com.WORKER,0] (state.change.logger)
[2015-09-14 15:47:31,111] ERROR Controller 0 epoch 29 initiated state change for partition [us-texas-3.cloud.cisco.com.WORKER,0] from OfflinePartition to OnlinePartition failed (state.change.logger)
kafka.common.NoReplicaOnlineException: No replica for partition [us-texas-3.cloud.cisco.com.WORKER,0] is alive. Live brokers are: [Set()], Assigned replicas are: [List(0)]
	at kafka.controller.OfflinePartitionLeaderSelector.selectLeader(PartitionLeaderSelector.scala:75)
	at kafka.controller.PartitionStateMachine.electLeaderForPartition(PartitionStateMachine.scala:357)
	at kafka.controller.PartitionStateMachine.kafka$controller$PartitionStateMachine$$handleStateChange(PartitionStateMachine.scala:206)
	at kafka.controller.PartitionStateMachine$$anonfun$triggerOnlinePartitionStateChange$3.apply(PartitionStateMachine.scala:120)
	at kafka.controller.PartitionStateMachine$$anonfun$triggerOnlinePartitionStateChange$3.apply(PartitionStateMachine.scala:117)
	at scala.collection.TraversableLike$WithFilter$$anonfun$foreach$1.apply(TraversableLike.scala:772)
	at scala.collection.mutable.HashMap$$anonfun$foreach$1.apply(HashMap.scala:98)
	at scala.collection.mutable.HashMap$$anonfun$foreach$1.apply(HashMap.scala:98)
	at scala.collection.mutable.HashTable$class.foreachEntry(HashTable.scala:226)
	at scala.collection.mutable.HashMap.foreachEntry(HashMap.scala:39)
	at scala.collection.mutable.HashMap.foreach(HashMap.scala:98)
	at scala.collection.TraversableLike$WithFilter.foreach(TraversableLike.scala:771)
	at kafka.controller.PartitionStateMachine.triggerOnlinePartitionStateChange(PartitionStateMachine.scala:117)
	at kafka.controller.PartitionStateMachine.startup(PartitionStateMachine.scala:70)
	at kafka.controller.KafkaController.onControllerFailover(KafkaController.scala:314)
	at kafka.controller.KafkaController$$anonfun$1.apply$mcV$sp(KafkaController.scala:161)
	at kafka.server.ZookeeperLeaderElector.elect(ZookeeperLeaderElector.scala:81)
	at kafka.server.ZookeeperLeaderElector$$anonfun$startup$1.apply$mcZ$sp(ZookeeperLeaderElector.scala:49)
	at kafka.server.ZookeeperLeaderElector$$anonfun$startup$1.apply(ZookeeperLeaderElector.scala:47)
	at kafka.server.ZookeeperLeaderElector$$anonfun$startup$1.apply(ZookeeperLeaderElector.scala:47)
	at kafka.utils.Utils$.inLock(Utils.scala:535)
	at kafka.server.ZookeeperLeaderElector.startup(ZookeeperLeaderElector.scala:47)
	at kafka.controller.KafkaController$$anonfun$startup$1.apply$mcV$sp(KafkaController.scala:650)
	at kafka.controller.KafkaController$$anonfun$startup$1.apply(KafkaController.scala:646)
	at kafka.controller.KafkaController$$anonfun$startup$1.apply(KafkaController.scala:646)
	at kafka.utils.Utils$.inLock(Utils.scala:535)
	at kafka.controller.KafkaController.startup(KafkaController.scala:646)
	at kafka.server.KafkaServer.startup(KafkaServer.scala:117)
	at kafka.server.KafkaServerStartable.startup(KafkaServerStartable.scala:29)
	at kafka.Kafka$.main(Kafka.scala:46)
	at kafka.Kafka.main(Kafka.scala)
[2015-09-14 15:47:31,111] TRACE Controller 0 epoch 29 started leader election for partition [test,0] (state.change.logger)
[2015-09-14 15:47:31,127] ERROR Controller 0 epoch 29 initiated state change for partition [test,0] from OfflinePartition to OnlinePartition failed (state.change.logger)
kafka.common.NoReplicaOnlineException: No replica for partition [test,0] is alive. Live brokers are: [Set()], Assigned replicas are: [List(0)]
	at kafka.controller.OfflinePartitionLeaderSelector.selectLeader(PartitionLeaderSelector.scala:75)
	at kafka.controller.PartitionStateMachine.electLeaderForPartition(PartitionStateMachine.scala:357)
	at kafka.controller.PartitionStateMachine.kafka$controller$PartitionStateMachine$$handleStateChange(PartitionStateMachine.scala:206)
	at kafka.controller.PartitionStateMachine$$anonfun$triggerOnlinePartitionStateChange$3.apply(PartitionStateMachine.scala:120)
	at kafka.controller.PartitionStateMachine$$anonfun$triggerOnlinePartitionStateChange$3.apply(PartitionStateMachine.scala:117)
	at scala.collection.TraversableLike$WithFilter$$anonfun$foreach$1.apply(TraversableLike.scala:772)
	at scala.collection.mutable.HashMap$$anonfun$foreach$1.apply(HashMap.scala:98)
	at scala.collection.mutable.HashMap$$anonfun$foreach$1.apply(HashMap.scala:98)
	at scala.collection.mutable.HashTable$class.foreachEntry(HashTable.scala:226)
	at scala.collection.mutable.HashMap.foreachEntry(HashMap.scala:39)
	at scala.collection.mutable.HashMap.foreach(HashMap.scala:98)
	at scala.collection.TraversableLike$WithFilter.foreach(TraversableLike.scala:771)
	at kafka.controller.PartitionStateMachine.triggerOnlinePartitionStateChange(PartitionStateMachine.scala:117)
	at kafka.controller.PartitionStateMachine.startup(PartitionStateMachine.scala:70)
	at kafka.controller.KafkaController.onControllerFailover(KafkaController.scala:314)
	at kafka.controller.KafkaController$$anonfun$1.apply$mcV$sp(KafkaController.scala:161)
	at kafka.server.ZookeeperLeaderElector.elect(ZookeeperLeaderElector.scala:81)
	at kafka.server.ZookeeperLeaderElector$$anonfun$startup$1.apply$mcZ$sp(ZookeeperLeaderElector.scala:49)
	at kafka.server.ZookeeperLeaderElector$$anonfun$startup$1.apply(ZookeeperLeaderElector.scala:47)
	at kafka.server.ZookeeperLeaderElector$$anonfun$startup$1.apply(ZookeeperLeaderElector.scala:47)
	at kafka.utils.Utils$.inLock(Utils.scala:535)
	at kafka.server.ZookeeperLeaderElector.startup(ZookeeperLeaderElector.scala:47)
	at kafka.controller.KafkaController$$anonfun$startup$1.apply$mcV$sp(KafkaController.scala:650)
	at kafka.controller.KafkaController$$anonfun$startup$1.apply(KafkaController.scala:646)
	at kafka.controller.KafkaController$$anonfun$startup$1.apply(KafkaController.scala:646)
	at kafka.utils.Utils$.inLock(Utils.scala:535)
	at kafka.controller.KafkaController.startup(KafkaController.scala:646)
	at kafka.server.KafkaServer.startup(KafkaServer.scala:117)
	at kafka.server.KafkaServerStartable.startup(KafkaServerStartable.scala:29)
	at kafka.Kafka$.main(Kafka.scala:46)
	at kafka.Kafka.main(Kafka.scala)
[2015-09-14 15:47:34,298] TRACE Controller 0 epoch 29 sending UpdateMetadata request (Leader:0,ISR:0,LeaderEpoch:20,ControllerEpoch:28) with correlationId 3 to broker 0 for partition [us-texas-3.cloud.cisco.com.MANAGER,0] (state.change.logger)
[2015-09-14 15:47:34,298] TRACE Controller 0 epoch 29 sending UpdateMetadata request (Leader:0,ISR:0,LeaderEpoch:20,ControllerEpoch:28) with correlationId 3 to broker 0 for partition [us-texas-3.cloud.cisco.com.WORKER,0] (state.change.logger)
[2015-09-14 15:47:34,298] TRACE Controller 0 epoch 29 sending UpdateMetadata request (Leader:0,ISR:0,LeaderEpoch:1,ControllerEpoch:28) with correlationId 3 to broker 0 for partition [test,0] (state.change.logger)
[2015-09-14 15:47:34,331] TRACE Controller 0 epoch 29 changed state of replica 0 for partition [us-texas-3.cloud.cisco.com.MANAGER,0] from ReplicaDeletionIneligible to OnlineReplica (state.change.logger)
[2015-09-14 15:47:34,332] TRACE Controller 0 epoch 29 changed state of replica 0 for partition [us-texas-3.cloud.cisco.com.WORKER,0] from ReplicaDeletionIneligible to OnlineReplica (state.change.logger)
[2015-09-14 15:47:34,332] TRACE Controller 0 epoch 29 changed state of replica 0 for partition [test,0] from ReplicaDeletionIneligible to OnlineReplica (state.change.logger)
[2015-09-14 15:47:34,337] TRACE Controller 0 epoch 29 sending become-leader LeaderAndIsr request (Leader:0,ISR:0,LeaderEpoch:20,ControllerEpoch:28) with correlationId 4 to broker 0 for partition [us-texas-3.cloud.cisco.com.MANAGER,0] (state.change.logger)
[2015-09-14 15:47:34,337] TRACE Controller 0 epoch 29 sending become-leader LeaderAndIsr request (Leader:0,ISR:0,LeaderEpoch:20,ControllerEpoch:28) with correlationId 4 to broker 0 for partition [us-texas-3.cloud.cisco.com.WORKER,0] (state.change.logger)
[2015-09-14 15:47:34,338] TRACE Controller 0 epoch 29 sending become-leader LeaderAndIsr request (Leader:0,ISR:0,LeaderEpoch:1,ControllerEpoch:28) with correlationId 4 to broker 0 for partition [test,0] (state.change.logger)
[2015-09-14 15:47:34,338] TRACE Controller 0 epoch 29 sending UpdateMetadata request (Leader:0,ISR:0,LeaderEpoch:20,ControllerEpoch:28) with correlationId 4 to broker 0 for partition [us-texas-3.cloud.cisco.com.MANAGER,0] (state.change.logger)
[2015-09-14 15:47:34,338] TRACE Controller 0 epoch 29 sending UpdateMetadata request (Leader:0,ISR:0,LeaderEpoch:20,ControllerEpoch:28) with correlationId 4 to broker 0 for partition [us-texas-3.cloud.cisco.com.WORKER,0] (state.change.logger)
[2015-09-14 15:47:34,338] TRACE Controller 0 epoch 29 sending UpdateMetadata request (Leader:0,ISR:0,LeaderEpoch:1,ControllerEpoch:28) with correlationId 4 to broker 0 for partition [test,0] (state.change.logger)
[2015-09-14 15:47:34,339] TRACE Controller 0 epoch 29 started leader election for partition [us-texas-3.cloud.cisco.com.MANAGER,0] (state.change.logger)
[2015-09-14 15:47:34,381] TRACE Controller 0 epoch 29 elected leader 0 for Offline partition [us-texas-3.cloud.cisco.com.MANAGER,0] (state.change.logger)
[2015-09-14 15:47:34,389] TRACE Controller 0 epoch 29 changed partition [us-texas-3.cloud.cisco.com.MANAGER,0] from OfflinePartition to OnlinePartition with leader 0 (state.change.logger)
[2015-09-14 15:47:34,389] TRACE Controller 0 epoch 29 started leader election for partition [us-texas-3.cloud.cisco.com.WORKER,0] (state.change.logger)
[2015-09-14 15:47:34,399] TRACE Controller 0 epoch 29 elected leader 0 for Offline partition [us-texas-3.cloud.cisco.com.WORKER,0] (state.change.logger)
[2015-09-14 15:47:34,400] TRACE Controller 0 epoch 29 changed partition [us-texas-3.cloud.cisco.com.WORKER,0] from OfflinePartition to OnlinePartition with leader 0 (state.change.logger)
[2015-09-14 15:47:34,401] TRACE Controller 0 epoch 29 started leader election for partition [test,0] (state.change.logger)
[2015-09-14 15:47:34,453] TRACE Controller 0 epoch 29 elected leader 0 for Offline partition [test,0] (state.change.logger)
[2015-09-14 15:47:34,454] TRACE Controller 0 epoch 29 changed partition [test,0] from OfflinePartition to OnlinePartition with leader 0 (state.change.logger)
[2015-09-14 15:47:34,454] TRACE Controller 0 epoch 29 sending become-leader LeaderAndIsr request (Leader:0,ISR:0,LeaderEpoch:21,ControllerEpoch:29) with correlationId 5 to broker 0 for partition [us-texas-3.cloud.cisco.com.MANAGER,0] (state.change.logger)
[2015-09-14 15:47:34,454] TRACE Controller 0 epoch 29 sending become-leader LeaderAndIsr request (Leader:0,ISR:0,LeaderEpoch:21,ControllerEpoch:29) with correlationId 5 to broker 0 for partition [us-texas-3.cloud.cisco.com.WORKER,0] (state.change.logger)
[2015-09-14 15:47:34,455] TRACE Controller 0 epoch 29 sending become-leader LeaderAndIsr request (Leader:0,ISR:0,LeaderEpoch:2,ControllerEpoch:29) with correlationId 5 to broker 0 for partition [test,0] (state.change.logger)
[2015-09-14 15:47:34,464] TRACE Controller 0 epoch 29 sending UpdateMetadata request (Leader:0,ISR:0,LeaderEpoch:21,ControllerEpoch:29) with correlationId 5 to broker 0 for partition [us-texas-3.cloud.cisco.com.MANAGER,0] (state.change.logger)
[2015-09-14 15:47:34,464] TRACE Controller 0 epoch 29 sending UpdateMetadata request (Leader:0,ISR:0,LeaderEpoch:21,ControllerEpoch:29) with correlationId 5 to broker 0 for partition [us-texas-3.cloud.cisco.com.WORKER,0] (state.change.logger)
[2015-09-14 15:47:34,464] TRACE Controller 0 epoch 29 sending UpdateMetadata request (Leader:0,ISR:0,LeaderEpoch:2,ControllerEpoch:29) with correlationId 5 to broker 0 for partition [test,0] (state.change.logger)
