[2015-10-01 01:30:59,009] TRACE Controller 0 epoch 4 changed partition [us-texas-3.cloud.cisco.com.WORKER.842347577,0] state from NonExistentPartition to NewPartition with assigned replicas 0 (state.change.logger)
[2015-10-01 01:30:59,014] TRACE Controller 0 epoch 4 changed partition [us-texas-3.cloud.cisco.com.WORKER-JOBS,0] state from NonExistentPartition to NewPartition with assigned replicas 0 (state.change.logger)
[2015-10-01 01:30:59,022] TRACE Controller 0 epoch 4 changed state of replica 0 for partition [us-texas-3.cloud.cisco.com.WORKER.842347577,0] from NonExistentReplica to NewReplica (state.change.logger)
[2015-10-01 01:30:59,023] TRACE Controller 0 epoch 4 changed state of replica 0 for partition [us-texas-3.cloud.cisco.com.WORKER-JOBS,0] from NonExistentReplica to NewReplica (state.change.logger)
[2015-10-01 01:30:59,033] TRACE Controller 0 epoch 4 changed partition [us-texas-3.cloud.cisco.com.WORKER.842347577,0] from NewPartition to OnlinePartition with leader 0 (state.change.logger)
[2015-10-01 01:30:59,037] TRACE Controller 0 epoch 4 changed partition [us-texas-3.cloud.cisco.com.WORKER-JOBS,0] from NewPartition to OnlinePartition with leader 0 (state.change.logger)
[2015-10-01 01:30:59,037] TRACE Controller 0 epoch 4 sending become-leader LeaderAndIsr request (Leader:0,ISR:0,LeaderEpoch:0,ControllerEpoch:4) with correlationId 8 to broker 0 for partition [us-texas-3.cloud.cisco.com.WORKER.842347577,0] (state.change.logger)
[2015-10-01 01:30:59,037] TRACE Controller 0 epoch 4 sending become-leader LeaderAndIsr request (Leader:0,ISR:0,LeaderEpoch:0,ControllerEpoch:4) with correlationId 8 to broker 0 for partition [us-texas-3.cloud.cisco.com.WORKER-JOBS,0] (state.change.logger)
[2015-10-01 01:30:59,040] TRACE Controller 0 epoch 4 sending UpdateMetadata request (Leader:0,ISR:0,LeaderEpoch:0,ControllerEpoch:4) with correlationId 8 to broker 0 for partition [us-texas-3.cloud.cisco.com.WORKER.842347577,0] (state.change.logger)
[2015-10-01 01:30:59,040] TRACE Controller 0 epoch 4 sending UpdateMetadata request (Leader:0,ISR:0,LeaderEpoch:0,ControllerEpoch:4) with correlationId 8 to broker 0 for partition [us-texas-3.cloud.cisco.com.WORKER-JOBS,0] (state.change.logger)
[2015-10-01 01:30:59,040] TRACE Controller 0 epoch 4 changed state of replica 0 for partition [us-texas-3.cloud.cisco.com.WORKER.842347577,0] from NewReplica to OnlineReplica (state.change.logger)
[2015-10-01 01:30:59,041] TRACE Controller 0 epoch 4 changed state of replica 0 for partition [us-texas-3.cloud.cisco.com.WORKER-JOBS,0] from NewReplica to OnlineReplica (state.change.logger)
[2015-10-01 01:30:59,046] TRACE Controller 0 epoch 4 changed partition [us-texas-3.cloud.cisco.com.WORKER-OFFERS,0] state from NonExistentPartition to NewPartition with assigned replicas 0 (state.change.logger)
[2015-10-01 01:30:59,047] TRACE Controller 0 epoch 4 changed state of replica 0 for partition [us-texas-3.cloud.cisco.com.WORKER-OFFERS,0] from NonExistentReplica to NewReplica (state.change.logger)
[2015-10-01 01:30:59,052] TRACE Controller 0 epoch 4 changed partition [us-texas-3.cloud.cisco.com.WORKER-OFFERS,0] from NewPartition to OnlinePartition with leader 0 (state.change.logger)
[2015-10-01 01:30:59,052] TRACE Controller 0 epoch 4 sending become-leader LeaderAndIsr request (Leader:0,ISR:0,LeaderEpoch:0,ControllerEpoch:4) with correlationId 12 to broker 0 for partition [us-texas-3.cloud.cisco.com.WORKER-OFFERS,0] (state.change.logger)
[2015-10-01 01:30:59,052] TRACE Controller 0 epoch 4 sending UpdateMetadata request (Leader:0,ISR:0,LeaderEpoch:0,ControllerEpoch:4) with correlationId 12 to broker 0 for partition [us-texas-3.cloud.cisco.com.WORKER-OFFERS,0] (state.change.logger)
[2015-10-01 01:30:59,052] TRACE Controller 0 epoch 4 changed state of replica 0 for partition [us-texas-3.cloud.cisco.com.WORKER-OFFERS,0] from NewReplica to OnlineReplica (state.change.logger)
[2015-10-01 01:30:59,341] TRACE Broker 0 received LeaderAndIsr request (LeaderAndIsrInfo:(Leader:0,ISR:0,LeaderEpoch:0,ControllerEpoch:4),ReplicationFactor:1),AllReplicas:0) correlation id 8 from controller 0 epoch 4 for partition [us-texas-3.cloud.cisco.com.WORKER.842347577,0] (state.change.logger)
[2015-10-01 01:30:59,342] TRACE Broker 0 received LeaderAndIsr request (LeaderAndIsrInfo:(Leader:0,ISR:0,LeaderEpoch:0,ControllerEpoch:4),ReplicationFactor:1),AllReplicas:0) correlation id 8 from controller 0 epoch 4 for partition [us-texas-3.cloud.cisco.com.WORKER-JOBS,0] (state.change.logger)
[2015-10-01 01:30:59,346] TRACE Broker 0 handling LeaderAndIsr request correlationId 8 from controller 0 epoch 4 starting the become-leader transition for partition [us-texas-3.cloud.cisco.com.WORKER.842347577,0] (state.change.logger)
[2015-10-01 01:30:59,346] TRACE Broker 0 handling LeaderAndIsr request correlationId 8 from controller 0 epoch 4 starting the become-leader transition for partition [us-texas-3.cloud.cisco.com.WORKER-JOBS,0] (state.change.logger)
[2015-10-01 01:30:59,346] TRACE Broker 0 stopped fetchers as part of become-leader request from controller 0 epoch 4 with correlation id 8 for partition [us-texas-3.cloud.cisco.com.WORKER.842347577,0] (state.change.logger)
[2015-10-01 01:30:59,346] TRACE Broker 0 stopped fetchers as part of become-leader request from controller 0 epoch 4 with correlation id 8 for partition [us-texas-3.cloud.cisco.com.WORKER-JOBS,0] (state.change.logger)
[2015-10-01 01:30:59,364] TRACE Broker 0 completed LeaderAndIsr request correlationId 8 from controller 0 epoch 4 for the become-leader transition for partition [us-texas-3.cloud.cisco.com.WORKER.842347577,0] (state.change.logger)
[2015-10-01 01:30:59,364] TRACE Broker 0 completed LeaderAndIsr request correlationId 8 from controller 0 epoch 4 for the become-leader transition for partition [us-texas-3.cloud.cisco.com.WORKER-JOBS,0] (state.change.logger)
[2015-10-01 01:30:59,366] TRACE Controller 0 epoch 4 received response LeaderAndIsrResponse(8,Map((us-texas-3.cloud.cisco.com.WORKER.842347577,0) -> 0, (us-texas-3.cloud.cisco.com.WORKER-JOBS,0) -> 0),0) for a request sent to broker id:0,host:johnc-VirtualBox,port:9092 (state.change.logger)
[2015-10-01 01:30:59,367] TRACE Broker 0 cached leader info (LeaderAndIsrInfo:(Leader:0,ISR:0,LeaderEpoch:0,ControllerEpoch:4),ReplicationFactor:1),AllReplicas:0) for partition [us-texas-3.cloud.cisco.com.WORKER.842347577,0] in response to UpdateMetadata request sent by controller 0 epoch 4 with correlation id 8 (state.change.logger)
[2015-10-01 01:30:59,367] TRACE Broker 0 cached leader info (LeaderAndIsrInfo:(Leader:0,ISR:0,LeaderEpoch:0,ControllerEpoch:4),ReplicationFactor:1),AllReplicas:0) for partition [us-texas-3.cloud.cisco.com.WORKER-JOBS,0] in response to UpdateMetadata request sent by controller 0 epoch 4 with correlation id 8 (state.change.logger)
[2015-10-01 01:30:59,367] TRACE Controller 0 epoch 4 received response UpdateMetadataResponse(8,0) for a request sent to broker id:0,host:johnc-VirtualBox,port:9092 (state.change.logger)
[2015-10-01 01:30:59,368] TRACE Broker 0 received LeaderAndIsr request (LeaderAndIsrInfo:(Leader:0,ISR:0,LeaderEpoch:0,ControllerEpoch:4),ReplicationFactor:1),AllReplicas:0) correlation id 12 from controller 0 epoch 4 for partition [us-texas-3.cloud.cisco.com.WORKER-OFFERS,0] (state.change.logger)
[2015-10-01 01:30:59,368] TRACE Broker 0 handling LeaderAndIsr request correlationId 12 from controller 0 epoch 4 starting the become-leader transition for partition [us-texas-3.cloud.cisco.com.WORKER-OFFERS,0] (state.change.logger)
[2015-10-01 01:30:59,369] TRACE Broker 0 stopped fetchers as part of become-leader request from controller 0 epoch 4 with correlation id 12 for partition [us-texas-3.cloud.cisco.com.WORKER-OFFERS,0] (state.change.logger)
[2015-10-01 01:30:59,373] TRACE Broker 0 completed LeaderAndIsr request correlationId 12 from controller 0 epoch 4 for the become-leader transition for partition [us-texas-3.cloud.cisco.com.WORKER-OFFERS,0] (state.change.logger)
[2015-10-01 01:30:59,373] TRACE Controller 0 epoch 4 received response LeaderAndIsrResponse(12,Map((us-texas-3.cloud.cisco.com.WORKER-OFFERS,0) -> 0),0) for a request sent to broker id:0,host:johnc-VirtualBox,port:9092 (state.change.logger)
[2015-10-01 01:30:59,377] TRACE Broker 0 cached leader info (LeaderAndIsrInfo:(Leader:0,ISR:0,LeaderEpoch:0,ControllerEpoch:4),ReplicationFactor:1),AllReplicas:0) for partition [us-texas-3.cloud.cisco.com.WORKER-OFFERS,0] in response to UpdateMetadata request sent by controller 0 epoch 4 with correlation id 12 (state.change.logger)
[2015-10-01 01:30:59,377] TRACE Controller 0 epoch 4 received response UpdateMetadataResponse(12,0) for a request sent to broker id:0,host:johnc-VirtualBox,port:9092 (state.change.logger)
[2015-10-01 01:33:10,114] TRACE Controller 0 epoch 4 changed partition [us-texas-3.cloud.cisco.com.WORKER.842347577,0] state from OnlinePartition to OfflinePartition (state.change.logger)
[2015-10-01 01:33:10,115] TRACE Controller 0 epoch 4 changed partition [us-texas-3.cloud.cisco.com.MANAGER,0] state from OnlinePartition to OfflinePartition (state.change.logger)
[2015-10-01 01:33:10,115] TRACE Controller 0 epoch 4 changed partition [us-texas-3.cloud.cisco.com.WORKER-JOBS,0] state from OnlinePartition to OfflinePartition (state.change.logger)
[2015-10-01 01:33:10,115] TRACE Controller 0 epoch 4 changed partition [us-texas-3.cloud.cisco.com.WORKER-OFFERS,0] state from OnlinePartition to OfflinePartition (state.change.logger)
[2015-10-01 01:33:10,115] TRACE Controller 0 epoch 4 changed partition [us-texas-3.cloud.cisco.com.WORKER,0] state from OnlinePartition to OfflinePartition (state.change.logger)
[2015-10-01 01:33:10,115] TRACE Controller 0 epoch 4 started leader election for partition [us-texas-3.cloud.cisco.com.WORKER.842347577,0] (state.change.logger)
[2015-10-01 01:33:10,135] ERROR Controller 0 epoch 4 initiated state change for partition [us-texas-3.cloud.cisco.com.WORKER.842347577,0] from OfflinePartition to OnlinePartition failed (state.change.logger)
kafka.common.NoReplicaOnlineException: No replica for partition [us-texas-3.cloud.cisco.com.WORKER.842347577,0] is alive. Live brokers are: [Set()], Assigned replicas are: [List(0)]
	at kafka.controller.OfflinePartitionLeaderSelector.selectLeader(PartitionLeaderSelector.scala:75)
	at kafka.controller.PartitionStateMachine.electLeaderForPartition(PartitionStateMachine.scala:357)
	at kafka.controller.PartitionStateMachine.kafka$controller$PartitionStateMachine$$handleStateChange(PartitionStateMachine.scala:206)
	at kafka.controller.PartitionStateMachine$$anonfun$triggerOnlinePartitionStateChange$3.apply(PartitionStateMachine.scala:120)
	at kafka.controller.PartitionStateMachine$$anonfun$triggerOnlinePartitionStateChange$3.apply(PartitionStateMachine.scala:117)
	at scala.collection.TraversableLike$WithFilter$$anonfun$foreach$1.apply(TraversableLike.scala:772)
	at scala.collection.mutable.HashMap$$anonfun$foreach$1.apply(HashMap.scala:98)
	at scala.collection.mutable.HashMap$$anonfun$foreach$1.apply(HashMap.scala:98)
	at scala.collection.mutable.HashTable$class.foreachEntry(HashTable.scala:226)
	at scala.collection.mutable.HashMap.foreachEntry(HashMap.scala:39)
	at scala.collection.mutable.HashMap.foreach(HashMap.scala:98)
	at scala.collection.TraversableLike$WithFilter.foreach(TraversableLike.scala:771)
	at kafka.controller.PartitionStateMachine.triggerOnlinePartitionStateChange(PartitionStateMachine.scala:117)
	at kafka.controller.KafkaController.onBrokerFailure(KafkaController.scala:446)
	at kafka.controller.ReplicaStateMachine$BrokerChangeListener$$anonfun$handleChildChange$1$$anonfun$apply$mcV$sp$1.apply$mcV$sp(ReplicaStateMachine.scala:373)
	at kafka.controller.ReplicaStateMachine$BrokerChangeListener$$anonfun$handleChildChange$1$$anonfun$apply$mcV$sp$1.apply(ReplicaStateMachine.scala:359)
	at kafka.controller.ReplicaStateMachine$BrokerChangeListener$$anonfun$handleChildChange$1$$anonfun$apply$mcV$sp$1.apply(ReplicaStateMachine.scala:359)
	at kafka.metrics.KafkaTimer.time(KafkaTimer.scala:33)
	at kafka.controller.ReplicaStateMachine$BrokerChangeListener$$anonfun$handleChildChange$1.apply$mcV$sp(ReplicaStateMachine.scala:358)
	at kafka.controller.ReplicaStateMachine$BrokerChangeListener$$anonfun$handleChildChange$1.apply(ReplicaStateMachine.scala:357)
	at kafka.controller.ReplicaStateMachine$BrokerChangeListener$$anonfun$handleChildChange$1.apply(ReplicaStateMachine.scala:357)
	at kafka.utils.Utils$.inLock(Utils.scala:535)
	at kafka.controller.ReplicaStateMachine$BrokerChangeListener.handleChildChange(ReplicaStateMachine.scala:356)
	at org.I0Itec.zkclient.ZkClient$7.run(ZkClient.java:568)
	at org.I0Itec.zkclient.ZkEventThread.run(ZkEventThread.java:71)
[2015-10-01 01:33:10,142] TRACE Controller 0 epoch 4 started leader election for partition [us-texas-3.cloud.cisco.com.MANAGER,0] (state.change.logger)
[2015-10-01 01:33:10,150] ERROR Controller 0 epoch 4 initiated state change for partition [us-texas-3.cloud.cisco.com.MANAGER,0] from OfflinePartition to OnlinePartition failed (state.change.logger)
kafka.common.NoReplicaOnlineException: No replica for partition [us-texas-3.cloud.cisco.com.MANAGER,0] is alive. Live brokers are: [Set()], Assigned replicas are: [List(0)]
	at kafka.controller.OfflinePartitionLeaderSelector.selectLeader(PartitionLeaderSelector.scala:75)
	at kafka.controller.PartitionStateMachine.electLeaderForPartition(PartitionStateMachine.scala:357)
	at kafka.controller.PartitionStateMachine.kafka$controller$PartitionStateMachine$$handleStateChange(PartitionStateMachine.scala:206)
	at kafka.controller.PartitionStateMachine$$anonfun$triggerOnlinePartitionStateChange$3.apply(PartitionStateMachine.scala:120)
	at kafka.controller.PartitionStateMachine$$anonfun$triggerOnlinePartitionStateChange$3.apply(PartitionStateMachine.scala:117)
	at scala.collection.TraversableLike$WithFilter$$anonfun$foreach$1.apply(TraversableLike.scala:772)
	at scala.collection.mutable.HashMap$$anonfun$foreach$1.apply(HashMap.scala:98)
	at scala.collection.mutable.HashMap$$anonfun$foreach$1.apply(HashMap.scala:98)
	at scala.collection.mutable.HashTable$class.foreachEntry(HashTable.scala:226)
	at scala.collection.mutable.HashMap.foreachEntry(HashMap.scala:39)
	at scala.collection.mutable.HashMap.foreach(HashMap.scala:98)
	at scala.collection.TraversableLike$WithFilter.foreach(TraversableLike.scala:771)
	at kafka.controller.PartitionStateMachine.triggerOnlinePartitionStateChange(PartitionStateMachine.scala:117)
	at kafka.controller.KafkaController.onBrokerFailure(KafkaController.scala:446)
	at kafka.controller.ReplicaStateMachine$BrokerChangeListener$$anonfun$handleChildChange$1$$anonfun$apply$mcV$sp$1.apply$mcV$sp(ReplicaStateMachine.scala:373)
	at kafka.controller.ReplicaStateMachine$BrokerChangeListener$$anonfun$handleChildChange$1$$anonfun$apply$mcV$sp$1.apply(ReplicaStateMachine.scala:359)
	at kafka.controller.ReplicaStateMachine$BrokerChangeListener$$anonfun$handleChildChange$1$$anonfun$apply$mcV$sp$1.apply(ReplicaStateMachine.scala:359)
	at kafka.metrics.KafkaTimer.time(KafkaTimer.scala:33)
	at kafka.controller.ReplicaStateMachine$BrokerChangeListener$$anonfun$handleChildChange$1.apply$mcV$sp(ReplicaStateMachine.scala:358)
	at kafka.controller.ReplicaStateMachine$BrokerChangeListener$$anonfun$handleChildChange$1.apply(ReplicaStateMachine.scala:357)
	at kafka.controller.ReplicaStateMachine$BrokerChangeListener$$anonfun$handleChildChange$1.apply(ReplicaStateMachine.scala:357)
	at kafka.utils.Utils$.inLock(Utils.scala:535)
	at kafka.controller.ReplicaStateMachine$BrokerChangeListener.handleChildChange(ReplicaStateMachine.scala:356)
	at org.I0Itec.zkclient.ZkClient$7.run(ZkClient.java:568)
	at org.I0Itec.zkclient.ZkEventThread.run(ZkEventThread.java:71)
[2015-10-01 01:33:10,150] TRACE Controller 0 epoch 4 started leader election for partition [us-texas-3.cloud.cisco.com.WORKER-JOBS,0] (state.change.logger)
[2015-10-01 01:33:10,155] ERROR Controller 0 epoch 4 initiated state change for partition [us-texas-3.cloud.cisco.com.WORKER-JOBS,0] from OfflinePartition to OnlinePartition failed (state.change.logger)
kafka.common.NoReplicaOnlineException: No replica for partition [us-texas-3.cloud.cisco.com.WORKER-JOBS,0] is alive. Live brokers are: [Set()], Assigned replicas are: [List(0)]
	at kafka.controller.OfflinePartitionLeaderSelector.selectLeader(PartitionLeaderSelector.scala:75)
	at kafka.controller.PartitionStateMachine.electLeaderForPartition(PartitionStateMachine.scala:357)
	at kafka.controller.PartitionStateMachine.kafka$controller$PartitionStateMachine$$handleStateChange(PartitionStateMachine.scala:206)
	at kafka.controller.PartitionStateMachine$$anonfun$triggerOnlinePartitionStateChange$3.apply(PartitionStateMachine.scala:120)
	at kafka.controller.PartitionStateMachine$$anonfun$triggerOnlinePartitionStateChange$3.apply(PartitionStateMachine.scala:117)
	at scala.collection.TraversableLike$WithFilter$$anonfun$foreach$1.apply(TraversableLike.scala:772)
	at scala.collection.mutable.HashMap$$anonfun$foreach$1.apply(HashMap.scala:98)
	at scala.collection.mutable.HashMap$$anonfun$foreach$1.apply(HashMap.scala:98)
	at scala.collection.mutable.HashTable$class.foreachEntry(HashTable.scala:226)
	at scala.collection.mutable.HashMap.foreachEntry(HashMap.scala:39)
	at scala.collection.mutable.HashMap.foreach(HashMap.scala:98)
	at scala.collection.TraversableLike$WithFilter.foreach(TraversableLike.scala:771)
	at kafka.controller.PartitionStateMachine.triggerOnlinePartitionStateChange(PartitionStateMachine.scala:117)
	at kafka.controller.KafkaController.onBrokerFailure(KafkaController.scala:446)
	at kafka.controller.ReplicaStateMachine$BrokerChangeListener$$anonfun$handleChildChange$1$$anonfun$apply$mcV$sp$1.apply$mcV$sp(ReplicaStateMachine.scala:373)
	at kafka.controller.ReplicaStateMachine$BrokerChangeListener$$anonfun$handleChildChange$1$$anonfun$apply$mcV$sp$1.apply(ReplicaStateMachine.scala:359)
	at kafka.controller.ReplicaStateMachine$BrokerChangeListener$$anonfun$handleChildChange$1$$anonfun$apply$mcV$sp$1.apply(ReplicaStateMachine.scala:359)
	at kafka.metrics.KafkaTimer.time(KafkaTimer.scala:33)
	at kafka.controller.ReplicaStateMachine$BrokerChangeListener$$anonfun$handleChildChange$1.apply$mcV$sp(ReplicaStateMachine.scala:358)
	at kafka.controller.ReplicaStateMachine$BrokerChangeListener$$anonfun$handleChildChange$1.apply(ReplicaStateMachine.scala:357)
	at kafka.controller.ReplicaStateMachine$BrokerChangeListener$$anonfun$handleChildChange$1.apply(ReplicaStateMachine.scala:357)
	at kafka.utils.Utils$.inLock(Utils.scala:535)
	at kafka.controller.ReplicaStateMachine$BrokerChangeListener.handleChildChange(ReplicaStateMachine.scala:356)
	at org.I0Itec.zkclient.ZkClient$7.run(ZkClient.java:568)
	at org.I0Itec.zkclient.ZkEventThread.run(ZkEventThread.java:71)
[2015-10-01 01:33:10,155] TRACE Controller 0 epoch 4 started leader election for partition [us-texas-3.cloud.cisco.com.WORKER-OFFERS,0] (state.change.logger)
[2015-10-01 01:33:10,160] ERROR Controller 0 epoch 4 initiated state change for partition [us-texas-3.cloud.cisco.com.WORKER-OFFERS,0] from OfflinePartition to OnlinePartition failed (state.change.logger)
kafka.common.NoReplicaOnlineException: No replica for partition [us-texas-3.cloud.cisco.com.WORKER-OFFERS,0] is alive. Live brokers are: [Set()], Assigned replicas are: [List(0)]
	at kafka.controller.OfflinePartitionLeaderSelector.selectLeader(PartitionLeaderSelector.scala:75)
	at kafka.controller.PartitionStateMachine.electLeaderForPartition(PartitionStateMachine.scala:357)
	at kafka.controller.PartitionStateMachine.kafka$controller$PartitionStateMachine$$handleStateChange(PartitionStateMachine.scala:206)
	at kafka.controller.PartitionStateMachine$$anonfun$triggerOnlinePartitionStateChange$3.apply(PartitionStateMachine.scala:120)
	at kafka.controller.PartitionStateMachine$$anonfun$triggerOnlinePartitionStateChange$3.apply(PartitionStateMachine.scala:117)
	at scala.collection.TraversableLike$WithFilter$$anonfun$foreach$1.apply(TraversableLike.scala:772)
	at scala.collection.mutable.HashMap$$anonfun$foreach$1.apply(HashMap.scala:98)
	at scala.collection.mutable.HashMap$$anonfun$foreach$1.apply(HashMap.scala:98)
	at scala.collection.mutable.HashTable$class.foreachEntry(HashTable.scala:226)
	at scala.collection.mutable.HashMap.foreachEntry(HashMap.scala:39)
	at scala.collection.mutable.HashMap.foreach(HashMap.scala:98)
	at scala.collection.TraversableLike$WithFilter.foreach(TraversableLike.scala:771)
	at kafka.controller.PartitionStateMachine.triggerOnlinePartitionStateChange(PartitionStateMachine.scala:117)
	at kafka.controller.KafkaController.onBrokerFailure(KafkaController.scala:446)
	at kafka.controller.ReplicaStateMachine$BrokerChangeListener$$anonfun$handleChildChange$1$$anonfun$apply$mcV$sp$1.apply$mcV$sp(ReplicaStateMachine.scala:373)
	at kafka.controller.ReplicaStateMachine$BrokerChangeListener$$anonfun$handleChildChange$1$$anonfun$apply$mcV$sp$1.apply(ReplicaStateMachine.scala:359)
	at kafka.controller.ReplicaStateMachine$BrokerChangeListener$$anonfun$handleChildChange$1$$anonfun$apply$mcV$sp$1.apply(ReplicaStateMachine.scala:359)
	at kafka.metrics.KafkaTimer.time(KafkaTimer.scala:33)
	at kafka.controller.ReplicaStateMachine$BrokerChangeListener$$anonfun$handleChildChange$1.apply$mcV$sp(ReplicaStateMachine.scala:358)
	at kafka.controller.ReplicaStateMachine$BrokerChangeListener$$anonfun$handleChildChange$1.apply(ReplicaStateMachine.scala:357)
	at kafka.controller.ReplicaStateMachine$BrokerChangeListener$$anonfun$handleChildChange$1.apply(ReplicaStateMachine.scala:357)
	at kafka.utils.Utils$.inLock(Utils.scala:535)
	at kafka.controller.ReplicaStateMachine$BrokerChangeListener.handleChildChange(ReplicaStateMachine.scala:356)
	at org.I0Itec.zkclient.ZkClient$7.run(ZkClient.java:568)
	at org.I0Itec.zkclient.ZkEventThread.run(ZkEventThread.java:71)
[2015-10-01 01:33:10,160] TRACE Controller 0 epoch 4 started leader election for partition [us-texas-3.cloud.cisco.com.WORKER,0] (state.change.logger)
[2015-10-01 01:33:10,165] ERROR Controller 0 epoch 4 initiated state change for partition [us-texas-3.cloud.cisco.com.WORKER,0] from OfflinePartition to OnlinePartition failed (state.change.logger)
kafka.common.NoReplicaOnlineException: No replica for partition [us-texas-3.cloud.cisco.com.WORKER,0] is alive. Live brokers are: [Set()], Assigned replicas are: [List(0)]
	at kafka.controller.OfflinePartitionLeaderSelector.selectLeader(PartitionLeaderSelector.scala:75)
	at kafka.controller.PartitionStateMachine.electLeaderForPartition(PartitionStateMachine.scala:357)
	at kafka.controller.PartitionStateMachine.kafka$controller$PartitionStateMachine$$handleStateChange(PartitionStateMachine.scala:206)
	at kafka.controller.PartitionStateMachine$$anonfun$triggerOnlinePartitionStateChange$3.apply(PartitionStateMachine.scala:120)
	at kafka.controller.PartitionStateMachine$$anonfun$triggerOnlinePartitionStateChange$3.apply(PartitionStateMachine.scala:117)
	at scala.collection.TraversableLike$WithFilter$$anonfun$foreach$1.apply(TraversableLike.scala:772)
	at scala.collection.mutable.HashMap$$anonfun$foreach$1.apply(HashMap.scala:98)
	at scala.collection.mutable.HashMap$$anonfun$foreach$1.apply(HashMap.scala:98)
	at scala.collection.mutable.HashTable$class.foreachEntry(HashTable.scala:226)
	at scala.collection.mutable.HashMap.foreachEntry(HashMap.scala:39)
	at scala.collection.mutable.HashMap.foreach(HashMap.scala:98)
	at scala.collection.TraversableLike$WithFilter.foreach(TraversableLike.scala:771)
	at kafka.controller.PartitionStateMachine.triggerOnlinePartitionStateChange(PartitionStateMachine.scala:117)
	at kafka.controller.KafkaController.onBrokerFailure(KafkaController.scala:446)
	at kafka.controller.ReplicaStateMachine$BrokerChangeListener$$anonfun$handleChildChange$1$$anonfun$apply$mcV$sp$1.apply$mcV$sp(ReplicaStateMachine.scala:373)
	at kafka.controller.ReplicaStateMachine$BrokerChangeListener$$anonfun$handleChildChange$1$$anonfun$apply$mcV$sp$1.apply(ReplicaStateMachine.scala:359)
	at kafka.controller.ReplicaStateMachine$BrokerChangeListener$$anonfun$handleChildChange$1$$anonfun$apply$mcV$sp$1.apply(ReplicaStateMachine.scala:359)
	at kafka.metrics.KafkaTimer.time(KafkaTimer.scala:33)
	at kafka.controller.ReplicaStateMachine$BrokerChangeListener$$anonfun$handleChildChange$1.apply$mcV$sp(ReplicaStateMachine.scala:358)
	at kafka.controller.ReplicaStateMachine$BrokerChangeListener$$anonfun$handleChildChange$1.apply(ReplicaStateMachine.scala:357)
	at kafka.controller.ReplicaStateMachine$BrokerChangeListener$$anonfun$handleChildChange$1.apply(ReplicaStateMachine.scala:357)
	at kafka.utils.Utils$.inLock(Utils.scala:535)
	at kafka.controller.ReplicaStateMachine$BrokerChangeListener.handleChildChange(ReplicaStateMachine.scala:356)
	at org.I0Itec.zkclient.ZkClient$7.run(ZkClient.java:568)
	at org.I0Itec.zkclient.ZkEventThread.run(ZkEventThread.java:71)
[2015-10-01 01:33:10,181] TRACE Controller 0 epoch 4 changed state of replica 0 for partition [us-texas-3.cloud.cisco.com.WORKER-OFFERS,0] from OnlineReplica to OfflineReplica (state.change.logger)
[2015-10-01 01:33:10,192] TRACE Controller 0 epoch 4 changed state of replica 0 for partition [us-texas-3.cloud.cisco.com.WORKER,0] from OnlineReplica to OfflineReplica (state.change.logger)
[2015-10-01 01:33:10,197] TRACE Controller 0 epoch 4 changed state of replica 0 for partition [us-texas-3.cloud.cisco.com.MANAGER,0] from OnlineReplica to OfflineReplica (state.change.logger)
[2015-10-01 01:33:10,202] TRACE Controller 0 epoch 4 changed state of replica 0 for partition [us-texas-3.cloud.cisco.com.WORKER.842347577,0] from OnlineReplica to OfflineReplica (state.change.logger)
[2015-10-01 01:33:10,212] TRACE Controller 0 epoch 4 changed state of replica 0 for partition [us-texas-3.cloud.cisco.com.WORKER-JOBS,0] from OnlineReplica to OfflineReplica (state.change.logger)
[2015-10-01 01:33:18,733] TRACE Controller 0 epoch 5 started leader election for partition [us-texas-3.cloud.cisco.com.WORKER.842347577,0] (state.change.logger)
[2015-10-01 01:33:18,776] ERROR Controller 0 epoch 5 initiated state change for partition [us-texas-3.cloud.cisco.com.WORKER.842347577,0] from OfflinePartition to OnlinePartition failed (state.change.logger)
kafka.common.NoReplicaOnlineException: No replica for partition [us-texas-3.cloud.cisco.com.WORKER.842347577,0] is alive. Live brokers are: [Set()], Assigned replicas are: [List(0)]
	at kafka.controller.OfflinePartitionLeaderSelector.selectLeader(PartitionLeaderSelector.scala:75)
	at kafka.controller.PartitionStateMachine.electLeaderForPartition(PartitionStateMachine.scala:357)
	at kafka.controller.PartitionStateMachine.kafka$controller$PartitionStateMachine$$handleStateChange(PartitionStateMachine.scala:206)
	at kafka.controller.PartitionStateMachine$$anonfun$triggerOnlinePartitionStateChange$3.apply(PartitionStateMachine.scala:120)
	at kafka.controller.PartitionStateMachine$$anonfun$triggerOnlinePartitionStateChange$3.apply(PartitionStateMachine.scala:117)
	at scala.collection.TraversableLike$WithFilter$$anonfun$foreach$1.apply(TraversableLike.scala:772)
	at scala.collection.mutable.HashMap$$anonfun$foreach$1.apply(HashMap.scala:98)
	at scala.collection.mutable.HashMap$$anonfun$foreach$1.apply(HashMap.scala:98)
	at scala.collection.mutable.HashTable$class.foreachEntry(HashTable.scala:226)
	at scala.collection.mutable.HashMap.foreachEntry(HashMap.scala:39)
	at scala.collection.mutable.HashMap.foreach(HashMap.scala:98)
	at scala.collection.TraversableLike$WithFilter.foreach(TraversableLike.scala:771)
	at kafka.controller.PartitionStateMachine.triggerOnlinePartitionStateChange(PartitionStateMachine.scala:117)
	at kafka.controller.PartitionStateMachine.startup(PartitionStateMachine.scala:70)
	at kafka.controller.KafkaController.onControllerFailover(KafkaController.scala:314)
	at kafka.controller.KafkaController$$anonfun$1.apply$mcV$sp(KafkaController.scala:161)
	at kafka.server.ZookeeperLeaderElector.elect(ZookeeperLeaderElector.scala:81)
	at kafka.server.ZookeeperLeaderElector$$anonfun$startup$1.apply$mcZ$sp(ZookeeperLeaderElector.scala:49)
	at kafka.server.ZookeeperLeaderElector$$anonfun$startup$1.apply(ZookeeperLeaderElector.scala:47)
	at kafka.server.ZookeeperLeaderElector$$anonfun$startup$1.apply(ZookeeperLeaderElector.scala:47)
	at kafka.utils.Utils$.inLock(Utils.scala:535)
	at kafka.server.ZookeeperLeaderElector.startup(ZookeeperLeaderElector.scala:47)
	at kafka.controller.KafkaController$$anonfun$startup$1.apply$mcV$sp(KafkaController.scala:650)
	at kafka.controller.KafkaController$$anonfun$startup$1.apply(KafkaController.scala:646)
	at kafka.controller.KafkaController$$anonfun$startup$1.apply(KafkaController.scala:646)
	at kafka.utils.Utils$.inLock(Utils.scala:535)
	at kafka.controller.KafkaController.startup(KafkaController.scala:646)
	at kafka.server.KafkaServer.startup(KafkaServer.scala:117)
	at kafka.server.KafkaServerStartable.startup(KafkaServerStartable.scala:29)
	at kafka.Kafka$.main(Kafka.scala:46)
	at kafka.Kafka.main(Kafka.scala)
[2015-10-01 01:33:18,785] TRACE Controller 0 epoch 5 started leader election for partition [us-texas-3.cloud.cisco.com.MANAGER,0] (state.change.logger)
[2015-10-01 01:33:18,806] ERROR Controller 0 epoch 5 initiated state change for partition [us-texas-3.cloud.cisco.com.MANAGER,0] from OfflinePartition to OnlinePartition failed (state.change.logger)
kafka.common.NoReplicaOnlineException: No replica for partition [us-texas-3.cloud.cisco.com.MANAGER,0] is alive. Live brokers are: [Set()], Assigned replicas are: [List(0)]
	at kafka.controller.OfflinePartitionLeaderSelector.selectLeader(PartitionLeaderSelector.scala:75)
	at kafka.controller.PartitionStateMachine.electLeaderForPartition(PartitionStateMachine.scala:357)
	at kafka.controller.PartitionStateMachine.kafka$controller$PartitionStateMachine$$handleStateChange(PartitionStateMachine.scala:206)
	at kafka.controller.PartitionStateMachine$$anonfun$triggerOnlinePartitionStateChange$3.apply(PartitionStateMachine.scala:120)
	at kafka.controller.PartitionStateMachine$$anonfun$triggerOnlinePartitionStateChange$3.apply(PartitionStateMachine.scala:117)
	at scala.collection.TraversableLike$WithFilter$$anonfun$foreach$1.apply(TraversableLike.scala:772)
	at scala.collection.mutable.HashMap$$anonfun$foreach$1.apply(HashMap.scala:98)
	at scala.collection.mutable.HashMap$$anonfun$foreach$1.apply(HashMap.scala:98)
	at scala.collection.mutable.HashTable$class.foreachEntry(HashTable.scala:226)
	at scala.collection.mutable.HashMap.foreachEntry(HashMap.scala:39)
	at scala.collection.mutable.HashMap.foreach(HashMap.scala:98)
	at scala.collection.TraversableLike$WithFilter.foreach(TraversableLike.scala:771)
	at kafka.controller.PartitionStateMachine.triggerOnlinePartitionStateChange(PartitionStateMachine.scala:117)
	at kafka.controller.PartitionStateMachine.startup(PartitionStateMachine.scala:70)
	at kafka.controller.KafkaController.onControllerFailover(KafkaController.scala:314)
	at kafka.controller.KafkaController$$anonfun$1.apply$mcV$sp(KafkaController.scala:161)
	at kafka.server.ZookeeperLeaderElector.elect(ZookeeperLeaderElector.scala:81)
	at kafka.server.ZookeeperLeaderElector$$anonfun$startup$1.apply$mcZ$sp(ZookeeperLeaderElector.scala:49)
	at kafka.server.ZookeeperLeaderElector$$anonfun$startup$1.apply(ZookeeperLeaderElector.scala:47)
	at kafka.server.ZookeeperLeaderElector$$anonfun$startup$1.apply(ZookeeperLeaderElector.scala:47)
	at kafka.utils.Utils$.inLock(Utils.scala:535)
	at kafka.server.ZookeeperLeaderElector.startup(ZookeeperLeaderElector.scala:47)
	at kafka.controller.KafkaController$$anonfun$startup$1.apply$mcV$sp(KafkaController.scala:650)
	at kafka.controller.KafkaController$$anonfun$startup$1.apply(KafkaController.scala:646)
	at kafka.controller.KafkaController$$anonfun$startup$1.apply(KafkaController.scala:646)
	at kafka.utils.Utils$.inLock(Utils.scala:535)
	at kafka.controller.KafkaController.startup(KafkaController.scala:646)
	at kafka.server.KafkaServer.startup(KafkaServer.scala:117)
	at kafka.server.KafkaServerStartable.startup(KafkaServerStartable.scala:29)
	at kafka.Kafka$.main(Kafka.scala:46)
	at kafka.Kafka.main(Kafka.scala)
[2015-10-01 01:33:18,807] TRACE Controller 0 epoch 5 started leader election for partition [us-texas-3.cloud.cisco.com.WORKER-JOBS,0] (state.change.logger)
[2015-10-01 01:33:18,825] ERROR Controller 0 epoch 5 initiated state change for partition [us-texas-3.cloud.cisco.com.WORKER-JOBS,0] from OfflinePartition to OnlinePartition failed (state.change.logger)
kafka.common.NoReplicaOnlineException: No replica for partition [us-texas-3.cloud.cisco.com.WORKER-JOBS,0] is alive. Live brokers are: [Set()], Assigned replicas are: [List(0)]
	at kafka.controller.OfflinePartitionLeaderSelector.selectLeader(PartitionLeaderSelector.scala:75)
	at kafka.controller.PartitionStateMachine.electLeaderForPartition(PartitionStateMachine.scala:357)
	at kafka.controller.PartitionStateMachine.kafka$controller$PartitionStateMachine$$handleStateChange(PartitionStateMachine.scala:206)
	at kafka.controller.PartitionStateMachine$$anonfun$triggerOnlinePartitionStateChange$3.apply(PartitionStateMachine.scala:120)
	at kafka.controller.PartitionStateMachine$$anonfun$triggerOnlinePartitionStateChange$3.apply(PartitionStateMachine.scala:117)
	at scala.collection.TraversableLike$WithFilter$$anonfun$foreach$1.apply(TraversableLike.scala:772)
	at scala.collection.mutable.HashMap$$anonfun$foreach$1.apply(HashMap.scala:98)
	at scala.collection.mutable.HashMap$$anonfun$foreach$1.apply(HashMap.scala:98)
	at scala.collection.mutable.HashTable$class.foreachEntry(HashTable.scala:226)
	at scala.collection.mutable.HashMap.foreachEntry(HashMap.scala:39)
	at scala.collection.mutable.HashMap.foreach(HashMap.scala:98)
	at scala.collection.TraversableLike$WithFilter.foreach(TraversableLike.scala:771)
	at kafka.controller.PartitionStateMachine.triggerOnlinePartitionStateChange(PartitionStateMachine.scala:117)
	at kafka.controller.PartitionStateMachine.startup(PartitionStateMachine.scala:70)
	at kafka.controller.KafkaController.onControllerFailover(KafkaController.scala:314)
	at kafka.controller.KafkaController$$anonfun$1.apply$mcV$sp(KafkaController.scala:161)
	at kafka.server.ZookeeperLeaderElector.elect(ZookeeperLeaderElector.scala:81)
	at kafka.server.ZookeeperLeaderElector$$anonfun$startup$1.apply$mcZ$sp(ZookeeperLeaderElector.scala:49)
	at kafka.server.ZookeeperLeaderElector$$anonfun$startup$1.apply(ZookeeperLeaderElector.scala:47)
	at kafka.server.ZookeeperLeaderElector$$anonfun$startup$1.apply(ZookeeperLeaderElector.scala:47)
	at kafka.utils.Utils$.inLock(Utils.scala:535)
	at kafka.server.ZookeeperLeaderElector.startup(ZookeeperLeaderElector.scala:47)
	at kafka.controller.KafkaController$$anonfun$startup$1.apply$mcV$sp(KafkaController.scala:650)
	at kafka.controller.KafkaController$$anonfun$startup$1.apply(KafkaController.scala:646)
	at kafka.controller.KafkaController$$anonfun$startup$1.apply(KafkaController.scala:646)
	at kafka.utils.Utils$.inLock(Utils.scala:535)
	at kafka.controller.KafkaController.startup(KafkaController.scala:646)
	at kafka.server.KafkaServer.startup(KafkaServer.scala:117)
	at kafka.server.KafkaServerStartable.startup(KafkaServerStartable.scala:29)
	at kafka.Kafka$.main(Kafka.scala:46)
	at kafka.Kafka.main(Kafka.scala)
[2015-10-01 01:33:18,834] TRACE Controller 0 epoch 5 started leader election for partition [us-texas-3.cloud.cisco.com.WORKER-OFFERS,0] (state.change.logger)
[2015-10-01 01:33:18,858] ERROR Controller 0 epoch 5 initiated state change for partition [us-texas-3.cloud.cisco.com.WORKER-OFFERS,0] from OfflinePartition to OnlinePartition failed (state.change.logger)
kafka.common.NoReplicaOnlineException: No replica for partition [us-texas-3.cloud.cisco.com.WORKER-OFFERS,0] is alive. Live brokers are: [Set()], Assigned replicas are: [List(0)]
	at kafka.controller.OfflinePartitionLeaderSelector.selectLeader(PartitionLeaderSelector.scala:75)
	at kafka.controller.PartitionStateMachine.electLeaderForPartition(PartitionStateMachine.scala:357)
	at kafka.controller.PartitionStateMachine.kafka$controller$PartitionStateMachine$$handleStateChange(PartitionStateMachine.scala:206)
	at kafka.controller.PartitionStateMachine$$anonfun$triggerOnlinePartitionStateChange$3.apply(PartitionStateMachine.scala:120)
	at kafka.controller.PartitionStateMachine$$anonfun$triggerOnlinePartitionStateChange$3.apply(PartitionStateMachine.scala:117)
	at scala.collection.TraversableLike$WithFilter$$anonfun$foreach$1.apply(TraversableLike.scala:772)
	at scala.collection.mutable.HashMap$$anonfun$foreach$1.apply(HashMap.scala:98)
	at scala.collection.mutable.HashMap$$anonfun$foreach$1.apply(HashMap.scala:98)
	at scala.collection.mutable.HashTable$class.foreachEntry(HashTable.scala:226)
	at scala.collection.mutable.HashMap.foreachEntry(HashMap.scala:39)
	at scala.collection.mutable.HashMap.foreach(HashMap.scala:98)
	at scala.collection.TraversableLike$WithFilter.foreach(TraversableLike.scala:771)
	at kafka.controller.PartitionStateMachine.triggerOnlinePartitionStateChange(PartitionStateMachine.scala:117)
	at kafka.controller.PartitionStateMachine.startup(PartitionStateMachine.scala:70)
	at kafka.controller.KafkaController.onControllerFailover(KafkaController.scala:314)
	at kafka.controller.KafkaController$$anonfun$1.apply$mcV$sp(KafkaController.scala:161)
	at kafka.server.ZookeeperLeaderElector.elect(ZookeeperLeaderElector.scala:81)
	at kafka.server.ZookeeperLeaderElector$$anonfun$startup$1.apply$mcZ$sp(ZookeeperLeaderElector.scala:49)
	at kafka.server.ZookeeperLeaderElector$$anonfun$startup$1.apply(ZookeeperLeaderElector.scala:47)
	at kafka.server.ZookeeperLeaderElector$$anonfun$startup$1.apply(ZookeeperLeaderElector.scala:47)
	at kafka.utils.Utils$.inLock(Utils.scala:535)
	at kafka.server.ZookeeperLeaderElector.startup(ZookeeperLeaderElector.scala:47)
	at kafka.controller.KafkaController$$anonfun$startup$1.apply$mcV$sp(KafkaController.scala:650)
	at kafka.controller.KafkaController$$anonfun$startup$1.apply(KafkaController.scala:646)
	at kafka.controller.KafkaController$$anonfun$startup$1.apply(KafkaController.scala:646)
	at kafka.utils.Utils$.inLock(Utils.scala:535)
	at kafka.controller.KafkaController.startup(KafkaController.scala:646)
	at kafka.server.KafkaServer.startup(KafkaServer.scala:117)
	at kafka.server.KafkaServerStartable.startup(KafkaServerStartable.scala:29)
	at kafka.Kafka$.main(Kafka.scala:46)
	at kafka.Kafka.main(Kafka.scala)
[2015-10-01 01:33:18,859] TRACE Controller 0 epoch 5 started leader election for partition [us-texas-3.cloud.cisco.com.WORKER,0] (state.change.logger)
[2015-10-01 01:33:18,877] ERROR Controller 0 epoch 5 initiated state change for partition [us-texas-3.cloud.cisco.com.WORKER,0] from OfflinePartition to OnlinePartition failed (state.change.logger)
kafka.common.NoReplicaOnlineException: No replica for partition [us-texas-3.cloud.cisco.com.WORKER,0] is alive. Live brokers are: [Set()], Assigned replicas are: [List(0)]
	at kafka.controller.OfflinePartitionLeaderSelector.selectLeader(PartitionLeaderSelector.scala:75)
	at kafka.controller.PartitionStateMachine.electLeaderForPartition(PartitionStateMachine.scala:357)
	at kafka.controller.PartitionStateMachine.kafka$controller$PartitionStateMachine$$handleStateChange(PartitionStateMachine.scala:206)
	at kafka.controller.PartitionStateMachine$$anonfun$triggerOnlinePartitionStateChange$3.apply(PartitionStateMachine.scala:120)
	at kafka.controller.PartitionStateMachine$$anonfun$triggerOnlinePartitionStateChange$3.apply(PartitionStateMachine.scala:117)
	at scala.collection.TraversableLike$WithFilter$$anonfun$foreach$1.apply(TraversableLike.scala:772)
	at scala.collection.mutable.HashMap$$anonfun$foreach$1.apply(HashMap.scala:98)
	at scala.collection.mutable.HashMap$$anonfun$foreach$1.apply(HashMap.scala:98)
	at scala.collection.mutable.HashTable$class.foreachEntry(HashTable.scala:226)
	at scala.collection.mutable.HashMap.foreachEntry(HashMap.scala:39)
	at scala.collection.mutable.HashMap.foreach(HashMap.scala:98)
	at scala.collection.TraversableLike$WithFilter.foreach(TraversableLike.scala:771)
	at kafka.controller.PartitionStateMachine.triggerOnlinePartitionStateChange(PartitionStateMachine.scala:117)
	at kafka.controller.PartitionStateMachine.startup(PartitionStateMachine.scala:70)
	at kafka.controller.KafkaController.onControllerFailover(KafkaController.scala:314)
	at kafka.controller.KafkaController$$anonfun$1.apply$mcV$sp(KafkaController.scala:161)
	at kafka.server.ZookeeperLeaderElector.elect(ZookeeperLeaderElector.scala:81)
	at kafka.server.ZookeeperLeaderElector$$anonfun$startup$1.apply$mcZ$sp(ZookeeperLeaderElector.scala:49)
	at kafka.server.ZookeeperLeaderElector$$anonfun$startup$1.apply(ZookeeperLeaderElector.scala:47)
	at kafka.server.ZookeeperLeaderElector$$anonfun$startup$1.apply(ZookeeperLeaderElector.scala:47)
	at kafka.utils.Utils$.inLock(Utils.scala:535)
	at kafka.server.ZookeeperLeaderElector.startup(ZookeeperLeaderElector.scala:47)
	at kafka.controller.KafkaController$$anonfun$startup$1.apply$mcV$sp(KafkaController.scala:650)
	at kafka.controller.KafkaController$$anonfun$startup$1.apply(KafkaController.scala:646)
	at kafka.controller.KafkaController$$anonfun$startup$1.apply(KafkaController.scala:646)
	at kafka.utils.Utils$.inLock(Utils.scala:535)
	at kafka.controller.KafkaController.startup(KafkaController.scala:646)
	at kafka.server.KafkaServer.startup(KafkaServer.scala:117)
	at kafka.server.KafkaServerStartable.startup(KafkaServerStartable.scala:29)
	at kafka.Kafka$.main(Kafka.scala:46)
	at kafka.Kafka.main(Kafka.scala)
[2015-10-01 01:33:19,049] TRACE Controller 0 epoch 5 sending UpdateMetadata request (Leader:-1,ISR:,LeaderEpoch:7,ControllerEpoch:4) with correlationId 3 to broker 0 for partition [us-texas-3.cloud.cisco.com.MANAGER,0] (state.change.logger)
[2015-10-01 01:33:19,049] TRACE Controller 0 epoch 5 sending UpdateMetadata request (Leader:-1,ISR:,LeaderEpoch:1,ControllerEpoch:4) with correlationId 3 to broker 0 for partition [us-texas-3.cloud.cisco.com.WORKER-JOBS,0] (state.change.logger)
[2015-10-01 01:33:19,049] TRACE Controller 0 epoch 5 sending UpdateMetadata request (Leader:-1,ISR:,LeaderEpoch:1,ControllerEpoch:4) with correlationId 3 to broker 0 for partition [us-texas-3.cloud.cisco.com.WORKER-OFFERS,0] (state.change.logger)
[2015-10-01 01:33:19,049] TRACE Controller 0 epoch 5 sending UpdateMetadata request (Leader:-1,ISR:,LeaderEpoch:1,ControllerEpoch:4) with correlationId 3 to broker 0 for partition [us-texas-3.cloud.cisco.com.WORKER.842347577,0] (state.change.logger)
[2015-10-01 01:33:19,049] TRACE Controller 0 epoch 5 sending UpdateMetadata request (Leader:-1,ISR:,LeaderEpoch:7,ControllerEpoch:4) with correlationId 3 to broker 0 for partition [us-texas-3.cloud.cisco.com.WORKER,0] (state.change.logger)
[2015-10-01 01:33:19,085] TRACE Controller 0 epoch 5 changed state of replica 0 for partition [us-texas-3.cloud.cisco.com.WORKER-OFFERS,0] from ReplicaDeletionIneligible to OnlineReplica (state.change.logger)
[2015-10-01 01:33:19,085] TRACE Controller 0 epoch 5 changed state of replica 0 for partition [us-texas-3.cloud.cisco.com.WORKER,0] from ReplicaDeletionIneligible to OnlineReplica (state.change.logger)
[2015-10-01 01:33:19,085] TRACE Controller 0 epoch 5 changed state of replica 0 for partition [us-texas-3.cloud.cisco.com.MANAGER,0] from ReplicaDeletionIneligible to OnlineReplica (state.change.logger)
[2015-10-01 01:33:19,088] TRACE Broker 0 cached leader info (LeaderAndIsrInfo:(Leader:-1,ISR:,LeaderEpoch:7,ControllerEpoch:4),ReplicationFactor:1),AllReplicas:0) for partition [us-texas-3.cloud.cisco.com.MANAGER,0] in response to UpdateMetadata request sent by controller 0 epoch 5 with correlation id 3 (state.change.logger)
[2015-10-01 01:33:19,089] TRACE Broker 0 cached leader info (LeaderAndIsrInfo:(Leader:-1,ISR:,LeaderEpoch:1,ControllerEpoch:4),ReplicationFactor:1),AllReplicas:0) for partition [us-texas-3.cloud.cisco.com.WORKER-JOBS,0] in response to UpdateMetadata request sent by controller 0 epoch 5 with correlation id 3 (state.change.logger)
[2015-10-01 01:33:19,089] TRACE Broker 0 cached leader info (LeaderAndIsrInfo:(Leader:-1,ISR:,LeaderEpoch:1,ControllerEpoch:4),ReplicationFactor:1),AllReplicas:0) for partition [us-texas-3.cloud.cisco.com.WORKER-OFFERS,0] in response to UpdateMetadata request sent by controller 0 epoch 5 with correlation id 3 (state.change.logger)
[2015-10-01 01:33:19,089] TRACE Broker 0 cached leader info (LeaderAndIsrInfo:(Leader:-1,ISR:,LeaderEpoch:1,ControllerEpoch:4),ReplicationFactor:1),AllReplicas:0) for partition [us-texas-3.cloud.cisco.com.WORKER.842347577,0] in response to UpdateMetadata request sent by controller 0 epoch 5 with correlation id 3 (state.change.logger)
[2015-10-01 01:33:19,094] TRACE Broker 0 cached leader info (LeaderAndIsrInfo:(Leader:-1,ISR:,LeaderEpoch:7,ControllerEpoch:4),ReplicationFactor:1),AllReplicas:0) for partition [us-texas-3.cloud.cisco.com.WORKER,0] in response to UpdateMetadata request sent by controller 0 epoch 5 with correlation id 3 (state.change.logger)
[2015-10-01 01:33:19,100] TRACE Controller 0 epoch 5 changed state of replica 0 for partition [us-texas-3.cloud.cisco.com.WORKER.842347577,0] from ReplicaDeletionIneligible to OnlineReplica (state.change.logger)
[2015-10-01 01:33:19,101] TRACE Controller 0 epoch 5 changed state of replica 0 for partition [us-texas-3.cloud.cisco.com.WORKER-JOBS,0] from ReplicaDeletionIneligible to OnlineReplica (state.change.logger)
[2015-10-01 01:33:19,107] TRACE Controller 0 epoch 5 sending become-follower LeaderAndIsr request (Leader:-1,ISR:,LeaderEpoch:7,ControllerEpoch:4) with correlationId 4 to broker 0 for partition [us-texas-3.cloud.cisco.com.MANAGER,0] (state.change.logger)
[2015-10-01 01:33:19,107] TRACE Controller 0 epoch 5 sending become-follower LeaderAndIsr request (Leader:-1,ISR:,LeaderEpoch:1,ControllerEpoch:4) with correlationId 4 to broker 0 for partition [us-texas-3.cloud.cisco.com.WORKER-JOBS,0] (state.change.logger)
[2015-10-01 01:33:19,107] TRACE Controller 0 epoch 5 sending become-follower LeaderAndIsr request (Leader:-1,ISR:,LeaderEpoch:1,ControllerEpoch:4) with correlationId 4 to broker 0 for partition [us-texas-3.cloud.cisco.com.WORKER-OFFERS,0] (state.change.logger)
[2015-10-01 01:33:19,107] TRACE Controller 0 epoch 5 sending become-follower LeaderAndIsr request (Leader:-1,ISR:,LeaderEpoch:1,ControllerEpoch:4) with correlationId 4 to broker 0 for partition [us-texas-3.cloud.cisco.com.WORKER.842347577,0] (state.change.logger)
[2015-10-01 01:33:19,108] TRACE Controller 0 epoch 5 sending become-follower LeaderAndIsr request (Leader:-1,ISR:,LeaderEpoch:7,ControllerEpoch:4) with correlationId 4 to broker 0 for partition [us-texas-3.cloud.cisco.com.WORKER,0] (state.change.logger)
[2015-10-01 01:33:19,108] TRACE Controller 0 epoch 5 sending UpdateMetadata request (Leader:-1,ISR:,LeaderEpoch:7,ControllerEpoch:4) with correlationId 4 to broker 0 for partition [us-texas-3.cloud.cisco.com.MANAGER,0] (state.change.logger)
[2015-10-01 01:33:19,108] TRACE Controller 0 epoch 5 sending UpdateMetadata request (Leader:-1,ISR:,LeaderEpoch:1,ControllerEpoch:4) with correlationId 4 to broker 0 for partition [us-texas-3.cloud.cisco.com.WORKER-JOBS,0] (state.change.logger)
[2015-10-01 01:33:19,108] TRACE Controller 0 epoch 5 sending UpdateMetadata request (Leader:-1,ISR:,LeaderEpoch:1,ControllerEpoch:4) with correlationId 4 to broker 0 for partition [us-texas-3.cloud.cisco.com.WORKER-OFFERS,0] (state.change.logger)
[2015-10-01 01:33:19,108] TRACE Controller 0 epoch 5 sending UpdateMetadata request (Leader:-1,ISR:,LeaderEpoch:1,ControllerEpoch:4) with correlationId 4 to broker 0 for partition [us-texas-3.cloud.cisco.com.WORKER.842347577,0] (state.change.logger)
[2015-10-01 01:33:19,109] TRACE Controller 0 epoch 5 sending UpdateMetadata request (Leader:-1,ISR:,LeaderEpoch:7,ControllerEpoch:4) with correlationId 4 to broker 0 for partition [us-texas-3.cloud.cisco.com.WORKER,0] (state.change.logger)
[2015-10-01 01:33:19,109] TRACE Controller 0 epoch 5 started leader election for partition [us-texas-3.cloud.cisco.com.WORKER.842347577,0] (state.change.logger)
[2015-10-01 01:33:19,119] TRACE Controller 0 epoch 5 received response UpdateMetadataResponse(3,0) for a request sent to broker id:0,host:johnc-VirtualBox,port:9092 (state.change.logger)
[2015-10-01 01:33:19,145] TRACE Controller 0 epoch 5 elected leader 0 for Offline partition [us-texas-3.cloud.cisco.com.WORKER.842347577,0] (state.change.logger)
[2015-10-01 01:33:19,147] TRACE Controller 0 epoch 5 changed partition [us-texas-3.cloud.cisco.com.WORKER.842347577,0] from OfflinePartition to OnlinePartition with leader 0 (state.change.logger)
[2015-10-01 01:33:19,148] TRACE Controller 0 epoch 5 started leader election for partition [us-texas-3.cloud.cisco.com.MANAGER,0] (state.change.logger)
[2015-10-01 01:33:19,162] TRACE Controller 0 epoch 5 elected leader 0 for Offline partition [us-texas-3.cloud.cisco.com.MANAGER,0] (state.change.logger)
[2015-10-01 01:33:19,163] TRACE Controller 0 epoch 5 changed partition [us-texas-3.cloud.cisco.com.MANAGER,0] from OfflinePartition to OnlinePartition with leader 0 (state.change.logger)
[2015-10-01 01:33:19,163] TRACE Controller 0 epoch 5 started leader election for partition [us-texas-3.cloud.cisco.com.WORKER-JOBS,0] (state.change.logger)
[2015-10-01 01:33:19,181] TRACE Controller 0 epoch 5 elected leader 0 for Offline partition [us-texas-3.cloud.cisco.com.WORKER-JOBS,0] (state.change.logger)
[2015-10-01 01:33:19,183] TRACE Controller 0 epoch 5 changed partition [us-texas-3.cloud.cisco.com.WORKER-JOBS,0] from OfflinePartition to OnlinePartition with leader 0 (state.change.logger)
[2015-10-01 01:33:19,183] TRACE Controller 0 epoch 5 started leader election for partition [us-texas-3.cloud.cisco.com.WORKER-OFFERS,0] (state.change.logger)
[2015-10-01 01:33:19,196] TRACE Controller 0 epoch 5 elected leader 0 for Offline partition [us-texas-3.cloud.cisco.com.WORKER-OFFERS,0] (state.change.logger)
[2015-10-01 01:33:19,197] TRACE Controller 0 epoch 5 changed partition [us-texas-3.cloud.cisco.com.WORKER-OFFERS,0] from OfflinePartition to OnlinePartition with leader 0 (state.change.logger)
[2015-10-01 01:33:19,197] TRACE Controller 0 epoch 5 started leader election for partition [us-texas-3.cloud.cisco.com.WORKER,0] (state.change.logger)
[2015-10-01 01:33:19,223] TRACE Controller 0 epoch 5 elected leader 0 for Offline partition [us-texas-3.cloud.cisco.com.WORKER,0] (state.change.logger)
[2015-10-01 01:33:19,226] TRACE Controller 0 epoch 5 changed partition [us-texas-3.cloud.cisco.com.WORKER,0] from OfflinePartition to OnlinePartition with leader 0 (state.change.logger)
[2015-10-01 01:33:19,226] TRACE Controller 0 epoch 5 sending become-leader LeaderAndIsr request (Leader:0,ISR:0,LeaderEpoch:8,ControllerEpoch:5) with correlationId 5 to broker 0 for partition [us-texas-3.cloud.cisco.com.MANAGER,0] (state.change.logger)
[2015-10-01 01:33:19,230] TRACE Controller 0 epoch 5 sending become-leader LeaderAndIsr request (Leader:0,ISR:0,LeaderEpoch:2,ControllerEpoch:5) with correlationId 5 to broker 0 for partition [us-texas-3.cloud.cisco.com.WORKER-JOBS,0] (state.change.logger)
[2015-10-01 01:33:19,230] TRACE Controller 0 epoch 5 sending become-leader LeaderAndIsr request (Leader:0,ISR:0,LeaderEpoch:2,ControllerEpoch:5) with correlationId 5 to broker 0 for partition [us-texas-3.cloud.cisco.com.WORKER-OFFERS,0] (state.change.logger)
[2015-10-01 01:33:19,230] TRACE Controller 0 epoch 5 sending become-leader LeaderAndIsr request (Leader:0,ISR:0,LeaderEpoch:2,ControllerEpoch:5) with correlationId 5 to broker 0 for partition [us-texas-3.cloud.cisco.com.WORKER.842347577,0] (state.change.logger)
[2015-10-01 01:33:19,230] TRACE Controller 0 epoch 5 sending become-leader LeaderAndIsr request (Leader:0,ISR:0,LeaderEpoch:8,ControllerEpoch:5) with correlationId 5 to broker 0 for partition [us-texas-3.cloud.cisco.com.WORKER,0] (state.change.logger)
[2015-10-01 01:33:19,231] TRACE Controller 0 epoch 5 sending UpdateMetadata request (Leader:0,ISR:0,LeaderEpoch:8,ControllerEpoch:5) with correlationId 5 to broker 0 for partition [us-texas-3.cloud.cisco.com.MANAGER,0] (state.change.logger)
[2015-10-01 01:33:19,231] TRACE Controller 0 epoch 5 sending UpdateMetadata request (Leader:0,ISR:0,LeaderEpoch:2,ControllerEpoch:5) with correlationId 5 to broker 0 for partition [us-texas-3.cloud.cisco.com.WORKER-JOBS,0] (state.change.logger)
[2015-10-01 01:33:19,231] TRACE Controller 0 epoch 5 sending UpdateMetadata request (Leader:0,ISR:0,LeaderEpoch:2,ControllerEpoch:5) with correlationId 5 to broker 0 for partition [us-texas-3.cloud.cisco.com.WORKER-OFFERS,0] (state.change.logger)
[2015-10-01 01:33:19,231] TRACE Controller 0 epoch 5 sending UpdateMetadata request (Leader:0,ISR:0,LeaderEpoch:2,ControllerEpoch:5) with correlationId 5 to broker 0 for partition [us-texas-3.cloud.cisco.com.WORKER.842347577,0] (state.change.logger)
[2015-10-01 01:33:19,231] TRACE Controller 0 epoch 5 sending UpdateMetadata request (Leader:0,ISR:0,LeaderEpoch:8,ControllerEpoch:5) with correlationId 5 to broker 0 for partition [us-texas-3.cloud.cisco.com.WORKER,0] (state.change.logger)
[2015-10-01 01:33:19,238] TRACE Broker 0 received LeaderAndIsr request (LeaderAndIsrInfo:(Leader:-1,ISR:,LeaderEpoch:7,ControllerEpoch:4),ReplicationFactor:1),AllReplicas:0) correlation id 4 from controller 0 epoch 5 for partition [us-texas-3.cloud.cisco.com.MANAGER,0] (state.change.logger)
[2015-10-01 01:33:19,239] TRACE Broker 0 received LeaderAndIsr request (LeaderAndIsrInfo:(Leader:-1,ISR:,LeaderEpoch:1,ControllerEpoch:4),ReplicationFactor:1),AllReplicas:0) correlation id 4 from controller 0 epoch 5 for partition [us-texas-3.cloud.cisco.com.WORKER-JOBS,0] (state.change.logger)
[2015-10-01 01:33:19,239] TRACE Broker 0 received LeaderAndIsr request (LeaderAndIsrInfo:(Leader:-1,ISR:,LeaderEpoch:1,ControllerEpoch:4),ReplicationFactor:1),AllReplicas:0) correlation id 4 from controller 0 epoch 5 for partition [us-texas-3.cloud.cisco.com.WORKER-OFFERS,0] (state.change.logger)
[2015-10-01 01:33:19,239] TRACE Broker 0 received LeaderAndIsr request (LeaderAndIsrInfo:(Leader:-1,ISR:,LeaderEpoch:1,ControllerEpoch:4),ReplicationFactor:1),AllReplicas:0) correlation id 4 from controller 0 epoch 5 for partition [us-texas-3.cloud.cisco.com.WORKER.842347577,0] (state.change.logger)
[2015-10-01 01:33:19,239] TRACE Broker 0 received LeaderAndIsr request (LeaderAndIsrInfo:(Leader:-1,ISR:,LeaderEpoch:7,ControllerEpoch:4),ReplicationFactor:1),AllReplicas:0) correlation id 4 from controller 0 epoch 5 for partition [us-texas-3.cloud.cisco.com.WORKER,0] (state.change.logger)
[2015-10-01 01:33:19,245] TRACE Broker 0 handling LeaderAndIsr request correlationId 4 from controller 0 epoch 5 starting the become-follower transition for partition [us-texas-3.cloud.cisco.com.WORKER-OFFERS,0] (state.change.logger)
[2015-10-01 01:33:19,245] TRACE Broker 0 handling LeaderAndIsr request correlationId 4 from controller 0 epoch 5 starting the become-follower transition for partition [us-texas-3.cloud.cisco.com.WORKER,0] (state.change.logger)
[2015-10-01 01:33:19,245] TRACE Broker 0 handling LeaderAndIsr request correlationId 4 from controller 0 epoch 5 starting the become-follower transition for partition [us-texas-3.cloud.cisco.com.MANAGER,0] (state.change.logger)
[2015-10-01 01:33:19,245] TRACE Broker 0 handling LeaderAndIsr request correlationId 4 from controller 0 epoch 5 starting the become-follower transition for partition [us-texas-3.cloud.cisco.com.WORKER-JOBS,0] (state.change.logger)
[2015-10-01 01:33:19,245] TRACE Broker 0 handling LeaderAndIsr request correlationId 4 from controller 0 epoch 5 starting the become-follower transition for partition [us-texas-3.cloud.cisco.com.WORKER.842347577,0] (state.change.logger)
[2015-10-01 01:33:19,257] ERROR Broker 0 received LeaderAndIsrRequest with correlation id 4 from controller 0 epoch 4 for partition [us-texas-3.cloud.cisco.com.WORKER-OFFERS,0] but cannot become follower since the new leader -1 is unavailable. (state.change.logger)
[2015-10-01 01:33:19,295] ERROR Broker 0 received LeaderAndIsrRequest with correlation id 4 from controller 0 epoch 4 for partition [us-texas-3.cloud.cisco.com.WORKER,0] but cannot become follower since the new leader -1 is unavailable. (state.change.logger)
[2015-10-01 01:33:19,299] ERROR Broker 0 received LeaderAndIsrRequest with correlation id 4 from controller 0 epoch 4 for partition [us-texas-3.cloud.cisco.com.MANAGER,0] but cannot become follower since the new leader -1 is unavailable. (state.change.logger)
[2015-10-01 01:33:19,303] ERROR Broker 0 received LeaderAndIsrRequest with correlation id 4 from controller 0 epoch 4 for partition [us-texas-3.cloud.cisco.com.WORKER-JOBS,0] but cannot become follower since the new leader -1 is unavailable. (state.change.logger)
[2015-10-01 01:33:19,311] ERROR Broker 0 received LeaderAndIsrRequest with correlation id 4 from controller 0 epoch 4 for partition [us-texas-3.cloud.cisco.com.WORKER.842347577,0] but cannot become follower since the new leader -1 is unavailable. (state.change.logger)
[2015-10-01 01:33:19,325] TRACE Broker 0 completed LeaderAndIsr request correlationId 4 from controller 0 epoch 5 for the become-follower transition for partition [us-texas-3.cloud.cisco.com.WORKER-OFFERS,0] (state.change.logger)
[2015-10-01 01:33:19,325] TRACE Broker 0 completed LeaderAndIsr request correlationId 4 from controller 0 epoch 5 for the become-follower transition for partition [us-texas-3.cloud.cisco.com.WORKER,0] (state.change.logger)
[2015-10-01 01:33:19,325] TRACE Broker 0 completed LeaderAndIsr request correlationId 4 from controller 0 epoch 5 for the become-follower transition for partition [us-texas-3.cloud.cisco.com.MANAGER,0] (state.change.logger)
[2015-10-01 01:33:19,325] TRACE Broker 0 completed LeaderAndIsr request correlationId 4 from controller 0 epoch 5 for the become-follower transition for partition [us-texas-3.cloud.cisco.com.WORKER-JOBS,0] (state.change.logger)
[2015-10-01 01:33:19,326] TRACE Broker 0 completed LeaderAndIsr request correlationId 4 from controller 0 epoch 5 for the become-follower transition for partition [us-texas-3.cloud.cisco.com.WORKER.842347577,0] (state.change.logger)
[2015-10-01 01:33:19,340] TRACE Controller 0 epoch 5 received response LeaderAndIsrResponse(4,Map((us-texas-3.cloud.cisco.com.WORKER.842347577,0) -> 0, (us-texas-3.cloud.cisco.com.MANAGER,0) -> 0, (us-texas-3.cloud.cisco.com.WORKER-JOBS,0) -> 0, (us-texas-3.cloud.cisco.com.WORKER-OFFERS,0) -> 0, (us-texas-3.cloud.cisco.com.WORKER,0) -> 0),0) for a request sent to broker id:0,host:johnc-VirtualBox,port:9092 (state.change.logger)
[2015-10-01 01:33:19,341] TRACE Broker 0 cached leader info (LeaderAndIsrInfo:(Leader:-1,ISR:,LeaderEpoch:7,ControllerEpoch:4),ReplicationFactor:1),AllReplicas:0) for partition [us-texas-3.cloud.cisco.com.MANAGER,0] in response to UpdateMetadata request sent by controller 0 epoch 5 with correlation id 4 (state.change.logger)
[2015-10-01 01:33:19,341] TRACE Broker 0 cached leader info (LeaderAndIsrInfo:(Leader:-1,ISR:,LeaderEpoch:1,ControllerEpoch:4),ReplicationFactor:1),AllReplicas:0) for partition [us-texas-3.cloud.cisco.com.WORKER-JOBS,0] in response to UpdateMetadata request sent by controller 0 epoch 5 with correlation id 4 (state.change.logger)
[2015-10-01 01:33:19,341] TRACE Broker 0 cached leader info (LeaderAndIsrInfo:(Leader:-1,ISR:,LeaderEpoch:1,ControllerEpoch:4),ReplicationFactor:1),AllReplicas:0) for partition [us-texas-3.cloud.cisco.com.WORKER-OFFERS,0] in response to UpdateMetadata request sent by controller 0 epoch 5 with correlation id 4 (state.change.logger)
[2015-10-01 01:33:19,342] TRACE Broker 0 cached leader info (LeaderAndIsrInfo:(Leader:-1,ISR:,LeaderEpoch:1,ControllerEpoch:4),ReplicationFactor:1),AllReplicas:0) for partition [us-texas-3.cloud.cisco.com.WORKER.842347577,0] in response to UpdateMetadata request sent by controller 0 epoch 5 with correlation id 4 (state.change.logger)
[2015-10-01 01:33:19,342] TRACE Broker 0 cached leader info (LeaderAndIsrInfo:(Leader:-1,ISR:,LeaderEpoch:7,ControllerEpoch:4),ReplicationFactor:1),AllReplicas:0) for partition [us-texas-3.cloud.cisco.com.WORKER,0] in response to UpdateMetadata request sent by controller 0 epoch 5 with correlation id 4 (state.change.logger)
[2015-10-01 01:33:19,346] TRACE Controller 0 epoch 5 received response UpdateMetadataResponse(4,0) for a request sent to broker id:0,host:johnc-VirtualBox,port:9092 (state.change.logger)
[2015-10-01 01:33:19,352] TRACE Broker 0 received LeaderAndIsr request (LeaderAndIsrInfo:(Leader:0,ISR:0,LeaderEpoch:8,ControllerEpoch:5),ReplicationFactor:1),AllReplicas:0) correlation id 5 from controller 0 epoch 5 for partition [us-texas-3.cloud.cisco.com.MANAGER,0] (state.change.logger)
[2015-10-01 01:33:19,352] TRACE Broker 0 received LeaderAndIsr request (LeaderAndIsrInfo:(Leader:0,ISR:0,LeaderEpoch:2,ControllerEpoch:5),ReplicationFactor:1),AllReplicas:0) correlation id 5 from controller 0 epoch 5 for partition [us-texas-3.cloud.cisco.com.WORKER-JOBS,0] (state.change.logger)
[2015-10-01 01:33:19,353] TRACE Broker 0 received LeaderAndIsr request (LeaderAndIsrInfo:(Leader:0,ISR:0,LeaderEpoch:2,ControllerEpoch:5),ReplicationFactor:1),AllReplicas:0) correlation id 5 from controller 0 epoch 5 for partition [us-texas-3.cloud.cisco.com.WORKER-OFFERS,0] (state.change.logger)
[2015-10-01 01:33:19,353] TRACE Broker 0 received LeaderAndIsr request (LeaderAndIsrInfo:(Leader:0,ISR:0,LeaderEpoch:2,ControllerEpoch:5),ReplicationFactor:1),AllReplicas:0) correlation id 5 from controller 0 epoch 5 for partition [us-texas-3.cloud.cisco.com.WORKER.842347577,0] (state.change.logger)
[2015-10-01 01:33:19,353] TRACE Broker 0 received LeaderAndIsr request (LeaderAndIsrInfo:(Leader:0,ISR:0,LeaderEpoch:8,ControllerEpoch:5),ReplicationFactor:1),AllReplicas:0) correlation id 5 from controller 0 epoch 5 for partition [us-texas-3.cloud.cisco.com.WORKER,0] (state.change.logger)
[2015-10-01 01:33:19,355] TRACE Broker 0 handling LeaderAndIsr request correlationId 5 from controller 0 epoch 5 starting the become-leader transition for partition [us-texas-3.cloud.cisco.com.WORKER-OFFERS,0] (state.change.logger)
[2015-10-01 01:33:19,355] TRACE Broker 0 handling LeaderAndIsr request correlationId 5 from controller 0 epoch 5 starting the become-leader transition for partition [us-texas-3.cloud.cisco.com.WORKER,0] (state.change.logger)
[2015-10-01 01:33:19,355] TRACE Broker 0 handling LeaderAndIsr request correlationId 5 from controller 0 epoch 5 starting the become-leader transition for partition [us-texas-3.cloud.cisco.com.MANAGER,0] (state.change.logger)
[2015-10-01 01:33:19,355] TRACE Broker 0 handling LeaderAndIsr request correlationId 5 from controller 0 epoch 5 starting the become-leader transition for partition [us-texas-3.cloud.cisco.com.WORKER-JOBS,0] (state.change.logger)
[2015-10-01 01:33:19,355] TRACE Broker 0 handling LeaderAndIsr request correlationId 5 from controller 0 epoch 5 starting the become-leader transition for partition [us-texas-3.cloud.cisco.com.WORKER.842347577,0] (state.change.logger)
[2015-10-01 01:33:19,357] TRACE Broker 0 stopped fetchers as part of become-leader request from controller 0 epoch 5 with correlation id 5 for partition [us-texas-3.cloud.cisco.com.WORKER-OFFERS,0] (state.change.logger)
[2015-10-01 01:33:19,357] TRACE Broker 0 stopped fetchers as part of become-leader request from controller 0 epoch 5 with correlation id 5 for partition [us-texas-3.cloud.cisco.com.WORKER,0] (state.change.logger)
[2015-10-01 01:33:19,357] TRACE Broker 0 stopped fetchers as part of become-leader request from controller 0 epoch 5 with correlation id 5 for partition [us-texas-3.cloud.cisco.com.MANAGER,0] (state.change.logger)
[2015-10-01 01:33:19,364] TRACE Broker 0 stopped fetchers as part of become-leader request from controller 0 epoch 5 with correlation id 5 for partition [us-texas-3.cloud.cisco.com.WORKER-JOBS,0] (state.change.logger)
[2015-10-01 01:33:19,364] TRACE Broker 0 stopped fetchers as part of become-leader request from controller 0 epoch 5 with correlation id 5 for partition [us-texas-3.cloud.cisco.com.WORKER.842347577,0] (state.change.logger)
[2015-10-01 01:33:19,374] TRACE Broker 0 completed LeaderAndIsr request correlationId 5 from controller 0 epoch 5 for the become-leader transition for partition [us-texas-3.cloud.cisco.com.WORKER-OFFERS,0] (state.change.logger)
[2015-10-01 01:33:19,374] TRACE Broker 0 completed LeaderAndIsr request correlationId 5 from controller 0 epoch 5 for the become-leader transition for partition [us-texas-3.cloud.cisco.com.WORKER,0] (state.change.logger)
[2015-10-01 01:33:19,374] TRACE Broker 0 completed LeaderAndIsr request correlationId 5 from controller 0 epoch 5 for the become-leader transition for partition [us-texas-3.cloud.cisco.com.MANAGER,0] (state.change.logger)
[2015-10-01 01:33:19,374] TRACE Broker 0 completed LeaderAndIsr request correlationId 5 from controller 0 epoch 5 for the become-leader transition for partition [us-texas-3.cloud.cisco.com.WORKER-JOBS,0] (state.change.logger)
[2015-10-01 01:33:19,374] TRACE Broker 0 completed LeaderAndIsr request correlationId 5 from controller 0 epoch 5 for the become-leader transition for partition [us-texas-3.cloud.cisco.com.WORKER.842347577,0] (state.change.logger)
[2015-10-01 01:33:19,375] TRACE Controller 0 epoch 5 received response LeaderAndIsrResponse(5,Map((us-texas-3.cloud.cisco.com.WORKER.842347577,0) -> 0, (us-texas-3.cloud.cisco.com.MANAGER,0) -> 0, (us-texas-3.cloud.cisco.com.WORKER-JOBS,0) -> 0, (us-texas-3.cloud.cisco.com.WORKER-OFFERS,0) -> 0, (us-texas-3.cloud.cisco.com.WORKER,0) -> 0),0) for a request sent to broker id:0,host:johnc-VirtualBox,port:9092 (state.change.logger)
[2015-10-01 01:33:19,376] TRACE Broker 0 cached leader info (LeaderAndIsrInfo:(Leader:0,ISR:0,LeaderEpoch:8,ControllerEpoch:5),ReplicationFactor:1),AllReplicas:0) for partition [us-texas-3.cloud.cisco.com.MANAGER,0] in response to UpdateMetadata request sent by controller 0 epoch 5 with correlation id 5 (state.change.logger)
[2015-10-01 01:33:19,376] TRACE Broker 0 cached leader info (LeaderAndIsrInfo:(Leader:0,ISR:0,LeaderEpoch:2,ControllerEpoch:5),ReplicationFactor:1),AllReplicas:0) for partition [us-texas-3.cloud.cisco.com.WORKER-JOBS,0] in response to UpdateMetadata request sent by controller 0 epoch 5 with correlation id 5 (state.change.logger)
[2015-10-01 01:33:19,377] TRACE Broker 0 cached leader info (LeaderAndIsrInfo:(Leader:0,ISR:0,LeaderEpoch:2,ControllerEpoch:5),ReplicationFactor:1),AllReplicas:0) for partition [us-texas-3.cloud.cisco.com.WORKER-OFFERS,0] in response to UpdateMetadata request sent by controller 0 epoch 5 with correlation id 5 (state.change.logger)
[2015-10-01 01:33:19,377] TRACE Broker 0 cached leader info (LeaderAndIsrInfo:(Leader:0,ISR:0,LeaderEpoch:2,ControllerEpoch:5),ReplicationFactor:1),AllReplicas:0) for partition [us-texas-3.cloud.cisco.com.WORKER.842347577,0] in response to UpdateMetadata request sent by controller 0 epoch 5 with correlation id 5 (state.change.logger)
[2015-10-01 01:33:19,378] TRACE Broker 0 cached leader info (LeaderAndIsrInfo:(Leader:0,ISR:0,LeaderEpoch:8,ControllerEpoch:5),ReplicationFactor:1),AllReplicas:0) for partition [us-texas-3.cloud.cisco.com.WORKER,0] in response to UpdateMetadata request sent by controller 0 epoch 5 with correlation id 5 (state.change.logger)
[2015-10-01 01:33:19,378] TRACE Controller 0 epoch 5 received response UpdateMetadataResponse(5,0) for a request sent to broker id:0,host:johnc-VirtualBox,port:9092 (state.change.logger)
[2015-10-01 01:33:52,060] TRACE Controller 0 epoch 5 changed partition [us-texas-3.cloud.cisco.com.WORKER.1714447670,0] state from NonExistentPartition to NewPartition with assigned replicas 0 (state.change.logger)
[2015-10-01 01:33:52,066] TRACE Controller 0 epoch 5 changed state of replica 0 for partition [us-texas-3.cloud.cisco.com.WORKER.1714447670,0] from NonExistentReplica to NewReplica (state.change.logger)
[2015-10-01 01:33:52,092] TRACE Controller 0 epoch 5 changed partition [us-texas-3.cloud.cisco.com.WORKER.1714447670,0] from NewPartition to OnlinePartition with leader 0 (state.change.logger)
[2015-10-01 01:33:52,093] TRACE Controller 0 epoch 5 sending become-leader LeaderAndIsr request (Leader:0,ISR:0,LeaderEpoch:0,ControllerEpoch:5) with correlationId 8 to broker 0 for partition [us-texas-3.cloud.cisco.com.WORKER.1714447670,0] (state.change.logger)
[2015-10-01 01:33:52,093] TRACE Broker 0 received LeaderAndIsr request (LeaderAndIsrInfo:(Leader:0,ISR:0,LeaderEpoch:0,ControllerEpoch:5),ReplicationFactor:1),AllReplicas:0) correlation id 8 from controller 0 epoch 5 for partition [us-texas-3.cloud.cisco.com.WORKER.1714447670,0] (state.change.logger)
[2015-10-01 01:33:52,094] TRACE Broker 0 handling LeaderAndIsr request correlationId 8 from controller 0 epoch 5 starting the become-leader transition for partition [us-texas-3.cloud.cisco.com.WORKER.1714447670,0] (state.change.logger)
[2015-10-01 01:33:52,094] TRACE Broker 0 stopped fetchers as part of become-leader request from controller 0 epoch 5 with correlation id 8 for partition [us-texas-3.cloud.cisco.com.WORKER.1714447670,0] (state.change.logger)
[2015-10-01 01:33:52,105] TRACE Controller 0 epoch 5 sending UpdateMetadata request (Leader:0,ISR:0,LeaderEpoch:0,ControllerEpoch:5) with correlationId 8 to broker 0 for partition [us-texas-3.cloud.cisco.com.WORKER.1714447670,0] (state.change.logger)
[2015-10-01 01:33:52,106] TRACE Controller 0 epoch 5 changed state of replica 0 for partition [us-texas-3.cloud.cisco.com.WORKER.1714447670,0] from NewReplica to OnlineReplica (state.change.logger)
[2015-10-01 01:33:52,119] TRACE Broker 0 completed LeaderAndIsr request correlationId 8 from controller 0 epoch 5 for the become-leader transition for partition [us-texas-3.cloud.cisco.com.WORKER.1714447670,0] (state.change.logger)
[2015-10-01 01:33:52,120] TRACE Controller 0 epoch 5 received response LeaderAndIsrResponse(8,Map((us-texas-3.cloud.cisco.com.WORKER.1714447670,0) -> 0),0) for a request sent to broker id:0,host:johnc-VirtualBox,port:9092 (state.change.logger)
[2015-10-01 01:33:52,120] TRACE Broker 0 cached leader info (LeaderAndIsrInfo:(Leader:0,ISR:0,LeaderEpoch:0,ControllerEpoch:5),ReplicationFactor:1),AllReplicas:0) for partition [us-texas-3.cloud.cisco.com.WORKER.1714447670,0] in response to UpdateMetadata request sent by controller 0 epoch 5 with correlation id 8 (state.change.logger)
[2015-10-01 01:33:52,121] TRACE Controller 0 epoch 5 received response UpdateMetadataResponse(8,0) for a request sent to broker id:0,host:johnc-VirtualBox,port:9092 (state.change.logger)
[2015-10-01 01:35:07,616] TRACE Controller 0 epoch 5 changed partition [us-texas-3.cloud.cisco.com.WORKER.862347569,0] state from NonExistentPartition to NewPartition with assigned replicas 0 (state.change.logger)
[2015-10-01 01:35:07,626] TRACE Controller 0 epoch 5 changed state of replica 0 for partition [us-texas-3.cloud.cisco.com.WORKER.862347569,0] from NonExistentReplica to NewReplica (state.change.logger)
[2015-10-01 01:35:07,640] TRACE Controller 0 epoch 5 changed partition [us-texas-3.cloud.cisco.com.WORKER.862347569,0] from NewPartition to OnlinePartition with leader 0 (state.change.logger)
[2015-10-01 01:35:07,640] TRACE Controller 0 epoch 5 sending become-leader LeaderAndIsr request (Leader:0,ISR:0,LeaderEpoch:0,ControllerEpoch:5) with correlationId 12 to broker 0 for partition [us-texas-3.cloud.cisco.com.WORKER.862347569,0] (state.change.logger)
[2015-10-01 01:35:07,641] TRACE Broker 0 received LeaderAndIsr request (LeaderAndIsrInfo:(Leader:0,ISR:0,LeaderEpoch:0,ControllerEpoch:5),ReplicationFactor:1),AllReplicas:0) correlation id 12 from controller 0 epoch 5 for partition [us-texas-3.cloud.cisco.com.WORKER.862347569,0] (state.change.logger)
[2015-10-01 01:35:07,642] TRACE Broker 0 handling LeaderAndIsr request correlationId 12 from controller 0 epoch 5 starting the become-leader transition for partition [us-texas-3.cloud.cisco.com.WORKER.862347569,0] (state.change.logger)
[2015-10-01 01:35:07,642] TRACE Broker 0 stopped fetchers as part of become-leader request from controller 0 epoch 5 with correlation id 12 for partition [us-texas-3.cloud.cisco.com.WORKER.862347569,0] (state.change.logger)
[2015-10-01 01:35:07,648] TRACE Controller 0 epoch 5 sending UpdateMetadata request (Leader:0,ISR:0,LeaderEpoch:0,ControllerEpoch:5) with correlationId 12 to broker 0 for partition [us-texas-3.cloud.cisco.com.WORKER.862347569,0] (state.change.logger)
[2015-10-01 01:35:07,649] TRACE Controller 0 epoch 5 changed state of replica 0 for partition [us-texas-3.cloud.cisco.com.WORKER.862347569,0] from NewReplica to OnlineReplica (state.change.logger)
[2015-10-01 01:35:07,652] TRACE Broker 0 completed LeaderAndIsr request correlationId 12 from controller 0 epoch 5 for the become-leader transition for partition [us-texas-3.cloud.cisco.com.WORKER.862347569,0] (state.change.logger)
[2015-10-01 01:35:07,658] TRACE Controller 0 epoch 5 received response LeaderAndIsrResponse(12,Map((us-texas-3.cloud.cisco.com.WORKER.862347569,0) -> 0),0) for a request sent to broker id:0,host:johnc-VirtualBox,port:9092 (state.change.logger)
[2015-10-01 01:35:07,658] TRACE Broker 0 cached leader info (LeaderAndIsrInfo:(Leader:0,ISR:0,LeaderEpoch:0,ControllerEpoch:5),ReplicationFactor:1),AllReplicas:0) for partition [us-texas-3.cloud.cisco.com.WORKER.862347569,0] in response to UpdateMetadata request sent by controller 0 epoch 5 with correlation id 12 (state.change.logger)
[2015-10-01 01:35:07,659] TRACE Controller 0 epoch 5 received response UpdateMetadataResponse(12,0) for a request sent to broker id:0,host:johnc-VirtualBox,port:9092 (state.change.logger)
[2015-10-01 01:38:13,671] TRACE Controller 0 epoch 5 changed partition [us-texas-3.cloud.cisco.com.WORKER.1647862837,0] state from NonExistentPartition to NewPartition with assigned replicas 0 (state.change.logger)
[2015-10-01 01:38:13,675] TRACE Controller 0 epoch 5 changed state of replica 0 for partition [us-texas-3.cloud.cisco.com.WORKER.1647862837,0] from NonExistentReplica to NewReplica (state.change.logger)
[2015-10-01 01:38:13,693] TRACE Controller 0 epoch 5 changed partition [us-texas-3.cloud.cisco.com.WORKER.1647862837,0] from NewPartition to OnlinePartition with leader 0 (state.change.logger)
[2015-10-01 01:38:13,694] TRACE Controller 0 epoch 5 sending become-leader LeaderAndIsr request (Leader:0,ISR:0,LeaderEpoch:0,ControllerEpoch:5) with correlationId 16 to broker 0 for partition [us-texas-3.cloud.cisco.com.WORKER.1647862837,0] (state.change.logger)
[2015-10-01 01:38:13,694] TRACE Broker 0 received LeaderAndIsr request (LeaderAndIsrInfo:(Leader:0,ISR:0,LeaderEpoch:0,ControllerEpoch:5),ReplicationFactor:1),AllReplicas:0) correlation id 16 from controller 0 epoch 5 for partition [us-texas-3.cloud.cisco.com.WORKER.1647862837,0] (state.change.logger)
[2015-10-01 01:38:13,695] TRACE Broker 0 handling LeaderAndIsr request correlationId 16 from controller 0 epoch 5 starting the become-leader transition for partition [us-texas-3.cloud.cisco.com.WORKER.1647862837,0] (state.change.logger)
[2015-10-01 01:38:13,695] TRACE Broker 0 stopped fetchers as part of become-leader request from controller 0 epoch 5 with correlation id 16 for partition [us-texas-3.cloud.cisco.com.WORKER.1647862837,0] (state.change.logger)
[2015-10-01 01:38:13,706] TRACE Controller 0 epoch 5 sending UpdateMetadata request (Leader:0,ISR:0,LeaderEpoch:0,ControllerEpoch:5) with correlationId 16 to broker 0 for partition [us-texas-3.cloud.cisco.com.WORKER.1647862837,0] (state.change.logger)
[2015-10-01 01:38:13,706] TRACE Controller 0 epoch 5 changed state of replica 0 for partition [us-texas-3.cloud.cisco.com.WORKER.1647862837,0] from NewReplica to OnlineReplica (state.change.logger)
[2015-10-01 01:38:13,707] TRACE Broker 0 completed LeaderAndIsr request correlationId 16 from controller 0 epoch 5 for the become-leader transition for partition [us-texas-3.cloud.cisco.com.WORKER.1647862837,0] (state.change.logger)
[2015-10-01 01:38:13,707] TRACE Controller 0 epoch 5 received response LeaderAndIsrResponse(16,Map((us-texas-3.cloud.cisco.com.WORKER.1647862837,0) -> 0),0) for a request sent to broker id:0,host:johnc-VirtualBox,port:9092 (state.change.logger)
[2015-10-01 01:38:13,708] TRACE Broker 0 cached leader info (LeaderAndIsrInfo:(Leader:0,ISR:0,LeaderEpoch:0,ControllerEpoch:5),ReplicationFactor:1),AllReplicas:0) for partition [us-texas-3.cloud.cisco.com.WORKER.1647862837,0] in response to UpdateMetadata request sent by controller 0 epoch 5 with correlation id 16 (state.change.logger)
[2015-10-01 01:38:13,709] TRACE Controller 0 epoch 5 received response UpdateMetadataResponse(16,0) for a request sent to broker id:0,host:johnc-VirtualBox,port:9092 (state.change.logger)
[2015-10-01 01:53:53,600] TRACE Controller 0 epoch 5 changed partition [us-texas-3.cloud.cisco.com.WORKER.1680946019,0] state from NonExistentPartition to NewPartition with assigned replicas 0 (state.change.logger)
[2015-10-01 01:53:53,604] TRACE Controller 0 epoch 5 changed state of replica 0 for partition [us-texas-3.cloud.cisco.com.WORKER.1680946019,0] from NonExistentReplica to NewReplica (state.change.logger)
[2015-10-01 01:53:53,625] TRACE Controller 0 epoch 5 changed partition [us-texas-3.cloud.cisco.com.WORKER.1680946019,0] from NewPartition to OnlinePartition with leader 0 (state.change.logger)
[2015-10-01 01:53:53,626] TRACE Controller 0 epoch 5 sending become-leader LeaderAndIsr request (Leader:0,ISR:0,LeaderEpoch:0,ControllerEpoch:5) with correlationId 20 to broker 0 for partition [us-texas-3.cloud.cisco.com.WORKER.1680946019,0] (state.change.logger)
[2015-10-01 01:53:53,638] TRACE Controller 0 epoch 5 sending UpdateMetadata request (Leader:0,ISR:0,LeaderEpoch:0,ControllerEpoch:5) with correlationId 20 to broker 0 for partition [us-texas-3.cloud.cisco.com.WORKER.1680946019,0] (state.change.logger)
[2015-10-01 01:53:53,638] TRACE Controller 0 epoch 5 changed state of replica 0 for partition [us-texas-3.cloud.cisco.com.WORKER.1680946019,0] from NewReplica to OnlineReplica (state.change.logger)
[2015-10-01 01:53:53,940] TRACE Broker 0 received LeaderAndIsr request (LeaderAndIsrInfo:(Leader:0,ISR:0,LeaderEpoch:0,ControllerEpoch:5),ReplicationFactor:1),AllReplicas:0) correlation id 20 from controller 0 epoch 5 for partition [us-texas-3.cloud.cisco.com.WORKER.1680946019,0] (state.change.logger)
[2015-10-01 01:53:53,941] TRACE Broker 0 handling LeaderAndIsr request correlationId 20 from controller 0 epoch 5 starting the become-leader transition for partition [us-texas-3.cloud.cisco.com.WORKER.1680946019,0] (state.change.logger)
[2015-10-01 01:53:53,941] TRACE Broker 0 stopped fetchers as part of become-leader request from controller 0 epoch 5 with correlation id 20 for partition [us-texas-3.cloud.cisco.com.WORKER.1680946019,0] (state.change.logger)
[2015-10-01 01:53:53,945] TRACE Broker 0 completed LeaderAndIsr request correlationId 20 from controller 0 epoch 5 for the become-leader transition for partition [us-texas-3.cloud.cisco.com.WORKER.1680946019,0] (state.change.logger)
[2015-10-01 01:53:53,946] TRACE Controller 0 epoch 5 received response LeaderAndIsrResponse(20,Map((us-texas-3.cloud.cisco.com.WORKER.1680946019,0) -> 0),0) for a request sent to broker id:0,host:johnc-VirtualBox,port:9092 (state.change.logger)
[2015-10-01 01:53:53,946] TRACE Broker 0 cached leader info (LeaderAndIsrInfo:(Leader:0,ISR:0,LeaderEpoch:0,ControllerEpoch:5),ReplicationFactor:1),AllReplicas:0) for partition [us-texas-3.cloud.cisco.com.WORKER.1680946019,0] in response to UpdateMetadata request sent by controller 0 epoch 5 with correlation id 20 (state.change.logger)
[2015-10-01 01:53:53,946] TRACE Controller 0 epoch 5 received response UpdateMetadataResponse(20,0) for a request sent to broker id:0,host:johnc-VirtualBox,port:9092 (state.change.logger)
[2015-10-01 01:58:09,759] TRACE Controller 0 epoch 5 changed partition [us-texas-3.cloud.cisco.com.WORKER.1647522401,0] state from NonExistentPartition to NewPartition with assigned replicas 0 (state.change.logger)
[2015-10-01 01:58:09,760] TRACE Controller 0 epoch 5 changed state of replica 0 for partition [us-texas-3.cloud.cisco.com.WORKER.1647522401,0] from NonExistentReplica to NewReplica (state.change.logger)
[2015-10-01 01:58:09,788] TRACE Controller 0 epoch 5 changed partition [us-texas-3.cloud.cisco.com.WORKER.1647522401,0] from NewPartition to OnlinePartition with leader 0 (state.change.logger)
[2015-10-01 01:58:09,788] TRACE Controller 0 epoch 5 sending become-leader LeaderAndIsr request (Leader:0,ISR:0,LeaderEpoch:0,ControllerEpoch:5) with correlationId 24 to broker 0 for partition [us-texas-3.cloud.cisco.com.WORKER.1647522401,0] (state.change.logger)
[2015-10-01 01:58:09,789] TRACE Broker 0 received LeaderAndIsr request (LeaderAndIsrInfo:(Leader:0,ISR:0,LeaderEpoch:0,ControllerEpoch:5),ReplicationFactor:1),AllReplicas:0) correlation id 24 from controller 0 epoch 5 for partition [us-texas-3.cloud.cisco.com.WORKER.1647522401,0] (state.change.logger)
[2015-10-01 01:58:09,789] TRACE Broker 0 handling LeaderAndIsr request correlationId 24 from controller 0 epoch 5 starting the become-leader transition for partition [us-texas-3.cloud.cisco.com.WORKER.1647522401,0] (state.change.logger)
[2015-10-01 01:58:09,790] TRACE Broker 0 stopped fetchers as part of become-leader request from controller 0 epoch 5 with correlation id 24 for partition [us-texas-3.cloud.cisco.com.WORKER.1647522401,0] (state.change.logger)
[2015-10-01 01:58:09,796] TRACE Controller 0 epoch 5 sending UpdateMetadata request (Leader:0,ISR:0,LeaderEpoch:0,ControllerEpoch:5) with correlationId 24 to broker 0 for partition [us-texas-3.cloud.cisco.com.WORKER.1647522401,0] (state.change.logger)
[2015-10-01 01:58:09,796] TRACE Controller 0 epoch 5 changed state of replica 0 for partition [us-texas-3.cloud.cisco.com.WORKER.1647522401,0] from NewReplica to OnlineReplica (state.change.logger)
[2015-10-01 01:58:09,798] TRACE Broker 0 completed LeaderAndIsr request correlationId 24 from controller 0 epoch 5 for the become-leader transition for partition [us-texas-3.cloud.cisco.com.WORKER.1647522401,0] (state.change.logger)
[2015-10-01 01:58:09,798] TRACE Controller 0 epoch 5 received response LeaderAndIsrResponse(24,Map((us-texas-3.cloud.cisco.com.WORKER.1647522401,0) -> 0),0) for a request sent to broker id:0,host:johnc-VirtualBox,port:9092 (state.change.logger)
[2015-10-01 01:58:09,799] TRACE Broker 0 cached leader info (LeaderAndIsrInfo:(Leader:0,ISR:0,LeaderEpoch:0,ControllerEpoch:5),ReplicationFactor:1),AllReplicas:0) for partition [us-texas-3.cloud.cisco.com.WORKER.1647522401,0] in response to UpdateMetadata request sent by controller 0 epoch 5 with correlation id 24 (state.change.logger)
[2015-10-01 01:58:09,799] TRACE Controller 0 epoch 5 received response UpdateMetadataResponse(24,0) for a request sent to broker id:0,host:johnc-VirtualBox,port:9092 (state.change.logger)
